[32404:27292:0401/195152.072:WARNING:chrome_main_delegate.cc(745)] This is Chrome version 128.0.6613.138 (not a warning)
[32404:27292:0401/195152.221:WARNING:account_consistency_mode_manager.cc(77)] Desktop Identity Consistency cannot be enabled as no OAuth client ID and client secret have been configured.
[32404:27292:0401/195159.783:ERROR:device_event_log_impl.cc(196)] [19:51:58.751] USB: usb_service_win.cc:105 SetupDiGetDeviceProperty({{A45C254E-DF1C-4EFD-8020-67D146A850E0}, 6}) failed: Element not found. (0x490)
[32676:30376:0401/195201.589:WARNING:frame_impl.cc(430)] virtual CefFrameImpl::SendProcessMessage sent to detached frame 5-D9F9A828106FBF3416D11D8024694A53 will be ignored
[32404:27292:0401/195243.724:ERROR:device_event_log_impl.cc(196)] [19:52:43.480] USB: usb_service_win.cc:105 SetupDiGetDeviceProperty({{A45C254E-DF1C-4EFD-8020-67D146A850E0}, 6}) failed: Element not found. (0x490)
[32404:27292:0401/195243.725:ERROR:usb_descriptors.cc(146)] Failed to read length for configuration 0.
[32404:27292:0401/195243.725:ERROR:usb_descriptors.cc(105)] Failed to read all configuration descriptors. Expected 1, got 0.
[32404:27292:0401/195243.725:ERROR:device_event_log_impl.cc(196)] [19:52:43.724] USB: usb_device_win.cc:95 Failed to read descriptors from \\?\usb#vid_054c&pid_0ce6#6&28cf390b&0&7#{a5dcbf10-6530-11d2-901f-00c04fb951ed}.
[32404:27292:0401/195244.387:ERROR:usb_descriptors.cc(166)] Device descriptor parsing error.
[32404:27292:0401/195244.674:ERROR:device_event_log_impl.cc(196)] [19:52:44.419] USB: usb_service_win.cc:105 SetupDiGetDeviceProperty({{A45C254E-DF1C-4EFD-8020-67D146A850E0}, 6}) failed: Element not found. (0x490)
[32404:27292:0401/195244.674:ERROR:usb_descriptors.cc(122)] Failed to read configuration descriptor.
[32404:27292:0401/195244.674:ERROR:usb_descriptors.cc(105)] Failed to read all configuration descriptors. Expected 1, got 0.
[32404:27292:0401/195244.674:ERROR:device_event_log_impl.cc(196)] [19:52:44.674] USB: usb_device_win.cc:95 Failed to read descriptors from \\?\usb#vid_054c&pid_0ce6#6&28cf390b&0&7#{a5dcbf10-6530-11d2-901f-00c04fb951ed}.
[32404:27292:0401/195245.046:ERROR:device_event_log_impl.cc(196)] [19:52:44.924] USB: usb_service_win.cc:105 SetupDiGetDeviceProperty({{A45C254E-DF1C-4EFD-8020-67D146A850E0}, 6}) failed: Element not found. (0x490)
[32404:27292:0401/195245.046:ERROR:usb_descriptors.cc(166)] Device descriptor parsing error.
[32404:27292:0401/195245.047:ERROR:device_event_log_impl.cc(196)] [19:52:45.047] USB: usb_device_win.cc:95 Failed to read descriptors from \\?\usb#vid_054c&pid_0ce6#6&28cf390b&0&7#{a5dcbf10-6530-11d2-901f-00c04fb951ed}.
[32404:27292:0401/195245.715:ERROR:device_event_log_impl.cc(196)] [19:52:45.601] USB: usb_service_win.cc:105 SetupDiGetDeviceProperty({{A45C254E-DF1C-4EFD-8020-67D146A850E0}, 6}) failed: Element not found. (0x490)
[32404:27292:0401/195245.715:ERROR:usb_descriptors.cc(166)] Device descriptor parsing error.
[32404:27292:0401/195245.715:ERROR:device_event_log_impl.cc(196)] [19:52:45.715] USB: usb_device_win.cc:95 Failed to read descriptors from \\?\usb#vid_054c&pid_0ce6#6&28cf390b&0&7#{a5dcbf10-6530-11d2-901f-00c04fb951ed}.
[32404:27292:0401/195246.008:ERROR:device_event_log_impl.cc(196)] [19:52:45.983] USB: usb_service_win.cc:105 SetupDiGetDeviceProperty({{A45C254E-DF1C-4EFD-8020-67D146A850E0}, 6}) failed: Element not found. (0x490)
[32404:27292:0401/195251.008:ERROR:device_event_log_impl.cc(196)] [19:52:50.774] USB: usb_service_win.cc:105 SetupDiGetDeviceProperty({{A45C254E-DF1C-4EFD-8020-67D146A850E0}, 6}) failed: Element not found. (0x490)
[32404:27292:0401/195259.011:ERROR:device_event_log_impl.cc(196)] [19:52:58.741] USB: usb_service_win.cc:105 SetupDiGetDeviceProperty({{A45C254E-DF1C-4EFD-8020-67D146A850E0}, 6}) failed: Element not found. (0x490)
[32404:27292:0401/195302.386:ERROR:device_event_log_impl.cc(196)] [19:53:02.276] USB: usb_service_win.cc:105 SetupDiGetDeviceProperty({{A45C254E-DF1C-4EFD-8020-67D146A850E0}, 6}) failed: Element not found. (0x490)
[32404:27292:0401/195302.386:ERROR:usb_descriptors.cc(122)] Failed to read configuration descriptor.
[32404:27292:0401/195302.386:ERROR:usb_descriptors.cc(105)] Failed to read all configuration descriptors. Expected 1, got 0.
[32404:27292:0401/195302.386:ERROR:device_event_log_impl.cc(196)] [19:53:02.386] USB: usb_device_win.cc:95 Failed to read descriptors from \\?\usb#vid_054c&pid_0ce6#6&28cf390b&0&7#{a5dcbf10-6530-11d2-901f-00c04fb951ed}.
[32404:27292:0401/195302.386:ERROR:usb_descriptors.cc(166)] Device descriptor parsing error.
[32404:27292:0401/195302.707:ERROR:device_event_log_impl.cc(196)] [19:53:02.680] USB: usb_service_win.cc:105 SetupDiGetDeviceProperty({{A45C254E-DF1C-4EFD-8020-67D146A850E0}, 6}) failed: Element not found. (0x490)
[32404:27292:0401/195325.682:ERROR:device_event_log_impl.cc(196)] [19:53:25.654] USB: usb_service_win.cc:105 SetupDiGetDeviceProperty({{A45C254E-DF1C-4EFD-8020-67D146A850E0}, 6}) failed: Element not found. (0x490)
[32404:27292:0401/195326.674:ERROR:device_event_log_impl.cc(196)] [19:53:26.648] USB: usb_service_win.cc:105 SetupDiGetDeviceProperty({{A45C254E-DF1C-4EFD-8020-67D146A850E0}, 6}) failed: Element not found. (0x490)
[32404:27292:0401/195331.864:ERROR:device_event_log_impl.cc(196)] [19:53:31.382] USB: usb_service_win.cc:105 SetupDiGetDeviceProperty({{A45C254E-DF1C-4EFD-8020-67D146A850E0}, 6}) failed: Element not found. (0x490)
[32404:27292:0401/195331.864:ERROR:device_event_log_impl.cc(196)] [19:53:31.864] USB: usb_service_win.cc:705 Got duplicate add event for path: \\?\usb#vid_054c&pid_0ce6#6&28cf390b&0&7#{a5dcbf10-6530-11d2-901f-00c04fb951ed}
[32404:27292:0401/195331.864:ERROR:device_event_log_impl.cc(196)] [19:53:31.542] USB: usb_service_win.cc:105 SetupDiGetDeviceProperty({{A45C254E-DF1C-4EFD-8020-67D146A850E0}, 6}) failed: Element not found. (0x490)
[32404:27292:0401/195349.509:WARNING:pref_notifier_impl.cc(41)] Pref observer for media_router.cast_allow_all_ips found at shutdown.
