[22780:29104:0408/122607.185:WARNING:chrome_main_delegate.cc(745)] This is Chrome version 128.0.6613.138 (not a warning)
[22780:29104:0408/122608.181:WARNING:account_consistency_mode_manager.cc(77)] Desktop Identity Consistency cannot be enabled as no OAuth client ID and client secret have been configured.
[39924:36212:0408/122629.206:WARNING:frame_impl.cc(430)] virtual CefFrameImpl::SendProcessMessage sent to detached frame 5-37D2A75B935BFF922AA3C2DDB2B2526E will be ignored
[22780:29104:0408/122630.530:ERROR:device_event_log_impl.cc(196)] [12:26:29.877] USB: usb_service_win.cc:105 SetupDiGetDeviceProperty({{A45C254E-DF1C-4EFD-8020-67D146A850E0}, 6}) failed: Element not found. (0x490)
[22780:9176:0408/122632.203:WARNING:browser_info.cc(345)] Returning a speculative frame for [9,9]
[22780:29104:0408/122632.866:WARNING:browser_info.cc(345)] Returning a speculative frame for [10,9]
[22780:29104:0408/122632.866:WARNING:browser_info.cc(345)] Returning a speculative frame for [10,9]
[22780:29104:0408/122632.866:WARNING:browser_info.cc(345)] Returning a speculative frame for [10,9]
[22780:29104:0408/122632.866:WARNING:browser_info.cc(345)] Returning a speculative frame for [10,9]
[22780:9176:0408/122632.868:WARNING:browser_info.cc(345)] Returning a speculative frame for [10,9]
[22780:29104:0408/122641.866:ERROR:device_event_log_impl.cc(196)] [12:26:41.827] USB: usb_service_win.cc:105 SetupDiGetDeviceProperty({{A45C254E-DF1C-4EFD-8020-67D146A850E0}, 6}) failed: Element not found. (0x490)
[22780:29104:0408/122646.202:ERROR:device_event_log_impl.cc(196)] [12:26:46.070] USB: usb_service_win.cc:105 SetupDiGetDeviceProperty({{A45C254E-DF1C-4EFD-8020-67D146A850E0}, 6}) failed: Element not found. (0x490)
[22780:29104:0408/122736.211:ERROR:device_event_log_impl.cc(196)] [12:27:36.097] USB: usb_service_win.cc:105 SetupDiGetDeviceProperty({{A45C254E-DF1C-4EFD-8020-67D146A850E0}, 6}) failed: Element not found. (0x490)
[5380:38080:0408/122846.543:ERROR:shared_image_manager.cc(224)] SharedImageManager::ProduceSkia: Trying to Produce a Skia representation from a non-existent mailbox.
[5380:38080:0408/122846.543:ERROR:shared_image_manager.cc(224)] SharedImageManager::ProduceSkia: Trying to Produce a Skia representation from a non-existent mailbox.
[22780:29104:0408/123054.540:ERROR:device_event_log_impl.cc(196)] [12:30:54.420] USB: usb_service_win.cc:105 SetupDiGetDeviceProperty({{A45C254E-DF1C-4EFD-8020-67D146A850E0}, 6}) failed: Element not found. (0x490)
[22780:29104:0408/123218.873:ERROR:device_event_log_impl.cc(196)] [12:32:18.846] USB: usb_service_win.cc:105 SetupDiGetDeviceProperty({{A45C254E-DF1C-4EFD-8020-67D146A850E0}, 6}) failed: Element not found. (0x490)
[22780:29104:0408/123241.542:ERROR:device_event_log_impl.cc(196)] [12:32:41.474] USB: usb_service_win.cc:105 SetupDiGetDeviceProperty({{A45C254E-DF1C-4EFD-8020-67D146A850E0}, 6}) failed: Element not found. (0x490)
[22780:29104:0408/123301.544:ERROR:device_event_log_impl.cc(196)] [12:33:01.495] USB: usb_service_win.cc:105 SetupDiGetDeviceProperty({{A45C254E-DF1C-4EFD-8020-67D146A850E0}, 6}) failed: Element not found. (0x490)
[22780:29104:0408/124444.559:ERROR:device_event_log_impl.cc(196)] [12:44:44.508] USB: usb_service_win.cc:105 SetupDiGetDeviceProperty({{A45C254E-DF1C-4EFD-8020-67D146A850E0}, 6}) failed: Element not found. (0x490)
[22780:29104:0408/141234.087:ERROR:device_event_log_impl.cc(196)] [14:12:34.070] USB: usb_service_win.cc:105 SetupDiGetDeviceProperty({{A45C254E-DF1C-4EFD-8020-67D146A850E0}, 6}) failed: Element not found. (0x490)
[22780:29104:0408/141234.284:ERROR:device_event_log_impl.cc(196)] [14:12:34.277] USB: usb_service_win.cc:105 SetupDiGetDeviceProperty({{A45C254E-DF1C-4EFD-8020-67D146A850E0}, 6}) failed: Element not found. (0x490)
[22780:29104:0408/144804.199:WARNING:pref_notifier_impl.cc(41)] Pref observer for media_router.cast_allow_all_ips found at shutdown.
