[30248:29596:0401/194025.799:WARNING:chrome_main_delegate.cc(745)] This is Chrome version 128.0.6613.138 (not a warning)
[30248:29596:0401/194025.851:WARNING:account_consistency_mode_manager.cc(77)] Desktop Identity Consistency cannot be enabled as no OAuth client ID and client secret have been configured.
[30248:29596:0401/194033.325:ERROR:device_event_log_impl.cc(196)] [19:40:32.190] USB: usb_service_win.cc:105 SetupDiGetDeviceProperty({{A45C254E-DF1C-4EFD-8020-67D146A850E0}, 6}) failed: Element not found. (0x490)
[25176:22368:0401/194035.407:WARNING:frame_impl.cc(430)] virtual CefFrameImpl::SendProcessMessage sent to detached frame 5-EC0FE0BA5A27297531558F9AD7F0721F will be ignored
[30248:29596:0401/194036.168:ERROR:device_event_log_impl.cc(196)] [19:40:36.166] USB: usb_service_win.cc:105 SetupDiGetDeviceProperty({{A45C254E-DF1C-4EFD-8020-67D146A850E0}, 6}) failed: Element not found. (0x490)
[30248:29596:0401/194036.511:ERROR:device_event_log_impl.cc(196)] [19:40:36.395] USB: usb_service_win.cc:105 SetupDiGetDeviceProperty({{A45C254E-DF1C-4EFD-8020-67D146A850E0}, 6}) failed: Element not found. (0x490)
[30248:29596:0401/194038.528:ERROR:usb_descriptors.cc(166)] Device descriptor parsing error.
[30248:29596:0401/194038.528:ERROR:device_event_log_impl.cc(196)] [19:40:38.528] USB: usb_device_win.cc:95 Failed to read descriptors from \\?\usb#vid_054c&pid_0ce6#6&28cf390b&0&7#{a5dcbf10-6530-11d2-901f-00c04fb951ed}.
[30248:29596:0401/194041.197:ERROR:device_event_log_impl.cc(196)] [19:40:40.915] USB: usb_service_win.cc:105 SetupDiGetDeviceProperty({{A45C254E-DF1C-4EFD-8020-67D146A850E0}, 6}) failed: Element not found. (0x490)
[30248:29596:0401/194101.110:ERROR:device_event_log_impl.cc(196)] [19:41:01.086] USB: usb_service_win.cc:105 SetupDiGetDeviceProperty({{A45C254E-DF1C-4EFD-8020-67D146A850E0}, 6}) failed: Element not found. (0x490)
[30248:29596:0401/194112.271:ERROR:device_event_log_impl.cc(196)] [19:41:12.255] USB: usb_service_win.cc:105 SetupDiGetDeviceProperty({{A45C254E-DF1C-4EFD-8020-67D146A850E0}, 6}) failed: Element not found. (0x490)
[30248:29596:0401/194120.468:ERROR:device_event_log_impl.cc(196)] [19:41:20.452] USB: usb_service_win.cc:105 SetupDiGetDeviceProperty({{A45C254E-DF1C-4EFD-8020-67D146A850E0}, 6}) failed: Element not found. (0x490)
[30248:29596:0401/194132.842:ERROR:device_event_log_impl.cc(196)] [19:41:32.739] USB: usb_service_win.cc:105 SetupDiGetDeviceProperty({{A45C254E-DF1C-4EFD-8020-67D146A850E0}, 6}) failed: Element not found. (0x490)
[30248:29596:0401/194237.999:ERROR:device_event_log_impl.cc(196)] [19:42:37.983] USB: usb_service_win.cc:105 SetupDiGetDeviceProperty({{A45C254E-DF1C-4EFD-8020-67D146A850E0}, 6}) failed: Element not found. (0x490)
[30248:29596:0401/194241.776:ERROR:device_event_log_impl.cc(196)] [19:42:41.760] USB: usb_service_win.cc:105 SetupDiGetDeviceProperty({{A45C254E-DF1C-4EFD-8020-67D146A850E0}, 6}) failed: Element not found. (0x490)
[30248:29596:0401/194242.423:ERROR:device_event_log_impl.cc(196)] [19:42:42.401] USB: usb_service_win.cc:105 SetupDiGetDeviceProperty({{A45C254E-DF1C-4EFD-8020-67D146A850E0}, 6}) failed: Element not found. (0x490)
[30248:29596:0401/194246.504:ERROR:device_event_log_impl.cc(196)] [19:42:46.488] USB: usb_service_win.cc:105 SetupDiGetDeviceProperty({{A45C254E-DF1C-4EFD-8020-67D146A850E0}, 6}) failed: Element not found. (0x490)
[30248:29596:0401/194247.247:ERROR:device_event_log_impl.cc(196)] [19:42:47.231] USB: usb_service_win.cc:105 SetupDiGetDeviceProperty({{A45C254E-DF1C-4EFD-8020-67D146A850E0}, 6}) failed: Element not found. (0x490)
[30248:29596:0401/194248.351:ERROR:device_event_log_impl.cc(196)] [19:42:48.313] USB: usb_service_win.cc:105 SetupDiGetDeviceProperty({{A45C254E-DF1C-4EFD-8020-67D146A850E0}, 6}) failed: Element not found. (0x490)
[30248:29596:0401/194250.656:ERROR:device_event_log_impl.cc(196)] [19:42:50.626] USB: usb_service_win.cc:105 SetupDiGetDeviceProperty({{A45C254E-DF1C-4EFD-8020-67D146A850E0}, 6}) failed: Element not found. (0x490)
[30248:29596:0401/194252.621:ERROR:device_event_log_impl.cc(196)] [19:42:52.608] USB: usb_service_win.cc:105 SetupDiGetDeviceProperty({{A45C254E-DF1C-4EFD-8020-67D146A850E0}, 6}) failed: Element not found. (0x490)
[30248:29596:0401/194438.819:ERROR:usb_descriptors.cc(166)] Device descriptor parsing error.
[30248:29596:0401/194438.819:ERROR:device_event_log_impl.cc(196)] [19:44:38.820] USB: usb_device_win.cc:95 Failed to read descriptors from \\?\usb#vid_054c&pid_0ce6#6&28cf390b&0&7#{a5dcbf10-6530-11d2-901f-00c04fb951ed}.
[30248:29596:0401/194439.206:ERROR:device_event_log_impl.cc(196)] [19:44:39.071] USB: usb_service_win.cc:105 SetupDiGetDeviceProperty({{A45C254E-DF1C-4EFD-8020-67D146A850E0}, 6}) failed: Element not found. (0x490)
[30248:29596:0401/194439.207:ERROR:usb_descriptors.cc(146)] Failed to read length for configuration 0.
[30248:29596:0401/194439.207:ERROR:usb_descriptors.cc(105)] Failed to read all configuration descriptors. Expected 1, got 0.
[30248:29596:0401/194439.208:ERROR:device_event_log_impl.cc(196)] [19:44:39.208] USB: usb_device_win.cc:95 Failed to read descriptors from \\?\usb#vid_054c&pid_0ce6#6&28cf390b&0&7#{a5dcbf10-6530-11d2-901f-00c04fb951ed}.
[30248:29596:0401/194439.208:ERROR:usb_descriptors.cc(166)] Device descriptor parsing error.
[30248:29596:0401/194439.819:ERROR:device_event_log_impl.cc(196)] [19:44:39.538] USB: usb_service_win.cc:105 SetupDiGetDeviceProperty({{A45C254E-DF1C-4EFD-8020-67D146A850E0}, 6}) failed: Element not found. (0x490)
[30248:29596:0401/194444.169:ERROR:device_event_log_impl.cc(196)] [19:44:44.039] USB: usb_service_win.cc:105 SetupDiGetDeviceProperty({{A45C254E-DF1C-4EFD-8020-67D146A850E0}, 6}) failed: Element not found. (0x490)
[30248:29596:0401/194447.834:ERROR:device_event_log_impl.cc(196)] [19:44:47.773] USB: usb_service_win.cc:105 SetupDiGetDeviceProperty({{A45C254E-DF1C-4EFD-8020-67D146A850E0}, 6}) failed: Element not found. (0x490)
[30248:29596:0401/194448.837:ERROR:usb_descriptors.cc(122)] Failed to read configuration descriptor.
[30248:29596:0401/194448.837:ERROR:usb_descriptors.cc(105)] Failed to read all configuration descriptors. Expected 1, got 0.
[30248:29596:0401/194448.837:ERROR:device_event_log_impl.cc(196)] [19:44:48.838] USB: usb_device_win.cc:95 Failed to read descriptors from \\?\usb#vid_054c&pid_0ce6#6&28cf390b&0&7#{a5dcbf10-6530-11d2-901f-00c04fb951ed}.
[30248:29596:0401/194448.838:ERROR:usb_descriptors.cc(146)] Failed to read length for configuration 0.
[30248:29596:0401/194448.838:ERROR:usb_descriptors.cc(105)] Failed to read all configuration descriptors. Expected 1, got 0.
[30248:29596:0401/194448.838:ERROR:device_event_log_impl.cc(196)] [19:44:48.838] USB: usb_device_win.cc:95 Failed to read descriptors from \\?\usb#vid_054c&pid_0ce6#6&28cf390b&0&7#{a5dcbf10-6530-11d2-901f-00c04fb951ed}.
[30248:29596:0401/194449.515:ERROR:device_event_log_impl.cc(196)] [19:44:49.295] USB: usb_service_win.cc:105 SetupDiGetDeviceProperty({{A45C254E-DF1C-4EFD-8020-67D146A850E0}, 6}) failed: Element not found. (0x490)
[30248:29596:0401/194449.515:ERROR:usb_descriptors.cc(146)] Failed to read length for configuration 0.
[30248:29596:0401/194449.515:ERROR:usb_descriptors.cc(105)] Failed to read all configuration descriptors. Expected 1, got 0.
[30248:29596:0401/194449.515:ERROR:device_event_log_impl.cc(196)] [19:44:49.516] USB: usb_device_win.cc:95 Failed to read descriptors from \\?\usb#vid_054c&pid_0ce6#6&28cf390b&0&7#{a5dcbf10-6530-11d2-901f-00c04fb951ed}.
[30248:29596:0401/194449.871:ERROR:device_event_log_impl.cc(196)] [19:44:49.837] USB: usb_service_win.cc:105 SetupDiGetDeviceProperty({{A45C254E-DF1C-4EFD-8020-67D146A850E0}, 6}) failed: Element not found. (0x490)
[30248:29596:0401/194451.511:ERROR:usb_descriptors.cc(166)] Device descriptor parsing error.
[30248:29596:0401/194451.511:ERROR:device_event_log_impl.cc(196)] [19:44:51.511] USB: usb_device_win.cc:95 Failed to read descriptors from \\?\usb#vid_054c&pid_0ce6#6&28cf390b&0&7#{a5dcbf10-6530-11d2-901f-00c04fb951ed}.
[30248:29596:0401/194452.177:ERROR:device_event_log_impl.cc(196)] [19:44:52.138] USB: usb_service_win.cc:105 SetupDiGetDeviceProperty({{A45C254E-DF1C-4EFD-8020-67D146A850E0}, 6}) failed: Element not found. (0x490)
[30248:29596:0401/194504.838:ERROR:device_event_log_impl.cc(196)] [19:45:04.570] USB: usb_service_win.cc:105 SetupDiGetDeviceProperty({{A45C254E-DF1C-4EFD-8020-67D146A850E0}, 6}) failed: Element not found. (0x490)
[30248:29596:0401/194505.897:ERROR:device_event_log_impl.cc(196)] [19:45:05.691] USB: usb_service_win.cc:105 SetupDiGetDeviceProperty({{A45C254E-DF1C-4EFD-8020-67D146A850E0}, 6}) failed: Element not found. (0x490)
[30248:29596:0401/194505.898:ERROR:usb_descriptors.cc(146)] Failed to read length for configuration 0.
[30248:29596:0401/194505.898:ERROR:usb_descriptors.cc(105)] Failed to read all configuration descriptors. Expected 1, got 0.
[30248:29596:0401/194505.898:ERROR:device_event_log_impl.cc(196)] [19:45:05.898] USB: usb_device_win.cc:95 Failed to read descriptors from \\?\usb#vid_054c&pid_0ce6#6&28cf390b&0&7#{a5dcbf10-6530-11d2-901f-00c04fb951ed}.
[30248:29596:0401/194506.853:ERROR:usb_descriptors.cc(166)] Device descriptor parsing error.
[30248:29596:0401/194506.853:ERROR:device_event_log_impl.cc(196)] [19:45:06.775] USB: usb_service_win.cc:105 SetupDiGetDeviceProperty({{A45C254E-DF1C-4EFD-8020-67D146A850E0}, 6}) failed: Element not found. (0x490)
[30248:29596:0401/194507.533:ERROR:usb_descriptors.cc(122)] Failed to read configuration descriptor.
[30248:29596:0401/194507.533:ERROR:usb_descriptors.cc(105)] Failed to read all configuration descriptors. Expected 1, got 0.
[30248:29596:0401/194507.533:ERROR:device_event_log_impl.cc(196)] [19:45:07.533] USB: usb_device_win.cc:95 Failed to read descriptors from \\?\usb#vid_054c&pid_0ce6#6&28cf390b&0&7#{a5dcbf10-6530-11d2-901f-00c04fb951ed}.
[30248:29596:0401/194508.230:ERROR:device_event_log_impl.cc(196)] [19:45:07.963] USB: usb_service_win.cc:105 SetupDiGetDeviceProperty({{A45C254E-DF1C-4EFD-8020-67D146A850E0}, 6}) failed: Element not found. (0x490)
[30248:29596:0401/194508.230:ERROR:usb_descriptors.cc(146)] Failed to read length for configuration 0.
[30248:29596:0401/194508.230:ERROR:usb_descriptors.cc(105)] Failed to read all configuration descriptors. Expected 1, got 0.
[30248:29596:0401/194508.231:ERROR:device_event_log_impl.cc(196)] [19:45:08.231] USB: usb_device_win.cc:95 Failed to read descriptors from \\?\usb#vid_054c&pid_0ce6#6&28cf390b&0&7#{a5dcbf10-6530-11d2-901f-00c04fb951ed}.
[30248:29596:0401/194509.182:ERROR:usb_descriptors.cc(166)] Device descriptor parsing error.
[30248:29596:0401/194510.183:ERROR:usb_descriptors.cc(166)] Device descriptor parsing error.
[30248:29596:0401/194510.183:ERROR:device_event_log_impl.cc(196)] [19:45:10.183] USB: usb_device_win.cc:95 Failed to read descriptors from \\?\usb#vid_054c&pid_0ce6#6&28cf390b&0&7#{a5dcbf10-6530-11d2-901f-00c04fb951ed}.
[30248:29596:0401/194510.183:ERROR:device_event_log_impl.cc(196)] [19:45:09.937] USB: usb_service_win.cc:105 SetupDiGetDeviceProperty({{A45C254E-DF1C-4EFD-8020-67D146A850E0}, 6}) failed: Element not found. (0x490)
[30248:29596:0401/194510.854:ERROR:device_event_log_impl.cc(196)] [19:45:10.731] USB: usb_service_win.cc:105 SetupDiGetDeviceProperty({{A45C254E-DF1C-4EFD-8020-67D146A850E0}, 6}) failed: Element not found. (0x490)
[30248:29596:0401/194511.541:ERROR:usb_descriptors.cc(122)] Failed to read configuration descriptor.
[30248:29596:0401/194511.541:ERROR:usb_descriptors.cc(105)] Failed to read all configuration descriptors. Expected 1, got 0.
[30248:29596:0401/194511.541:ERROR:device_event_log_impl.cc(196)] [19:45:11.541] USB: usb_device_win.cc:95 Failed to read descriptors from \\?\usb#vid_054c&pid_0ce6#6&28cf390b&0&7#{a5dcbf10-6530-11d2-901f-00c04fb951ed}.
[30248:29596:0401/194511.905:ERROR:device_event_log_impl.cc(196)] [19:45:11.859] USB: usb_service_win.cc:105 SetupDiGetDeviceProperty({{A45C254E-DF1C-4EFD-8020-67D146A850E0}, 6}) failed: Element not found. (0x490)
[30248:29596:0401/194511.905:ERROR:usb_descriptors.cc(166)] Device descriptor parsing error.
[30248:29596:0401/194511.905:ERROR:device_event_log_impl.cc(196)] [19:45:11.905] USB: usb_device_win.cc:95 Failed to read descriptors from \\?\usb#vid_054c&pid_0ce6#6&28cf390b&0&7#{a5dcbf10-6530-11d2-901f-00c04fb951ed}.
[30248:29596:0401/194512.225:ERROR:usb_descriptors.cc(166)] Device descriptor parsing error.
[30248:29596:0401/194512.225:ERROR:device_event_log_impl.cc(196)] [19:45:12.226] USB: usb_device_win.cc:95 Failed to read descriptors from \\?\usb#vid_054c&pid_0ce6#6&28cf390b&0&7#{a5dcbf10-6530-11d2-901f-00c04fb951ed}.
[30248:29596:0401/194513.236:ERROR:device_event_log_impl.cc(196)] [19:45:12.967] USB: usb_service_win.cc:105 SetupDiGetDeviceProperty({{A45C254E-DF1C-4EFD-8020-67D146A850E0}, 6}) failed: Element not found. (0x490)
[30248:29596:0401/194513.236:ERROR:usb_descriptors.cc(146)] Failed to read length for configuration 0.
[30248:29596:0401/194513.236:ERROR:usb_descriptors.cc(105)] Failed to read all configuration descriptors. Expected 1, got 0.
[30248:29596:0401/194513.236:ERROR:device_event_log_impl.cc(196)] [19:45:13.236] USB: usb_device_win.cc:95 Failed to read descriptors from \\?\usb#vid_054c&pid_0ce6#6&28cf390b&0&7#{a5dcbf10-6530-11d2-901f-00c04fb951ed}.
[30248:29596:0401/194514.203:ERROR:usb_descriptors.cc(166)] Device descriptor parsing error.
[30248:29596:0401/194518.577:ERROR:device_event_log_impl.cc(196)] [19:45:18.330] USB: usb_service_win.cc:105 SetupDiGetDeviceProperty({{A45C254E-DF1C-4EFD-8020-67D146A850E0}, 6}) failed: Element not found. (0x490)
[30248:29596:0401/194518.577:ERROR:usb_descriptors.cc(146)] Failed to read length for configuration 0.
[30248:29596:0401/194518.577:ERROR:usb_descriptors.cc(105)] Failed to read all configuration descriptors. Expected 1, got 0.
[30248:29596:0401/194518.577:ERROR:device_event_log_impl.cc(196)] [19:45:18.577] USB: usb_device_win.cc:95 Failed to read descriptors from \\?\usb#vid_054c&pid_0ce6#6&28cf390b&0&7#{a5dcbf10-6530-11d2-901f-00c04fb951ed}.
[30248:29596:0401/194519.202:ERROR:usb_descriptors.cc(166)] Device descriptor parsing error.
[30248:29596:0401/194520.869:ERROR:usb_descriptors.cc(166)] Device descriptor parsing error.
[30248:29596:0401/194521.206:ERROR:device_event_log_impl.cc(196)] [19:45:21.155] USB: usb_service_win.cc:105 SetupDiGetDeviceProperty({{A45C254E-DF1C-4EFD-8020-67D146A850E0}, 6}) failed: Element not found. (0x490)
[30248:29596:0401/194521.206:ERROR:usb_descriptors.cc(166)] Device descriptor parsing error.
[30248:29596:0401/194521.206:ERROR:device_event_log_impl.cc(196)] [19:45:21.206] USB: usb_device_win.cc:95 Failed to read descriptors from \\?\usb#vid_054c&pid_0ce6#6&28cf390b&0&7#{a5dcbf10-6530-11d2-901f-00c04fb951ed}.
[30248:29596:0401/194522.203:ERROR:device_event_log_impl.cc(196)] [19:45:22.027] USB: usb_service_win.cc:105 SetupDiGetDeviceProperty({{A45C254E-DF1C-4EFD-8020-67D146A850E0}, 6}) failed: Element not found. (0x490)
[30248:29596:0401/194522.203:ERROR:usb_descriptors.cc(146)] Failed to read length for configuration 0.
[30248:29596:0401/194522.203:ERROR:usb_descriptors.cc(105)] Failed to read all configuration descriptors. Expected 1, got 0.
[30248:29596:0401/194522.203:ERROR:device_event_log_impl.cc(196)] [19:45:22.203] USB: usb_device_win.cc:95 Failed to read descriptors from \\?\usb#vid_054c&pid_0ce6#6&28cf390b&0&7#{a5dcbf10-6530-11d2-901f-00c04fb951ed}.
[30248:29596:0401/194522.870:ERROR:usb_descriptors.cc(166)] Device descriptor parsing error.
[30248:29596:0401/194522.870:ERROR:device_event_log_impl.cc(196)] [19:45:22.870] USB: usb_device_win.cc:95 Failed to read descriptors from \\?\usb#vid_054c&pid_0ce6#6&28cf390b&0&7#{a5dcbf10-6530-11d2-901f-00c04fb951ed}.
[30248:29596:0401/194523.205:ERROR:usb_descriptors.cc(166)] Device descriptor parsing error.
[30248:29596:0401/194523.206:ERROR:device_event_log_impl.cc(196)] [19:45:23.160] USB: usb_service_win.cc:105 SetupDiGetDeviceProperty({{A45C254E-DF1C-4EFD-8020-67D146A850E0}, 6}) failed: Element not found. (0x490)
[30248:29596:0401/194523.869:ERROR:device_event_log_impl.cc(196)] [19:45:23.870] USB: usb_service_win.cc:705 Got duplicate add event for path: \\?\usb#vid_054c&pid_0ce6#6&28cf390b&0&7#{a5dcbf10-6530-11d2-901f-00c04fb951ed}
[30248:29596:0401/194524.204:ERROR:device_event_log_impl.cc(196)] [19:45:24.024] USB: usb_service_win.cc:105 SetupDiGetDeviceProperty({{A45C254E-DF1C-4EFD-8020-67D146A850E0}, 6}) failed: Element not found. (0x490)
[30248:29596:0401/194524.540:ERROR:device_event_log_impl.cc(196)] [19:45:24.403] USB: usb_service_win.cc:105 SetupDiGetDeviceProperty({{A45C254E-DF1C-4EFD-8020-67D146A850E0}, 6}) failed: Element not found. (0x490)
[30248:29596:0401/194528.203:ERROR:device_event_log_impl.cc(196)] [19:45:28.034] USB: usb_service_win.cc:105 SetupDiGetDeviceProperty({{A45C254E-DF1C-4EFD-8020-67D146A850E0}, 6}) failed: Element not found. (0x490)
[30248:29596:0401/194529.559:ERROR:device_event_log_impl.cc(196)] [19:45:29.516] USB: usb_service_win.cc:105 SetupDiGetDeviceProperty({{A45C254E-DF1C-4EFD-8020-67D146A850E0}, 6}) failed: Element not found. (0x490)
[30248:29596:0401/194530.225:ERROR:usb_descriptors.cc(122)] Failed to read configuration descriptor.
[30248:29596:0401/194530.225:ERROR:usb_descriptors.cc(105)] Failed to read all configuration descriptors. Expected 1, got 0.
[30248:29596:0401/194530.225:ERROR:device_event_log_impl.cc(196)] [19:45:30.225] USB: usb_device_win.cc:95 Failed to read descriptors from \\?\usb#vid_054c&pid_0ce6#6&28cf390b&0&7#{a5dcbf10-6530-11d2-901f-00c04fb951ed}.
[30248:29596:0401/194530.891:ERROR:usb_descriptors.cc(166)] Device descriptor parsing error.
[30248:29596:0401/194530.891:ERROR:device_event_log_impl.cc(196)] [19:45:30.891] USB: usb_device_win.cc:95 Failed to read descriptors from \\?\usb#vid_054c&pid_0ce6#6&28cf390b&0&7#{a5dcbf10-6530-11d2-901f-00c04fb951ed}.
[30248:29596:0401/194530.891:ERROR:device_event_log_impl.cc(196)] [19:45:30.634] USB: usb_service_win.cc:105 SetupDiGetDeviceProperty({{A45C254E-DF1C-4EFD-8020-67D146A850E0}, 6}) failed: Element not found. (0x490)
[30248:29596:0401/194531.225:ERROR:usb_descriptors.cc(166)] Device descriptor parsing error.
[30248:29596:0401/194531.225:ERROR:device_event_log_impl.cc(196)] [19:45:31.225] USB: usb_device_win.cc:95 Failed to read descriptors from \\?\usb#vid_054c&pid_0ce6#6&28cf390b&0&7#{a5dcbf10-6530-11d2-901f-00c04fb951ed}.
[30248:29596:0401/194531.558:ERROR:device_event_log_impl.cc(196)] [19:45:31.352] USB: usb_service_win.cc:105 SetupDiGetDeviceProperty({{A45C254E-DF1C-4EFD-8020-67D146A850E0}, 6}) failed: Element not found. (0x490)
[30248:29596:0401/194732.429:ERROR:device_event_log_impl.cc(196)] [19:47:32.181] USB: usb_service_win.cc:105 SetupDiGetDeviceProperty({{A45C254E-DF1C-4EFD-8020-67D146A850E0}, 6}) failed: Element not found. (0x490)
[30248:29596:0401/194733.096:ERROR:usb_descriptors.cc(166)] Device descriptor parsing error.
[30248:29596:0401/194733.096:ERROR:device_event_log_impl.cc(196)] [19:47:33.096] USB: usb_device_win.cc:95 Failed to read descriptors from \\?\usb#vid_054c&pid_0ce6#6&28cf390b&0&7#{a5dcbf10-6530-11d2-901f-00c04fb951ed}.
[30248:29596:0401/194733.804:ERROR:usb_descriptors.cc(166)] Device descriptor parsing error.
[30248:29596:0401/194733.804:ERROR:device_event_log_impl.cc(196)] [19:47:33.758] USB: usb_service_win.cc:105 SetupDiGetDeviceProperty({{A45C254E-DF1C-4EFD-8020-67D146A850E0}, 6}) failed: Element not found. (0x490)
[30248:29596:0401/194733.804:ERROR:usb_descriptors.cc(166)] Device descriptor parsing error.
[30248:29596:0401/194733.804:ERROR:device_event_log_impl.cc(196)] [19:47:33.804] USB: usb_device_win.cc:95 Failed to read descriptors from \\?\usb#vid_054c&pid_0ce6#6&28cf390b&0&7#{a5dcbf10-6530-11d2-901f-00c04fb951ed}.
[30248:29596:0401/194734.461:ERROR:device_event_log_impl.cc(196)] [19:47:34.425] USB: usb_service_win.cc:105 SetupDiGetDeviceProperty({{A45C254E-DF1C-4EFD-8020-67D146A850E0}, 6}) failed: Element not found. (0x490)
[30248:29596:0401/194734.461:ERROR:usb_descriptors.cc(166)] Device descriptor parsing error.
[30248:29596:0401/194734.461:ERROR:device_event_log_impl.cc(196)] [19:47:34.461] USB: usb_device_win.cc:95 Failed to read descriptors from \\?\usb#vid_054c&pid_0ce6#6&28cf390b&0&7#{a5dcbf10-6530-11d2-901f-00c04fb951ed}.
[30248:29596:0401/194735.468:ERROR:usb_descriptors.cc(166)] Device descriptor parsing error.
[30248:29596:0401/194735.468:ERROR:usb_descriptors.cc(166)] Device descriptor parsing error.
[30248:29596:0401/194735.468:ERROR:device_event_log_impl.cc(196)] [19:47:35.469] USB: usb_device_win.cc:95 Failed to read descriptors from \\?\usb#vid_054c&pid_0ce6#6&28cf390b&0&7#{a5dcbf10-6530-11d2-901f-00c04fb951ed}.
[30248:29596:0401/194736.097:ERROR:device_event_log_impl.cc(196)] [19:47:35.901] USB: usb_service_win.cc:105 SetupDiGetDeviceProperty({{A45C254E-DF1C-4EFD-8020-67D146A850E0}, 6}) failed: Element not found. (0x490)
[30248:29596:0401/194736.097:ERROR:usb_descriptors.cc(146)] Failed to read length for configuration 0.
[30248:29596:0401/194736.097:ERROR:usb_descriptors.cc(105)] Failed to read all configuration descriptors. Expected 1, got 0.
[30248:29596:0401/194736.097:ERROR:device_event_log_impl.cc(196)] [19:47:36.097] USB: usb_device_win.cc:95 Failed to read descriptors from \\?\usb#vid_054c&pid_0ce6#6&28cf390b&0&7#{a5dcbf10-6530-11d2-901f-00c04fb951ed}.
[30248:29596:0401/194736.430:ERROR:usb_descriptors.cc(166)] Device descriptor parsing error.
[30248:29596:0401/194737.429:ERROR:device_event_log_impl.cc(196)] [19:47:37.133] USB: usb_service_win.cc:105 SetupDiGetDeviceProperty({{A45C254E-DF1C-4EFD-8020-67D146A850E0}, 6}) failed: Element not found. (0x490)
[30248:29596:0401/194739.764:ERROR:device_event_log_impl.cc(196)] [19:47:39.480] USB: usb_service_win.cc:105 SetupDiGetDeviceProperty({{A45C254E-DF1C-4EFD-8020-67D146A850E0}, 6}) failed: Element not found. (0x490)
[30248:29596:0401/194755.133:ERROR:device_event_log_impl.cc(196)] [19:47:55.097] USB: usb_service_win.cc:105 SetupDiGetDeviceProperty({{A45C254E-DF1C-4EFD-8020-67D146A850E0}, 6}) failed: Element not found. (0x490)
[30248:29596:0401/194758.431:ERROR:device_event_log_impl.cc(196)] [19:47:58.169] USB: usb_service_win.cc:105 SetupDiGetDeviceProperty({{A45C254E-DF1C-4EFD-8020-67D146A850E0}, 6}) failed: Element not found. (0x490)
[30248:29596:0401/195030.438:ERROR:device_event_log_impl.cc(196)] [19:50:30.320] USB: usb_service_win.cc:105 SetupDiGetDeviceProperty({{A45C254E-DF1C-4EFD-8020-67D146A850E0}, 6}) failed: Element not found. (0x490)
[30248:29596:0401/195036.411:ERROR:device_event_log_impl.cc(196)] [19:50:33.288] USB: usb_service_win.cc:105 SetupDiGetDeviceProperty({{A45C254E-DF1C-4EFD-8020-67D146A850E0}, 6}) failed: Element not found. (0x490)
[30248:29596:0401/195036.411:ERROR:device_event_log_impl.cc(196)] [19:50:33.996] USB: usb_service_win.cc:73 SetupDiGetDeviceProperty({{A45C254E-DF1C-4EFD-8020-67D146A850E0}, 23}) failed: Element not found. (0x490)
[30248:29596:0401/195036.411:ERROR:device_event_log_impl.cc(196)] [19:50:34.023] USB: usb_service_win.cc:308 SetupDiEnumDeviceInterfaces: No more data is available. (0x103)
[30248:29596:0401/195036.411:ERROR:device_event_log_impl.cc(196)] [19:50:34.088] USB: usb_service_win.cc:105 SetupDiGetDeviceProperty({{A45C254E-DF1C-4EFD-8020-67D146A850E0}, 6}) failed: Element not found. (0x490)
[30248:29596:0401/195036.412:ERROR:device_event_log_impl.cc(196)] [19:50:34.670] USB: usb_service_win.cc:73 SetupDiGetDeviceProperty({{A45C254E-DF1C-4EFD-8020-67D146A850E0}, 23}) failed: Element not found. (0x490)
[30248:29596:0401/195036.412:ERROR:device_event_log_impl.cc(196)] [19:50:34.698] USB: usb_service_win.cc:308 SetupDiEnumDeviceInterfaces: No more data is available. (0x103)
[30248:29596:0401/195036.412:ERROR:device_event_log_impl.cc(196)] [19:50:34.748] USB: usb_service_win.cc:105 SetupDiGetDeviceProperty({{A45C254E-DF1C-4EFD-8020-67D146A850E0}, 6}) failed: Element not found. (0x490)
[30248:29596:0401/195036.412:ERROR:device_event_log_impl.cc(196)] [19:50:35.078] USB: usb_service_win.cc:105 SetupDiGetDeviceProperty({{A45C254E-DF1C-4EFD-8020-67D146A850E0}, 6}) failed: Element not found. (0x490)
[30248:29596:0401/195036.412:ERROR:device_event_log_impl.cc(196)] [19:50:36.339] USB: usb_service_win.cc:73 SetupDiGetDeviceProperty({{A45C254E-DF1C-4EFD-8020-67D146A850E0}, 23}) failed: Element not found. (0x490)
[30248:29596:0401/195036.927:WARNING:pref_notifier_impl.cc(41)] Pref observer for media_router.cast_allow_all_ips found at shutdown.
