[2876:30128:0411/195534.114:WARNING:chrome_main_delegate.cc(745)] This is Chrome version 128.0.6613.138 (not a warning)
[2876:30128:0411/195534.280:WARNING:account_consistency_mode_manager.cc(77)] Desktop Identity Consistency cannot be enabled as no OAuth client ID and client secret have been configured.
[2876:30128:0411/195706.691:ERROR:network_service_instance_impl.cc(608)] Network service crashed, restarting service.
[2876:30128:0411/195709.798:ERROR:device_event_log_impl.cc(196)] [19:57:09.474] USB: usb_service_win.cc:105 SetupDiGetDeviceProperty({{A45C254E-DF1C-4EFD-8020-67D146A850E0}, 6}) failed: Element not found. (0x490)
[2876:30128:0411/195712.450:ERROR:device_event_log_impl.cc(196)] [19:57:12.437] USB: usb_service_win.cc:105 SetupDiGetDeviceProperty({{A45C254E-DF1C-4EFD-8020-67D146A850E0}, 6}) failed: Element not found. (0x490)
[2876:30128:0411/195730.064:ERROR:device_event_log_impl.cc(196)] [19:57:29.986] USB: usb_service_win.cc:105 SetupDiGetDeviceProperty({{A45C254E-DF1C-4EFD-8020-67D146A850E0}, 6}) failed: Element not found. (0x490)
[2876:30128:0411/195735.807:ERROR:device_event_log_impl.cc(196)] [19:57:35.593] USB: usb_service_win.cc:105 SetupDiGetDeviceProperty({{A45C254E-DF1C-4EFD-8020-67D146A850E0}, 6}) failed: Element not found. (0x490)
[2876:30128:0411/195736.803:ERROR:device_event_log_impl.cc(196)] [19:57:36.596] USB: usb_service_win.cc:105 SetupDiGetDeviceProperty({{A45C254E-DF1C-4EFD-8020-67D146A850E0}, 6}) failed: Element not found. (0x490)
[2876:30128:0411/195738.138:ERROR:device_event_log_impl.cc(196)] [19:57:38.134] USB: usb_service_win.cc:105 SetupDiGetDeviceProperty({{A45C254E-DF1C-4EFD-8020-67D146A850E0}, 6}) failed: Element not found. (0x490)
[2876:30128:0411/195739.627:ERROR:device_event_log_impl.cc(196)] [19:57:39.597] USB: usb_service_win.cc:105 SetupDiGetDeviceProperty({{A45C254E-DF1C-4EFD-8020-67D146A850E0}, 6}) failed: Element not found. (0x490)
[2876:30128:0411/195739.831:ERROR:device_event_log_impl.cc(196)] [19:57:39.810] USB: usb_service_win.cc:105 SetupDiGetDeviceProperty({{A45C254E-DF1C-4EFD-8020-67D146A850E0}, 6}) failed: Element not found. (0x490)
[2876:30128:0411/195741.134:ERROR:device_event_log_impl.cc(196)] [19:57:41.129] USB: usb_service_win.cc:105 SetupDiGetDeviceProperty({{A45C254E-DF1C-4EFD-8020-67D146A850E0}, 6}) failed: Element not found. (0x490)
[2876:30128:0411/195742.932:ERROR:device_event_log_impl.cc(196)] [19:57:42.912] USB: usb_service_win.cc:105 SetupDiGetDeviceProperty({{A45C254E-DF1C-4EFD-8020-67D146A850E0}, 6}) failed: Element not found. (0x490)
[2876:30128:0411/195744.263:ERROR:device_event_log_impl.cc(196)] [19:57:44.246] USB: usb_service_win.cc:105 SetupDiGetDeviceProperty({{A45C254E-DF1C-4EFD-8020-67D146A850E0}, 6}) failed: Element not found. (0x490)
[2876:30128:0411/195745.582:ERROR:device_event_log_impl.cc(196)] [19:57:45.542] USB: usb_service_win.cc:105 SetupDiGetDeviceProperty({{A45C254E-DF1C-4EFD-8020-67D146A850E0}, 6}) failed: Element not found. (0x490)
[2876:30128:0411/195745.728:ERROR:device_event_log_impl.cc(196)] [19:57:45.708] USB: usb_service_win.cc:105 SetupDiGetDeviceProperty({{A45C254E-DF1C-4EFD-8020-67D146A850E0}, 6}) failed: Element not found. (0x490)
[2876:30128:0411/195747.849:ERROR:device_event_log_impl.cc(196)] [19:57:47.812] USB: usb_service_win.cc:105 SetupDiGetDeviceProperty({{A45C254E-DF1C-4EFD-8020-67D146A850E0}, 6}) failed: Element not found. (0x490)
[2876:30128:0411/195750.191:ERROR:device_event_log_impl.cc(196)] [19:57:50.159] USB: usb_service_win.cc:105 SetupDiGetDeviceProperty({{A45C254E-DF1C-4EFD-8020-67D146A850E0}, 6}) failed: Element not found. (0x490)
[2876:30128:0411/195752.834:ERROR:device_event_log_impl.cc(196)] [19:57:52.644] USB: usb_service_win.cc:105 SetupDiGetDeviceProperty({{A45C254E-DF1C-4EFD-8020-67D146A850E0}, 6}) failed: Element not found. (0x490)
[2876:30128:0411/195755.166:ERROR:device_event_log_impl.cc(196)] [19:57:54.878] USB: usb_service_win.cc:105 SetupDiGetDeviceProperty({{A45C254E-DF1C-4EFD-8020-67D146A850E0}, 6}) failed: Element not found. (0x490)
[2876:30128:0411/195757.164:ERROR:device_event_log_impl.cc(196)] [19:57:56.968] USB: usb_service_win.cc:105 SetupDiGetDeviceProperty({{A45C254E-DF1C-4EFD-8020-67D146A850E0}, 6}) failed: Element not found. (0x490)
[2876:30128:0411/195759.850:ERROR:device_event_log_impl.cc(196)] [19:57:59.727] USB: usb_service_win.cc:105 SetupDiGetDeviceProperty({{A45C254E-DF1C-4EFD-8020-67D146A850E0}, 6}) failed: Element not found. (0x490)
[2876:30128:0411/195801.502:ERROR:device_event_log_impl.cc(196)] [19:58:01.319] USB: usb_service_win.cc:105 SetupDiGetDeviceProperty({{A45C254E-DF1C-4EFD-8020-67D146A850E0}, 6}) failed: Element not found. (0x490)
[2876:30128:0411/195804.499:ERROR:device_event_log_impl.cc(196)] [19:58:04.232] USB: usb_service_win.cc:105 SetupDiGetDeviceProperty({{A45C254E-DF1C-4EFD-8020-67D146A850E0}, 6}) failed: Element not found. (0x490)
[2876:30128:0411/195807.607:ERROR:device_event_log_impl.cc(196)] [19:58:07.593] USB: usb_service_win.cc:105 SetupDiGetDeviceProperty({{A45C254E-DF1C-4EFD-8020-67D146A850E0}, 6}) failed: Element not found. (0x490)
[2876:30128:0411/195810.914:ERROR:device_event_log_impl.cc(196)] [19:58:10.900] USB: usb_service_win.cc:105 SetupDiGetDeviceProperty({{A45C254E-DF1C-4EFD-8020-67D146A850E0}, 6}) failed: Element not found. (0x490)
[2876:30128:0411/195936.401:ERROR:device_event_log_impl.cc(196)] [19:58:14.640] USB: usb_service_win.cc:105 SetupDiGetDeviceProperty({{A45C254E-DF1C-4EFD-8020-67D146A850E0}, 6}) failed: Element not found. (0x490)
[2876:30128:0411/195936.401:ERROR:device_event_log_impl.cc(196)] [19:59:36.401] USB: usb_service_win.cc:705 Got duplicate add event for path: \\?\usb#vid_054c&pid_0ce6#6&28cf390b&0&7#{a5dcbf10-6530-11d2-901f-00c04fb951ed}
[2876:30128:0411/195936.401:ERROR:device_event_log_impl.cc(196)] [19:58:18.782] USB: usb_service_win.cc:105 SetupDiGetDeviceProperty({{A45C254E-DF1C-4EFD-8020-67D146A850E0}, 6}) failed: Element not found. (0x490)
[2876:30128:0411/195936.401:ERROR:device_event_log_impl.cc(196)] [19:59:36.401] USB: usb_service_win.cc:705 Got duplicate add event for path: \\?\usb#vid_054c&pid_0ce6#6&28cf390b&0&7#{a5dcbf10-6530-11d2-901f-00c04fb951ed}
[2876:30128:0411/195936.401:ERROR:device_event_log_impl.cc(196)] [19:58:21.972] USB: usb_service_win.cc:105 SetupDiGetDeviceProperty({{A45C254E-DF1C-4EFD-8020-67D146A850E0}, 6}) failed: Element not found. (0x490)
[2876:30128:0411/195936.401:ERROR:device_event_log_impl.cc(196)] [19:59:36.401] USB: usb_service_win.cc:705 Got duplicate add event for path: \\?\usb#vid_054c&pid_0ce6#6&28cf390b&0&7#{a5dcbf10-6530-11d2-901f-00c04fb951ed}
[2876:30128:0411/195936.401:ERROR:device_event_log_impl.cc(196)] [19:58:25.291] USB: usb_service_win.cc:105 SetupDiGetDeviceProperty({{A45C254E-DF1C-4EFD-8020-67D146A850E0}, 6}) failed: Element not found. (0x490)
[2876:30128:0411/195936.401:ERROR:device_event_log_impl.cc(196)] [19:59:36.401] USB: usb_service_win.cc:705 Got duplicate add event for path: \\?\usb#vid_054c&pid_0ce6#6&28cf390b&0&7#{a5dcbf10-6530-11d2-901f-00c04fb951ed}
[2876:30128:0411/195936.401:ERROR:device_event_log_impl.cc(196)] [19:58:28.630] USB: usb_service_win.cc:105 SetupDiGetDeviceProperty({{A45C254E-DF1C-4EFD-8020-67D146A850E0}, 6}) failed: Element not found. (0x490)
[2876:30128:0411/195936.401:ERROR:device_event_log_impl.cc(196)] [19:59:36.401] USB: usb_service_win.cc:705 Got duplicate add event for path: \\?\usb#vid_054c&pid_0ce6#6&28cf390b&0&7#{a5dcbf10-6530-11d2-901f-00c04fb951ed}
[2876:30128:0411/195936.402:ERROR:device_event_log_impl.cc(196)] [19:58:33.207] USB: usb_service_win.cc:105 SetupDiGetDeviceProperty({{A45C254E-DF1C-4EFD-8020-67D146A850E0}, 6}) failed: Element not found. (0x490)
[2876:30128:0411/195936.402:ERROR:device_event_log_impl.cc(196)] [19:59:36.402] USB: usb_service_win.cc:705 Got duplicate add event for path: \\?\usb#vid_054c&pid_0ce6#6&28cf390b&0&7#{a5dcbf10-6530-11d2-901f-00c04fb951ed}
[2876:30128:0411/195936.402:ERROR:device_event_log_impl.cc(196)] [19:58:37.691] USB: usb_service_win.cc:105 SetupDiGetDeviceProperty({{A45C254E-DF1C-4EFD-8020-67D146A850E0}, 6}) failed: Element not found. (0x490)
[2876:30128:0411/195936.402:ERROR:device_event_log_impl.cc(196)] [19:59:36.402] USB: usb_service_win.cc:705 Got duplicate add event for path: \\?\usb#vid_054c&pid_0ce6#6&28cf390b&0&7#{a5dcbf10-6530-11d2-901f-00c04fb951ed}
[2876:30128:0411/195936.402:ERROR:device_event_log_impl.cc(196)] [19:58:41.203] USB: usb_service_win.cc:105 SetupDiGetDeviceProperty({{A45C254E-DF1C-4EFD-8020-67D146A850E0}, 6}) failed: Element not found. (0x490)
[2876:30128:0411/195936.402:ERROR:device_event_log_impl.cc(196)] [19:59:36.402] USB: usb_service_win.cc:705 Got duplicate add event for path: \\?\usb#vid_054c&pid_0ce6#6&28cf390b&0&7#{a5dcbf10-6530-11d2-901f-00c04fb951ed}
[2876:30128:0411/195936.402:ERROR:device_event_log_impl.cc(196)] [19:58:43.722] USB: usb_service_win.cc:105 SetupDiGetDeviceProperty({{A45C254E-DF1C-4EFD-8020-67D146A850E0}, 6}) failed: Element not found. (0x490)
[2876:30128:0411/195936.402:ERROR:device_event_log_impl.cc(196)] [19:59:36.402] USB: usb_service_win.cc:705 Got duplicate add event for path: \\?\usb#vid_054c&pid_0ce6#6&28cf390b&0&7#{a5dcbf10-6530-11d2-901f-00c04fb951ed}
[2876:30128:0411/195936.402:ERROR:device_event_log_impl.cc(196)] [19:58:47.395] USB: usb_service_win.cc:105 SetupDiGetDeviceProperty({{A45C254E-DF1C-4EFD-8020-67D146A850E0}, 6}) failed: Element not found. (0x490)
[2876:30128:0411/195936.402:ERROR:device_event_log_impl.cc(196)] [19:59:36.402] USB: usb_service_win.cc:705 Got duplicate add event for path: \\?\usb#vid_054c&pid_0ce6#6&28cf390b&0&7#{a5dcbf10-6530-11d2-901f-00c04fb951ed}
[2876:30128:0411/195936.402:ERROR:device_event_log_impl.cc(196)] [19:58:50.922] USB: usb_service_win.cc:105 SetupDiGetDeviceProperty({{A45C254E-DF1C-4EFD-8020-67D146A850E0}, 6}) failed: Element not found. (0x490)
[2876:30128:0411/195936.402:ERROR:device_event_log_impl.cc(196)] [19:59:36.402] USB: usb_service_win.cc:705 Got duplicate add event for path: \\?\usb#vid_054c&pid_0ce6#6&28cf390b&0&7#{a5dcbf10-6530-11d2-901f-00c04fb951ed}
[2876:30128:0411/195936.402:ERROR:device_event_log_impl.cc(196)] [19:58:56.517] USB: usb_service_win.cc:105 SetupDiGetDeviceProperty({{A45C254E-DF1C-4EFD-8020-67D146A850E0}, 6}) failed: Element not found. (0x490)
[2876:30128:0411/195936.402:ERROR:device_event_log_impl.cc(196)] [19:59:36.402] USB: usb_service_win.cc:705 Got duplicate add event for path: \\?\usb#vid_054c&pid_0ce6#6&28cf390b&0&7#{a5dcbf10-6530-11d2-901f-00c04fb951ed}
[2876:30128:0411/195936.402:ERROR:device_event_log_impl.cc(196)] [19:59:03.416] USB: usb_service_win.cc:105 SetupDiGetDeviceProperty({{A45C254E-DF1C-4EFD-8020-67D146A850E0}, 6}) failed: Element not found. (0x490)
[2876:30128:0411/195936.402:ERROR:device_event_log_impl.cc(196)] [19:59:36.402] USB: usb_service_win.cc:705 Got duplicate add event for path: \\?\usb#vid_054c&pid_0ce6#6&28cf390b&0&7#{a5dcbf10-6530-11d2-901f-00c04fb951ed}
[2876:30128:0411/195936.402:ERROR:device_event_log_impl.cc(196)] [19:59:07.429] USB: usb_service_win.cc:105 SetupDiGetDeviceProperty({{A45C254E-DF1C-4EFD-8020-67D146A850E0}, 6}) failed: Element not found. (0x490)
[2876:30128:0411/195936.402:ERROR:device_event_log_impl.cc(196)] [19:59:36.402] USB: usb_service_win.cc:705 Got duplicate add event for path: \\?\usb#vid_054c&pid_0ce6#6&28cf390b&0&7#{a5dcbf10-6530-11d2-901f-00c04fb951ed}
[2876:30128:0411/195936.402:ERROR:device_event_log_impl.cc(196)] [19:59:12.915] USB: usb_service_win.cc:105 SetupDiGetDeviceProperty({{A45C254E-DF1C-4EFD-8020-67D146A850E0}, 6}) failed: Element not found. (0x490)
[2876:30128:0411/195936.402:ERROR:device_event_log_impl.cc(196)] [19:59:36.402] USB: usb_service_win.cc:705 Got duplicate add event for path: \\?\usb#vid_054c&pid_0ce6#6&28cf390b&0&7#{a5dcbf10-6530-11d2-901f-00c04fb951ed}
[2876:30128:0411/195936.402:ERROR:device_event_log_impl.cc(196)] [19:59:14.557] USB: usb_service_win.cc:105 SetupDiGetDeviceProperty({{A45C254E-DF1C-4EFD-8020-67D146A850E0}, 6}) failed: Element not found. (0x490)
[2876:30128:0411/195936.402:ERROR:device_event_log_impl.cc(196)] [19:59:36.403] USB: usb_service_win.cc:705 Got duplicate add event for path: \\?\usb#vid_054c&pid_0ce6#6&28cf390b&0&7#{a5dcbf10-6530-11d2-901f-00c04fb951ed}
[2876:30128:0411/195936.402:ERROR:device_event_log_impl.cc(196)] [19:59:18.490] USB: usb_service_win.cc:105 SetupDiGetDeviceProperty({{A45C254E-DF1C-4EFD-8020-67D146A850E0}, 6}) failed: Element not found. (0x490)
[2876:30128:0411/195936.402:ERROR:device_event_log_impl.cc(196)] [19:59:36.403] USB: usb_service_win.cc:705 Got duplicate add event for path: \\?\usb#vid_054c&pid_0ce6#6&28cf390b&0&7#{a5dcbf10-6530-11d2-901f-00c04fb951ed}
[2876:30128:0411/195936.402:ERROR:device_event_log_impl.cc(196)] [19:59:21.913] USB: usb_service_win.cc:105 SetupDiGetDeviceProperty({{A45C254E-DF1C-4EFD-8020-67D146A850E0}, 6}) failed: Element not found. (0x490)
[2876:30128:0411/195936.402:ERROR:device_event_log_impl.cc(196)] [19:59:36.403] USB: usb_service_win.cc:705 Got duplicate add event for path: \\?\usb#vid_054c&pid_0ce6#6&28cf390b&0&7#{a5dcbf10-6530-11d2-901f-00c04fb951ed}
[2876:30128:0411/195936.402:ERROR:device_event_log_impl.cc(196)] [19:59:23.742] USB: usb_service_win.cc:105 SetupDiGetDeviceProperty({{A45C254E-DF1C-4EFD-8020-67D146A850E0}, 6}) failed: Element not found. (0x490)
[2876:30128:0411/195936.402:ERROR:device_event_log_impl.cc(196)] [19:59:36.403] USB: usb_service_win.cc:705 Got duplicate add event for path: \\?\usb#vid_054c&pid_0ce6#6&28cf390b&0&7#{a5dcbf10-6530-11d2-901f-00c04fb951ed}
[2876:30128:0411/195936.402:ERROR:device_event_log_impl.cc(196)] [19:59:25.792] USB: usb_service_win.cc:105 SetupDiGetDeviceProperty({{A45C254E-DF1C-4EFD-8020-67D146A850E0}, 6}) failed: Element not found. (0x490)
[2876:30128:0411/195936.402:ERROR:device_event_log_impl.cc(196)] [19:59:36.403] USB: usb_service_win.cc:705 Got duplicate add event for path: \\?\usb#vid_054c&pid_0ce6#6&28cf390b&0&7#{a5dcbf10-6530-11d2-901f-00c04fb951ed}
[2876:30128:0411/195936.402:ERROR:device_event_log_impl.cc(196)] [19:59:28.452] USB: usb_service_win.cc:105 SetupDiGetDeviceProperty({{A45C254E-DF1C-4EFD-8020-67D146A850E0}, 6}) failed: Element not found. (0x490)
[2876:30128:0411/195936.402:ERROR:device_event_log_impl.cc(196)] [19:59:36.403] USB: usb_service_win.cc:705 Got duplicate add event for path: \\?\usb#vid_054c&pid_0ce6#6&28cf390b&0&7#{a5dcbf10-6530-11d2-901f-00c04fb951ed}
[2876:30128:0411/195936.402:ERROR:device_event_log_impl.cc(196)] [19:59:31.098] USB: usb_service_win.cc:105 SetupDiGetDeviceProperty({{A45C254E-DF1C-4EFD-8020-67D146A850E0}, 6}) failed: Element not found. (0x490)
[2876:30128:0411/195936.404:ERROR:device_event_log_impl.cc(196)] [19:59:36.403] USB: usb_service_win.cc:705 Got duplicate add event for path: \\?\usb#vid_054c&pid_0ce6#6&28cf390b&0&7#{a5dcbf10-6530-11d2-901f-00c04fb951ed}
[2876:30128:0411/195936.404:ERROR:device_event_log_impl.cc(196)] [19:59:35.258] USB: usb_service_win.cc:105 SetupDiGetDeviceProperty({{A45C254E-DF1C-4EFD-8020-67D146A850E0}, 6}) failed: Element not found. (0x490)
[2876:30128:0411/195937.530:ERROR:device_event_log_impl.cc(196)] [19:59:37.290] USB: usb_service_win.cc:105 SetupDiGetDeviceProperty({{A45C254E-DF1C-4EFD-8020-67D146A850E0}, 6}) failed: Element not found. (0x490)
[2876:30128:0411/195937.549:ERROR:device_event_log_impl.cc(196)] [19:59:37.535] USB: usb_service_win.cc:105 SetupDiGetDeviceProperty({{A45C254E-DF1C-4EFD-8020-67D146A850E0}, 6}) failed: Element not found. (0x490)
[2876:30128:0411/195943.501:ERROR:device_event_log_impl.cc(196)] [19:59:39.536] USB: usb_service_win.cc:105 SetupDiGetDeviceProperty({{A45C254E-DF1C-4EFD-8020-67D146A850E0}, 6}) failed: Element not found. (0x490)
[2876:30128:0411/195943.501:ERROR:device_event_log_impl.cc(196)] [19:59:43.502] USB: usb_service_win.cc:705 Got duplicate add event for path: \\?\usb#vid_054c&pid_0ce6#6&28cf390b&0&7#{a5dcbf10-6530-11d2-901f-00c04fb951ed}
[2876:30128:0411/195943.501:ERROR:device_event_log_impl.cc(196)] [19:59:42.256] USB: usb_service_win.cc:105 SetupDiGetDeviceProperty({{A45C254E-DF1C-4EFD-8020-67D146A850E0}, 6}) failed: Element not found. (0x490)
[2876:30128:0411/195946.374:ERROR:device_event_log_impl.cc(196)] [19:59:44.347] USB: usb_service_win.cc:105 SetupDiGetDeviceProperty({{A45C254E-DF1C-4EFD-8020-67D146A850E0}, 6}) failed: Element not found. (0x490)
[2876:30128:0411/195946.374:ERROR:device_event_log_impl.cc(196)] [19:59:46.374] USB: usb_service_win.cc:705 Got duplicate add event for path: \\?\usb#vid_054c&pid_0ce6#6&28cf390b&0&7#{a5dcbf10-6530-11d2-901f-00c04fb951ed}
[2876:30128:0411/195946.374:ERROR:device_event_log_impl.cc(196)] [19:59:45.794] USB: usb_service_win.cc:105 SetupDiGetDeviceProperty({{A45C254E-DF1C-4EFD-8020-67D146A850E0}, 6}) failed: Element not found. (0x490)
[2876:30128:0411/195948.223:ERROR:device_event_log_impl.cc(196)] [19:59:48.045] USB: usb_service_win.cc:105 SetupDiGetDeviceProperty({{A45C254E-DF1C-4EFD-8020-67D146A850E0}, 6}) failed: Element not found. (0x490)
[2876:30128:0411/195951.498:ERROR:device_event_log_impl.cc(196)] [19:59:49.210] USB: usb_service_win.cc:105 SetupDiGetDeviceProperty({{A45C254E-DF1C-4EFD-8020-67D146A850E0}, 6}) failed: Element not found. (0x490)
[2876:30128:0411/195951.498:ERROR:device_event_log_impl.cc(196)] [19:59:51.498] USB: usb_service_win.cc:705 Got duplicate add event for path: \\?\usb#vid_054c&pid_0ce6#6&28cf390b&0&7#{a5dcbf10-6530-11d2-901f-00c04fb951ed}
[2876:30128:0411/195951.593:ERROR:device_event_log_impl.cc(196)] [19:59:51.498] USB: usb_service_win.cc:105 SetupDiGetDeviceProperty({{A45C254E-DF1C-4EFD-8020-67D146A850E0}, 6}) failed: Element not found. (0x490)
[2876:30128:0411/195951.704:ERROR:device_event_log_impl.cc(196)] [19:59:51.658] USB: usb_service_win.cc:105 SetupDiGetDeviceProperty({{A45C254E-DF1C-4EFD-8020-67D146A850E0}, 6}) failed: Element not found. (0x490)
[2876:30128:0411/195954.617:ERROR:device_event_log_impl.cc(196)] [19:59:54.585] USB: usb_service_win.cc:105 SetupDiGetDeviceProperty({{A45C254E-DF1C-4EFD-8020-67D146A850E0}, 6}) failed: Element not found. (0x490)
[2876:30128:0411/195954.779:ERROR:device_event_log_impl.cc(196)] [19:59:54.737] USB: usb_service_win.cc:105 SetupDiGetDeviceProperty({{A45C254E-DF1C-4EFD-8020-67D146A850E0}, 6}) failed: Element not found. (0x490)
[2876:30128:0411/195957.905:ERROR:device_event_log_impl.cc(196)] [19:59:57.600] USB: usb_service_win.cc:105 SetupDiGetDeviceProperty({{A45C254E-DF1C-4EFD-8020-67D146A850E0}, 6}) failed: Element not found. (0x490)
[2876:30128:0411/195957.925:ERROR:device_event_log_impl.cc(196)] [19:59:57.911] USB: usb_service_win.cc:105 SetupDiGetDeviceProperty({{A45C254E-DF1C-4EFD-8020-67D146A850E0}, 6}) failed: Element not found. (0x490)
[2876:30128:0411/195959.601:ERROR:device_event_log_impl.cc(196)] [19:59:59.582] USB: usb_service_win.cc:105 SetupDiGetDeviceProperty({{A45C254E-DF1C-4EFD-8020-67D146A850E0}, 6}) failed: Element not found. (0x490)
[2876:30128:0411/195959.800:ERROR:device_event_log_impl.cc(196)] [19:59:59.750] USB: usb_service_win.cc:105 SetupDiGetDeviceProperty({{A45C254E-DF1C-4EFD-8020-67D146A850E0}, 6}) failed: Element not found. (0x490)
[2876:30128:0411/200001.624:ERROR:device_event_log_impl.cc(196)] [20:00:01.601] USB: usb_service_win.cc:105 SetupDiGetDeviceProperty({{A45C254E-DF1C-4EFD-8020-67D146A850E0}, 6}) failed: Element not found. (0x490)
[2876:30128:0411/200001.858:ERROR:device_event_log_impl.cc(196)] [20:00:01.756] USB: usb_service_win.cc:105 SetupDiGetDeviceProperty({{A45C254E-DF1C-4EFD-8020-67D146A850E0}, 6}) failed: Element not found. (0x490)
[2876:30128:0411/200004.562:ERROR:device_event_log_impl.cc(196)] [20:00:04.549] USB: usb_service_win.cc:105 SetupDiGetDeviceProperty({{A45C254E-DF1C-4EFD-8020-67D146A850E0}, 6}) failed: Element not found. (0x490)
[2876:30128:0411/200004.676:ERROR:device_event_log_impl.cc(196)] [20:00:04.665] USB: usb_service_win.cc:105 SetupDiGetDeviceProperty({{A45C254E-DF1C-4EFD-8020-67D146A850E0}, 6}) failed: Element not found. (0x490)
[2876:30128:0411/200006.898:ERROR:device_event_log_impl.cc(196)] [20:00:06.886] USB: usb_service_win.cc:105 SetupDiGetDeviceProperty({{A45C254E-DF1C-4EFD-8020-67D146A850E0}, 6}) failed: Element not found. (0x490)
[2876:30128:0411/200008.656:ERROR:device_event_log_impl.cc(196)] [20:00:08.635] USB: usb_service_win.cc:105 SetupDiGetDeviceProperty({{A45C254E-DF1C-4EFD-8020-67D146A850E0}, 6}) failed: Element not found. (0x490)
[2876:30128:0411/200008.819:ERROR:device_event_log_impl.cc(196)] [20:00:08.812] USB: usb_service_win.cc:105 SetupDiGetDeviceProperty({{A45C254E-DF1C-4EFD-8020-67D146A850E0}, 6}) failed: Element not found. (0x490)
[2876:30128:0411/200011.635:ERROR:device_event_log_impl.cc(196)] [20:00:11.615] USB: usb_service_win.cc:105 SetupDiGetDeviceProperty({{A45C254E-DF1C-4EFD-8020-67D146A850E0}, 6}) failed: Element not found. (0x490)
[2876:30128:0411/200011.820:ERROR:device_event_log_impl.cc(196)] [20:00:11.799] USB: usb_service_win.cc:105 SetupDiGetDeviceProperty({{A45C254E-DF1C-4EFD-8020-67D146A850E0}, 6}) failed: Element not found. (0x490)
[2876:30128:0411/200014.389:ERROR:device_event_log_impl.cc(196)] [20:00:14.345] USB: usb_service_win.cc:105 SetupDiGetDeviceProperty({{A45C254E-DF1C-4EFD-8020-67D146A850E0}, 6}) failed: Element not found. (0x490)
[2876:30128:0411/200014.522:ERROR:device_event_log_impl.cc(196)] [20:00:14.517] USB: usb_service_win.cc:105 SetupDiGetDeviceProperty({{A45C254E-DF1C-4EFD-8020-67D146A850E0}, 6}) failed: Element not found. (0x490)
[2876:30128:0411/200017.166:ERROR:device_event_log_impl.cc(196)] [20:00:17.144] USB: usb_service_win.cc:105 SetupDiGetDeviceProperty({{A45C254E-DF1C-4EFD-8020-67D146A850E0}, 6}) failed: Element not found. (0x490)
[2876:30128:0411/200017.339:ERROR:device_event_log_impl.cc(196)] [20:00:17.331] USB: usb_service_win.cc:105 SetupDiGetDeviceProperty({{A45C254E-DF1C-4EFD-8020-67D146A850E0}, 6}) failed: Element not found. (0x490)
[2876:30128:0411/200021.815:ERROR:device_event_log_impl.cc(196)] [20:00:21.794] USB: usb_service_win.cc:105 SetupDiGetDeviceProperty({{A45C254E-DF1C-4EFD-8020-67D146A850E0}, 6}) failed: Element not found. (0x490)
[2876:30128:0411/200027.222:ERROR:device_event_log_impl.cc(196)] [20:00:26.057] USB: usb_service_win.cc:105 SetupDiGetDeviceProperty({{A45C254E-DF1C-4EFD-8020-67D146A850E0}, 6}) failed: Element not found. (0x490)
[2876:30128:0411/200028.360:ERROR:device_event_log_impl.cc(196)] [20:00:28.307] USB: usb_service_win.cc:105 SetupDiGetDeviceProperty({{A45C254E-DF1C-4EFD-8020-67D146A850E0}, 6}) failed: Element not found. (0x490)
[2876:30128:0411/200028.555:ERROR:device_event_log_impl.cc(196)] [20:00:28.529] USB: usb_service_win.cc:105 SetupDiGetDeviceProperty({{A45C254E-DF1C-4EFD-8020-67D146A850E0}, 6}) failed: Element not found. (0x490)
[2876:30128:0411/200031.492:ERROR:device_event_log_impl.cc(196)] [20:00:31.466] USB: usb_service_win.cc:105 SetupDiGetDeviceProperty({{A45C254E-DF1C-4EFD-8020-67D146A850E0}, 6}) failed: Element not found. (0x490)
[2876:30128:0411/200035.235:ERROR:device_event_log_impl.cc(196)] [20:00:35.185] USB: usb_service_win.cc:105 SetupDiGetDeviceProperty({{A45C254E-DF1C-4EFD-8020-67D146A850E0}, 6}) failed: Element not found. (0x490)
[2876:30128:0411/200037.647:ERROR:device_event_log_impl.cc(196)] [20:00:37.622] USB: usb_service_win.cc:105 SetupDiGetDeviceProperty({{A45C254E-DF1C-4EFD-8020-67D146A850E0}, 6}) failed: Element not found. (0x490)
[2876:30128:0411/200040.823:ERROR:device_event_log_impl.cc(196)] [20:00:40.797] USB: usb_service_win.cc:105 SetupDiGetDeviceProperty({{A45C254E-DF1C-4EFD-8020-67D146A850E0}, 6}) failed: Element not found. (0x490)
[2876:30128:0411/200040.994:ERROR:device_event_log_impl.cc(196)] [20:00:40.969] USB: usb_service_win.cc:105 SetupDiGetDeviceProperty({{A45C254E-DF1C-4EFD-8020-67D146A850E0}, 6}) failed: Element not found. (0x490)
[2876:30128:0411/200042.959:ERROR:device_event_log_impl.cc(196)] [20:00:42.931] USB: usb_service_win.cc:105 SetupDiGetDeviceProperty({{A45C254E-DF1C-4EFD-8020-67D146A850E0}, 6}) failed: Element not found. (0x490)
[2876:30128:0411/200045.376:ERROR:device_event_log_impl.cc(196)] [20:00:45.339] USB: usb_service_win.cc:105 SetupDiGetDeviceProperty({{A45C254E-DF1C-4EFD-8020-67D146A850E0}, 6}) failed: Element not found. (0x490)
[2876:30128:0411/200045.561:ERROR:device_event_log_impl.cc(196)] [20:00:45.535] USB: usb_service_win.cc:105 SetupDiGetDeviceProperty({{A45C254E-DF1C-4EFD-8020-67D146A850E0}, 6}) failed: Element not found. (0x490)
[2876:30128:0411/200049.118:ERROR:device_event_log_impl.cc(196)] [20:00:48.716] USB: usb_service_win.cc:105 SetupDiGetDeviceProperty({{A45C254E-DF1C-4EFD-8020-67D146A850E0}, 6}) failed: Element not found. (0x490)
[2876:30128:0411/200049.145:ERROR:device_event_log_impl.cc(196)] [20:00:49.145] USB: usb_service_win.cc:705 Got duplicate add event for path: \\?\usb#vid_054c&pid_0ce6#6&28cf390b&0&7#{a5dcbf10-6530-11d2-901f-00c04fb951ed}
[2876:30128:0411/200049.336:ERROR:device_event_log_impl.cc(196)] [20:00:49.309] USB: usb_service_win.cc:105 SetupDiGetDeviceProperty({{A45C254E-DF1C-4EFD-8020-67D146A850E0}, 6}) failed: Element not found. (0x490)
[2876:30128:0411/200049.549:ERROR:device_event_log_impl.cc(196)] [20:00:49.476] USB: usb_service_win.cc:105 SetupDiGetDeviceProperty({{A45C254E-DF1C-4EFD-8020-67D146A850E0}, 6}) failed: Element not found. (0x490)
[2876:30128:0411/200052.013:ERROR:device_event_log_impl.cc(196)] [20:00:52.009] USB: usb_service_win.cc:105 SetupDiGetDeviceProperty({{A45C254E-DF1C-4EFD-8020-67D146A850E0}, 6}) failed: Element not found. (0x490)
[2876:30128:0411/200052.116:ERROR:device_event_log_impl.cc(196)] [20:00:52.107] USB: usb_service_win.cc:105 SetupDiGetDeviceProperty({{A45C254E-DF1C-4EFD-8020-67D146A850E0}, 6}) failed: Element not found. (0x490)
[2876:30128:0411/200054.831:ERROR:device_event_log_impl.cc(196)] [20:00:54.809] USB: usb_service_win.cc:105 SetupDiGetDeviceProperty({{A45C254E-DF1C-4EFD-8020-67D146A850E0}, 6}) failed: Element not found. (0x490)
[2876:30128:0411/200054.996:ERROR:device_event_log_impl.cc(196)] [20:00:54.971] USB: usb_service_win.cc:105 SetupDiGetDeviceProperty({{A45C254E-DF1C-4EFD-8020-67D146A850E0}, 6}) failed: Element not found. (0x490)
[2876:30128:0411/200057.844:ERROR:device_event_log_impl.cc(196)] [20:00:57.825] USB: usb_service_win.cc:105 SetupDiGetDeviceProperty({{A45C254E-DF1C-4EFD-8020-67D146A850E0}, 6}) failed: Element not found. (0x490)
[2876:30128:0411/200058.132:ERROR:device_event_log_impl.cc(196)] [20:00:58.085] USB: usb_service_win.cc:105 SetupDiGetDeviceProperty({{A45C254E-DF1C-4EFD-8020-67D146A850E0}, 6}) failed: Element not found. (0x490)
[2876:30128:0411/200101.058:ERROR:device_event_log_impl.cc(196)] [20:01:00.993] USB: usb_service_win.cc:105 SetupDiGetDeviceProperty({{A45C254E-DF1C-4EFD-8020-67D146A850E0}, 6}) failed: Element not found. (0x490)
[2876:30128:0411/200101.245:ERROR:device_event_log_impl.cc(196)] [20:01:01.213] USB: usb_service_win.cc:105 SetupDiGetDeviceProperty({{A45C254E-DF1C-4EFD-8020-67D146A850E0}, 6}) failed: Element not found. (0x490)
[2876:30128:0411/200103.182:ERROR:device_event_log_impl.cc(196)] [20:01:03.153] USB: usb_service_win.cc:105 SetupDiGetDeviceProperty({{A45C254E-DF1C-4EFD-8020-67D146A850E0}, 6}) failed: Element not found. (0x490)
[2876:30128:0411/200103.423:ERROR:device_event_log_impl.cc(196)] [20:01:03.327] USB: usb_service_win.cc:105 SetupDiGetDeviceProperty({{A45C254E-DF1C-4EFD-8020-67D146A850E0}, 6}) failed: Element not found. (0x490)
[2876:30128:0411/200105.321:ERROR:device_event_log_impl.cc(196)] [20:01:05.265] USB: usb_service_win.cc:105 SetupDiGetDeviceProperty({{A45C254E-DF1C-4EFD-8020-67D146A850E0}, 6}) failed: Element not found. (0x490)
[2876:30128:0411/200105.517:ERROR:device_event_log_impl.cc(196)] [20:01:05.491] USB: usb_service_win.cc:105 SetupDiGetDeviceProperty({{A45C254E-DF1C-4EFD-8020-67D146A850E0}, 6}) failed: Element not found. (0x490)
[2876:30128:0411/200107.997:ERROR:device_event_log_impl.cc(196)] [20:01:07.975] USB: usb_service_win.cc:105 SetupDiGetDeviceProperty({{A45C254E-DF1C-4EFD-8020-67D146A850E0}, 6}) failed: Element not found. (0x490)
[2876:30128:0411/200108.227:ERROR:device_event_log_impl.cc(196)] [20:01:08.207] USB: usb_service_win.cc:105 SetupDiGetDeviceProperty({{A45C254E-DF1C-4EFD-8020-67D146A850E0}, 6}) failed: Element not found. (0x490)
[2876:30128:0411/200110.411:ERROR:device_event_log_impl.cc(196)] [20:01:10.390] USB: usb_service_win.cc:105 SetupDiGetDeviceProperty({{A45C254E-DF1C-4EFD-8020-67D146A850E0}, 6}) failed: Element not found. (0x490)
[2876:30128:0411/200110.562:ERROR:device_event_log_impl.cc(196)] [20:01:10.553] USB: usb_service_win.cc:105 SetupDiGetDeviceProperty({{A45C254E-DF1C-4EFD-8020-67D146A850E0}, 6}) failed: Element not found. (0x490)
[2876:30128:0411/200113.992:ERROR:device_event_log_impl.cc(196)] [20:01:13.973] USB: usb_service_win.cc:105 SetupDiGetDeviceProperty({{A45C254E-DF1C-4EFD-8020-67D146A850E0}, 6}) failed: Element not found. (0x490)
[2876:30128:0411/200116.577:ERROR:device_event_log_impl.cc(196)] [20:01:16.534] USB: usb_service_win.cc:105 SetupDiGetDeviceProperty({{A45C254E-DF1C-4EFD-8020-67D146A850E0}, 6}) failed: Element not found. (0x490)
[2876:30128:0411/200116.762:ERROR:device_event_log_impl.cc(196)] [20:01:16.723] USB: usb_service_win.cc:105 SetupDiGetDeviceProperty({{A45C254E-DF1C-4EFD-8020-67D146A850E0}, 6}) failed: Element not found. (0x490)
[2876:30128:0411/200118.620:ERROR:device_event_log_impl.cc(196)] [20:01:18.603] USB: usb_service_win.cc:105 SetupDiGetDeviceProperty({{A45C254E-DF1C-4EFD-8020-67D146A850E0}, 6}) failed: Element not found. (0x490)
[2876:30128:0411/200122.498:ERROR:device_event_log_impl.cc(196)] [20:01:22.489] USB: usb_service_win.cc:105 SetupDiGetDeviceProperty({{A45C254E-DF1C-4EFD-8020-67D146A850E0}, 6}) failed: Element not found. (0x490)
[2876:30128:0411/200125.534:ERROR:device_event_log_impl.cc(196)] [20:01:25.514] USB: usb_service_win.cc:105 SetupDiGetDeviceProperty({{A45C254E-DF1C-4EFD-8020-67D146A850E0}, 6}) failed: Element not found. (0x490)
[2876:30128:0411/200129.799:ERROR:device_event_log_impl.cc(196)] [20:01:29.783] USB: usb_service_win.cc:105 SetupDiGetDeviceProperty({{A45C254E-DF1C-4EFD-8020-67D146A850E0}, 6}) failed: Element not found. (0x490)
[2876:30128:0411/200135.942:ERROR:device_event_log_impl.cc(196)] [20:01:35.922] USB: usb_service_win.cc:105 SetupDiGetDeviceProperty({{A45C254E-DF1C-4EFD-8020-67D146A850E0}, 6}) failed: Element not found. (0x490)
[2876:30128:0411/200141.252:ERROR:device_event_log_impl.cc(196)] [20:01:41.040] USB: usb_service_win.cc:105 SetupDiGetDeviceProperty({{A45C254E-DF1C-4EFD-8020-67D146A850E0}, 6}) failed: Element not found. (0x490)
[2876:30128:0411/200145.259:ERROR:device_event_log_impl.cc(196)] [20:01:45.131] USB: usb_service_win.cc:105 SetupDiGetDeviceProperty({{A45C254E-DF1C-4EFD-8020-67D146A850E0}, 6}) failed: Element not found. (0x490)
[2876:30128:0411/200151.608:ERROR:device_event_log_impl.cc(196)] [20:01:51.573] USB: usb_service_win.cc:105 SetupDiGetDeviceProperty({{A45C254E-DF1C-4EFD-8020-67D146A850E0}, 6}) failed: Element not found. (0x490)
[2876:30128:0411/200159.605:ERROR:device_event_log_impl.cc(196)] [20:01:59.353] USB: usb_service_win.cc:105 SetupDiGetDeviceProperty({{A45C254E-DF1C-4EFD-8020-67D146A850E0}, 6}) failed: Element not found. (0x490)
[2876:30128:0411/200209.606:ERROR:device_event_log_impl.cc(196)] [20:02:09.559] USB: usb_service_win.cc:105 SetupDiGetDeviceProperty({{A45C254E-DF1C-4EFD-8020-67D146A850E0}, 6}) failed: Element not found. (0x490)
[2876:30128:0411/200217.946:ERROR:device_event_log_impl.cc(196)] [20:02:17.774] USB: usb_service_win.cc:105 SetupDiGetDeviceProperty({{A45C254E-DF1C-4EFD-8020-67D146A850E0}, 6}) failed: Element not found. (0x490)
[2876:30128:0411/200228.949:ERROR:device_event_log_impl.cc(196)] [20:02:28.842] USB: usb_service_win.cc:105 SetupDiGetDeviceProperty({{A45C254E-DF1C-4EFD-8020-67D146A850E0}, 6}) failed: Element not found. (0x490)
[2876:30128:0411/200303.576:ERROR:device_event_log_impl.cc(196)] [20:03:03.515] USB: usb_service_win.cc:105 SetupDiGetDeviceProperty({{A45C254E-DF1C-4EFD-8020-67D146A850E0}, 6}) failed: Element not found. (0x490)
[2876:30128:0411/200439.738:ERROR:device_event_log_impl.cc(196)] [20:04:13.724] USB: usb_service_win.cc:105 SetupDiGetDeviceProperty({{A45C254E-DF1C-4EFD-8020-67D146A850E0}, 6}) failed: Element not found. (0x490)
[2876:30128:0411/200439.738:ERROR:device_event_log_impl.cc(196)] [20:04:39.738] USB: usb_service_win.cc:705 Got duplicate add event for path: \\?\usb#vid_054c&pid_0ce6#6&28cf390b&0&7#{a5dcbf10-6530-11d2-901f-00c04fb951ed}
[2876:30128:0411/200439.738:ERROR:device_event_log_impl.cc(196)] [20:04:31.072] USB: usb_service_win.cc:105 SetupDiGetDeviceProperty({{A45C254E-DF1C-4EFD-8020-67D146A850E0}, 6}) failed: Element not found. (0x490)
[2876:30128:0411/200442.892:ERROR:device_event_log_impl.cc(196)] [20:04:42.615] USB: usb_service_win.cc:105 SetupDiGetDeviceProperty({{A45C254E-DF1C-4EFD-8020-67D146A850E0}, 6}) failed: Element not found. (0x490)
[2876:30128:0411/200445.957:ERROR:device_event_log_impl.cc(196)] [20:04:45.946] USB: usb_service_win.cc:105 SetupDiGetDeviceProperty({{A45C254E-DF1C-4EFD-8020-67D146A850E0}, 6}) failed: Element not found. (0x490)
[2876:30128:0411/200517.210:ERROR:device_event_log_impl.cc(196)] [20:04:58.347] USB: usb_service_win.cc:105 SetupDiGetDeviceProperty({{A45C254E-DF1C-4EFD-8020-67D146A850E0}, 6}) failed: Element not found. (0x490)
[2876:30128:0411/200517.210:ERROR:device_event_log_impl.cc(196)] [20:05:17.210] USB: usb_service_win.cc:705 Got duplicate add event for path: \\?\usb#vid_054c&pid_0ce6#6&28cf390b&0&7#{a5dcbf10-6530-11d2-901f-00c04fb951ed}
[2876:30128:0411/200517.210:ERROR:device_event_log_impl.cc(196)] [20:04:59.707] USB: usb_service_win.cc:105 SetupDiGetDeviceProperty({{A45C254E-DF1C-4EFD-8020-67D146A850E0}, 6}) failed: Element not found. (0x490)
[2876:30128:0411/200517.210:ERROR:device_event_log_impl.cc(196)] [20:05:17.211] USB: usb_service_win.cc:705 Got duplicate add event for path: \\?\usb#vid_054c&pid_0ce6#6&28cf390b&0&7#{a5dcbf10-6530-11d2-901f-00c04fb951ed}
[2876:30128:0411/200517.211:ERROR:device_event_log_impl.cc(196)] [20:05:10.926] USB: usb_service_win.cc:105 SetupDiGetDeviceProperty({{A45C254E-DF1C-4EFD-8020-67D146A850E0}, 6}) failed: Element not found. (0x490)
[2876:30128:0411/200517.211:ERROR:device_event_log_impl.cc(196)] [20:05:17.211] USB: usb_service_win.cc:705 Got duplicate add event for path: \\?\usb#vid_054c&pid_0ce6#6&28cf390b&0&7#{a5dcbf10-6530-11d2-901f-00c04fb951ed}
[2876:30128:0411/200517.211:ERROR:device_event_log_impl.cc(196)] [20:05:15.235] USB: usb_service_win.cc:105 SetupDiGetDeviceProperty({{A45C254E-DF1C-4EFD-8020-67D146A850E0}, 6}) failed: Element not found. (0x490)
[2876:30128:0411/200521.114:ERROR:device_event_log_impl.cc(196)] [20:05:21.091] USB: usb_service_win.cc:105 SetupDiGetDeviceProperty({{A45C254E-DF1C-4EFD-8020-67D146A850E0}, 6}) failed: Element not found. (0x490)
[2876:30128:0411/200522.346:ERROR:device_event_log_impl.cc(196)] [20:05:22.325] USB: usb_service_win.cc:105 SetupDiGetDeviceProperty({{A45C254E-DF1C-4EFD-8020-67D146A850E0}, 6}) failed: Element not found. (0x490)
[2876:30128:0411/200524.027:ERROR:device_event_log_impl.cc(196)] [20:05:24.010] USB: usb_service_win.cc:105 SetupDiGetDeviceProperty({{A45C254E-DF1C-4EFD-8020-67D146A850E0}, 6}) failed: Element not found. (0x490)
[2876:30128:0411/200525.348:ERROR:device_event_log_impl.cc(196)] [20:05:25.291] USB: usb_service_win.cc:105 SetupDiGetDeviceProperty({{A45C254E-DF1C-4EFD-8020-67D146A850E0}, 6}) failed: Element not found. (0x490)
[2876:30128:0411/200528.287:ERROR:device_event_log_impl.cc(196)] [20:05:28.269] USB: usb_service_win.cc:105 SetupDiGetDeviceProperty({{A45C254E-DF1C-4EFD-8020-67D146A850E0}, 6}) failed: Element not found. (0x490)
[2876:30128:0411/200531.003:ERROR:device_event_log_impl.cc(196)] [20:05:30.987] USB: usb_service_win.cc:105 SetupDiGetDeviceProperty({{A45C254E-DF1C-4EFD-8020-67D146A850E0}, 6}) failed: Element not found. (0x490)
[2876:30128:0411/200535.595:ERROR:device_event_log_impl.cc(196)] [20:05:35.595] USB: usb_service_win.cc:105 SetupDiGetDeviceProperty({{A45C254E-DF1C-4EFD-8020-67D146A850E0}, 6}) failed: Element not found. (0x490)
[2876:30128:0411/200544.155:ERROR:device_event_log_impl.cc(196)] [20:05:44.098] USB: usb_service_win.cc:105 SetupDiGetDeviceProperty({{A45C254E-DF1C-4EFD-8020-67D146A850E0}, 6}) failed: Element not found. (0x490)
[2876:30128:0411/200548.669:ERROR:device_event_log_impl.cc(196)] [20:05:48.641] USB: usb_service_win.cc:105 SetupDiGetDeviceProperty({{A45C254E-DF1C-4EFD-8020-67D146A850E0}, 6}) failed: Element not found. (0x490)
[2876:30128:0411/200554.790:ERROR:device_event_log_impl.cc(196)] [20:05:54.747] USB: usb_service_win.cc:105 SetupDiGetDeviceProperty({{A45C254E-DF1C-4EFD-8020-67D146A850E0}, 6}) failed: Element not found. (0x490)
[2876:30128:0411/200558.998:ERROR:device_event_log_impl.cc(196)] [20:05:58.951] USB: usb_service_win.cc:105 SetupDiGetDeviceProperty({{A45C254E-DF1C-4EFD-8020-67D146A850E0}, 6}) failed: Element not found. (0x490)
[2876:30128:0411/200559.186:ERROR:device_event_log_impl.cc(196)] [20:05:59.154] USB: usb_service_win.cc:105 SetupDiGetDeviceProperty({{A45C254E-DF1C-4EFD-8020-67D146A850E0}, 6}) failed: Element not found. (0x490)
[2876:30128:0411/200609.470:ERROR:device_event_log_impl.cc(196)] [20:06:09.444] USB: usb_service_win.cc:105 SetupDiGetDeviceProperty({{A45C254E-DF1C-4EFD-8020-67D146A850E0}, 6}) failed: Element not found. (0x490)
[2876:30128:0411/200613.260:ERROR:device_event_log_impl.cc(196)] [20:06:13.233] USB: usb_service_win.cc:105 SetupDiGetDeviceProperty({{A45C254E-DF1C-4EFD-8020-67D146A850E0}, 6}) failed: Element not found. (0x490)
[2876:30128:0411/200613.433:ERROR:device_event_log_impl.cc(196)] [20:06:13.405] USB: usb_service_win.cc:105 SetupDiGetDeviceProperty({{A45C254E-DF1C-4EFD-8020-67D146A850E0}, 6}) failed: Element not found. (0x490)
[2876:30128:0411/200617.453:ERROR:device_event_log_impl.cc(196)] [20:06:17.429] USB: usb_service_win.cc:105 SetupDiGetDeviceProperty({{A45C254E-DF1C-4EFD-8020-67D146A850E0}, 6}) failed: Element not found. (0x490)
[2876:30128:0411/200620.469:ERROR:device_event_log_impl.cc(196)] [20:06:20.432] USB: usb_service_win.cc:105 SetupDiGetDeviceProperty({{A45C254E-DF1C-4EFD-8020-67D146A850E0}, 6}) failed: Element not found. (0x490)
[2876:30128:0411/200620.663:ERROR:device_event_log_impl.cc(196)] [20:06:20.637] USB: usb_service_win.cc:105 SetupDiGetDeviceProperty({{A45C254E-DF1C-4EFD-8020-67D146A850E0}, 6}) failed: Element not found. (0x490)
[2876:30128:0411/200623.595:ERROR:device_event_log_impl.cc(196)] [20:06:23.552] USB: usb_service_win.cc:105 SetupDiGetDeviceProperty({{A45C254E-DF1C-4EFD-8020-67D146A850E0}, 6}) failed: Element not found. (0x490)
[2876:30128:0411/200623.793:ERROR:device_event_log_impl.cc(196)] [20:06:23.764] USB: usb_service_win.cc:105 SetupDiGetDeviceProperty({{A45C254E-DF1C-4EFD-8020-67D146A850E0}, 6}) failed: Element not found. (0x490)
[2876:30128:0411/200625.637:ERROR:device_event_log_impl.cc(196)] [20:06:25.612] USB: usb_service_win.cc:105 SetupDiGetDeviceProperty({{A45C254E-DF1C-4EFD-8020-67D146A850E0}, 6}) failed: Element not found. (0x490)
[2876:30128:0411/200630.939:ERROR:device_event_log_impl.cc(196)] [20:06:30.920] USB: usb_service_win.cc:105 SetupDiGetDeviceProperty({{A45C254E-DF1C-4EFD-8020-67D146A850E0}, 6}) failed: Element not found. (0x490)
[2876:30128:0411/200633.249:ERROR:device_event_log_impl.cc(196)] [20:06:33.230] USB: usb_service_win.cc:105 SetupDiGetDeviceProperty({{A45C254E-DF1C-4EFD-8020-67D146A850E0}, 6}) failed: Element not found. (0x490)
[2876:30128:0411/200636.044:ERROR:device_event_log_impl.cc(196)] [20:06:36.025] USB: usb_service_win.cc:105 SetupDiGetDeviceProperty({{A45C254E-DF1C-4EFD-8020-67D146A850E0}, 6}) failed: Element not found. (0x490)
[2876:30128:0411/200642.268:ERROR:device_event_log_impl.cc(196)] [20:06:42.200] USB: usb_service_win.cc:105 SetupDiGetDeviceProperty({{A45C254E-DF1C-4EFD-8020-67D146A850E0}, 6}) failed: Element not found. (0x490)
[2876:30128:0411/200644.997:ERROR:device_event_log_impl.cc(196)] [20:06:44.971] USB: usb_service_win.cc:105 SetupDiGetDeviceProperty({{A45C254E-DF1C-4EFD-8020-67D146A850E0}, 6}) failed: Element not found. (0x490)
[2876:30128:0411/200645.181:ERROR:device_event_log_impl.cc(196)] [20:06:45.153] USB: usb_service_win.cc:105 SetupDiGetDeviceProperty({{A45C254E-DF1C-4EFD-8020-67D146A850E0}, 6}) failed: Element not found. (0x490)
[2876:30128:0411/200648.787:ERROR:device_event_log_impl.cc(196)] [20:06:48.747] USB: usb_service_win.cc:105 SetupDiGetDeviceProperty({{A45C254E-DF1C-4EFD-8020-67D146A850E0}, 6}) failed: Element not found. (0x490)
[2876:30128:0411/200648.961:ERROR:device_event_log_impl.cc(196)] [20:06:48.934] USB: usb_service_win.cc:105 SetupDiGetDeviceProperty({{A45C254E-DF1C-4EFD-8020-67D146A850E0}, 6}) failed: Element not found. (0x490)
[2876:30128:0411/200652.507:ERROR:device_event_log_impl.cc(196)] [20:06:52.468] USB: usb_service_win.cc:105 SetupDiGetDeviceProperty({{A45C254E-DF1C-4EFD-8020-67D146A850E0}, 6}) failed: Element not found. (0x490)
[2876:30128:0411/200652.831:ERROR:device_event_log_impl.cc(196)] [20:06:52.595] USB: usb_service_win.cc:105 SetupDiGetDeviceProperty({{A45C254E-DF1C-4EFD-8020-67D146A850E0}, 6}) failed: Element not found. (0x490)
[2876:30128:0411/200656.826:ERROR:device_event_log_impl.cc(196)] [20:06:56.623] USB: usb_service_win.cc:105 SetupDiGetDeviceProperty({{A45C254E-DF1C-4EFD-8020-67D146A850E0}, 6}) failed: Element not found. (0x490)
[2876:30128:0411/200657.509:ERROR:device_event_log_impl.cc(196)] [20:06:57.332] USB: usb_service_win.cc:105 SetupDiGetDeviceProperty({{A45C254E-DF1C-4EFD-8020-67D146A850E0}, 6}) failed: Element not found. (0x490)
[2876:30128:0411/200702.249:ERROR:device_event_log_impl.cc(196)] [20:07:02.198] USB: usb_service_win.cc:105 SetupDiGetDeviceProperty({{A45C254E-DF1C-4EFD-8020-67D146A850E0}, 6}) failed: Element not found. (0x490)
[2876:30128:0411/200704.573:ERROR:device_event_log_impl.cc(196)] [20:07:04.460] USB: usb_service_win.cc:105 SetupDiGetDeviceProperty({{A45C254E-DF1C-4EFD-8020-67D146A850E0}, 6}) failed: Element not found. (0x490)
[2876:30128:0411/200706.577:ERROR:device_event_log_impl.cc(196)] [20:07:06.531] USB: usb_service_win.cc:105 SetupDiGetDeviceProperty({{A45C254E-DF1C-4EFD-8020-67D146A850E0}, 6}) failed: Element not found. (0x490)
[2876:30128:0411/200709.241:ERROR:device_event_log_impl.cc(196)] [20:07:08.962] USB: usb_service_win.cc:105 SetupDiGetDeviceProperty({{A45C254E-DF1C-4EFD-8020-67D146A850E0}, 6}) failed: Element not found. (0x490)
[2876:30128:0411/200712.910:ERROR:device_event_log_impl.cc(196)] [20:07:12.662] USB: usb_service_win.cc:105 SetupDiGetDeviceProperty({{A45C254E-DF1C-4EFD-8020-67D146A850E0}, 6}) failed: Element not found. (0x490)
[2876:30128:0411/200716.912:ERROR:device_event_log_impl.cc(196)] [20:07:16.762] USB: usb_service_win.cc:105 SetupDiGetDeviceProperty({{A45C254E-DF1C-4EFD-8020-67D146A850E0}, 6}) failed: Element not found. (0x490)
[2876:30128:0411/200718.924:ERROR:device_event_log_impl.cc(196)] [20:07:18.786] USB: usb_service_win.cc:105 SetupDiGetDeviceProperty({{A45C254E-DF1C-4EFD-8020-67D146A850E0}, 6}) failed: Element not found. (0x490)
[2876:30128:0411/200722.240:ERROR:device_event_log_impl.cc(196)] [20:07:22.002] USB: usb_service_win.cc:105 SetupDiGetDeviceProperty({{A45C254E-DF1C-4EFD-8020-67D146A850E0}, 6}) failed: Element not found. (0x490)
[2876:30128:0411/200727.829:ERROR:device_event_log_impl.cc(196)] [20:07:27.588] USB: usb_service_win.cc:105 SetupDiGetDeviceProperty({{A45C254E-DF1C-4EFD-8020-67D146A850E0}, 6}) failed: Element not found. (0x490)
[2876:30128:0411/200730.168:ERROR:device_event_log_impl.cc(196)] [20:07:29.882] USB: usb_service_win.cc:105 SetupDiGetDeviceProperty({{A45C254E-DF1C-4EFD-8020-67D146A850E0}, 6}) failed: Element not found. (0x490)
[2876:30128:0411/200733.183:ERROR:device_event_log_impl.cc(196)] [20:07:33.144] USB: usb_service_win.cc:105 SetupDiGetDeviceProperty({{A45C254E-DF1C-4EFD-8020-67D146A850E0}, 6}) failed: Element not found. (0x490)
[2876:30128:0411/200737.501:ERROR:device_event_log_impl.cc(196)] [20:07:37.410] USB: usb_service_win.cc:105 SetupDiGetDeviceProperty({{A45C254E-DF1C-4EFD-8020-67D146A850E0}, 6}) failed: Element not found. (0x490)
[2876:30128:0411/200745.836:ERROR:device_event_log_impl.cc(196)] [20:07:45.610] USB: usb_service_win.cc:105 SetupDiGetDeviceProperty({{A45C254E-DF1C-4EFD-8020-67D146A850E0}, 6}) failed: Element not found. (0x490)
[2876:30128:0411/200753.544:ERROR:device_event_log_impl.cc(196)] [20:07:53.545] USB: usb_service_win.cc:105 SetupDiGetDeviceProperty({{A45C254E-DF1C-4EFD-8020-67D146A850E0}, 6}) failed: Element not found. (0x490)
[2876:30128:0411/200757.835:ERROR:device_event_log_impl.cc(196)] [20:07:57.546] USB: usb_service_win.cc:105 SetupDiGetDeviceProperty({{A45C254E-DF1C-4EFD-8020-67D146A850E0}, 6}) failed: Element not found. (0x490)
[2876:30128:0411/200801.173:ERROR:device_event_log_impl.cc(196)] [20:08:01.068] USB: usb_service_win.cc:105 SetupDiGetDeviceProperty({{A45C254E-DF1C-4EFD-8020-67D146A850E0}, 6}) failed: Element not found. (0x490)
[2876:30128:0411/200807.836:ERROR:device_event_log_impl.cc(196)] [20:08:07.684] USB: usb_service_win.cc:105 SetupDiGetDeviceProperty({{A45C254E-DF1C-4EFD-8020-67D146A850E0}, 6}) failed: Element not found. (0x490)
[2876:30128:0411/200812.503:ERROR:device_event_log_impl.cc(196)] [20:08:12.224] USB: usb_service_win.cc:105 SetupDiGetDeviceProperty({{A45C254E-DF1C-4EFD-8020-67D146A850E0}, 6}) failed: Element not found. (0x490)
[2876:30128:0411/200822.840:ERROR:device_event_log_impl.cc(196)] [20:08:22.704] USB: usb_service_win.cc:105 SetupDiGetDeviceProperty({{A45C254E-DF1C-4EFD-8020-67D146A850E0}, 6}) failed: Element not found. (0x490)
[2876:30128:0411/200827.851:ERROR:device_event_log_impl.cc(196)] [20:08:27.676] USB: usb_service_win.cc:105 SetupDiGetDeviceProperty({{A45C254E-DF1C-4EFD-8020-67D146A850E0}, 6}) failed: Element not found. (0x490)
[2876:30128:0411/200832.854:ERROR:device_event_log_impl.cc(196)] [20:08:32.709] USB: usb_service_win.cc:105 SetupDiGetDeviceProperty({{A45C254E-DF1C-4EFD-8020-67D146A850E0}, 6}) failed: Element not found. (0x490)
[2876:30128:0411/200838.186:ERROR:device_event_log_impl.cc(196)] [20:08:37.950] USB: usb_service_win.cc:105 SetupDiGetDeviceProperty({{A45C254E-DF1C-4EFD-8020-67D146A850E0}, 6}) failed: Element not found. (0x490)
[2876:30128:0411/200841.521:ERROR:device_event_log_impl.cc(196)] [20:08:41.248] USB: usb_service_win.cc:105 SetupDiGetDeviceProperty({{A45C254E-DF1C-4EFD-8020-67D146A850E0}, 6}) failed: Element not found. (0x490)
[2876:30128:0411/200845.195:ERROR:device_event_log_impl.cc(196)] [20:08:45.009] USB: usb_service_win.cc:105 SetupDiGetDeviceProperty({{A45C254E-DF1C-4EFD-8020-67D146A850E0}, 6}) failed: Element not found. (0x490)
[2876:30128:0411/200847.864:ERROR:device_event_log_impl.cc(196)] [20:08:47.823] USB: usb_service_win.cc:105 SetupDiGetDeviceProperty({{A45C254E-DF1C-4EFD-8020-67D146A850E0}, 6}) failed: Element not found. (0x490)
[2876:30128:0411/200854.529:ERROR:device_event_log_impl.cc(196)] [20:08:54.290] USB: usb_service_win.cc:105 SetupDiGetDeviceProperty({{A45C254E-DF1C-4EFD-8020-67D146A850E0}, 6}) failed: Element not found. (0x490)
[2876:30128:0411/200910.201:ERROR:device_event_log_impl.cc(196)] [20:09:10.123] USB: usb_service_win.cc:105 SetupDiGetDeviceProperty({{A45C254E-DF1C-4EFD-8020-67D146A850E0}, 6}) failed: Element not found. (0x490)
[2876:30128:0411/200912.535:ERROR:device_event_log_impl.cc(196)] [20:09:12.449] USB: usb_service_win.cc:105 SetupDiGetDeviceProperty({{A45C254E-DF1C-4EFD-8020-67D146A850E0}, 6}) failed: Element not found. (0x490)
[2876:30128:0411/200918.532:ERROR:device_event_log_impl.cc(196)] [20:09:18.436] USB: usb_service_win.cc:105 SetupDiGetDeviceProperty({{A45C254E-DF1C-4EFD-8020-67D146A850E0}, 6}) failed: Element not found. (0x490)
[2876:30128:0411/200921.530:ERROR:device_event_log_impl.cc(196)] [20:09:21.328] USB: usb_service_win.cc:105 SetupDiGetDeviceProperty({{A45C254E-DF1C-4EFD-8020-67D146A850E0}, 6}) failed: Element not found. (0x490)
[2876:30128:0411/200924.197:ERROR:device_event_log_impl.cc(196)] [20:09:23.917] USB: usb_service_win.cc:105 SetupDiGetDeviceProperty({{A45C254E-DF1C-4EFD-8020-67D146A850E0}, 6}) failed: Element not found. (0x490)
[2876:30128:0411/200932.200:ERROR:device_event_log_impl.cc(196)] [20:09:32.153] USB: usb_service_win.cc:105 SetupDiGetDeviceProperty({{A45C254E-DF1C-4EFD-8020-67D146A850E0}, 6}) failed: Element not found. (0x490)
[2876:30128:0411/200937.198:ERROR:device_event_log_impl.cc(196)] [20:09:36.988] USB: usb_service_win.cc:105 SetupDiGetDeviceProperty({{A45C254E-DF1C-4EFD-8020-67D146A850E0}, 6}) failed: Element not found. (0x490)
[2876:30128:0411/200947.198:ERROR:device_event_log_impl.cc(196)] [20:09:46.960] USB: usb_service_win.cc:105 SetupDiGetDeviceProperty({{A45C254E-DF1C-4EFD-8020-67D146A850E0}, 6}) failed: Element not found. (0x490)
[2876:30128:0411/201003.879:ERROR:device_event_log_impl.cc(196)] [20:10:03.607] USB: usb_service_win.cc:105 SetupDiGetDeviceProperty({{A45C254E-DF1C-4EFD-8020-67D146A850E0}, 6}) failed: Element not found. (0x490)
[2876:30128:0411/201005.886:ERROR:device_event_log_impl.cc(196)] [20:10:05.747] USB: usb_service_win.cc:105 SetupDiGetDeviceProperty({{A45C254E-DF1C-4EFD-8020-67D146A850E0}, 6}) failed: Element not found. (0x490)
[2876:30128:0411/201017.212:ERROR:device_event_log_impl.cc(196)] [20:10:16.978] USB: usb_service_win.cc:105 SetupDiGetDeviceProperty({{A45C254E-DF1C-4EFD-8020-67D146A850E0}, 6}) failed: Element not found. (0x490)
[2876:30128:0411/201018.547:ERROR:device_event_log_impl.cc(196)] [20:10:18.467] USB: usb_service_win.cc:105 SetupDiGetDeviceProperty({{A45C254E-DF1C-4EFD-8020-67D146A850E0}, 6}) failed: Element not found. (0x490)
[2876:30128:0411/201020.879:ERROR:device_event_log_impl.cc(196)] [20:10:20.691] USB: usb_service_win.cc:105 SetupDiGetDeviceProperty({{A45C254E-DF1C-4EFD-8020-67D146A850E0}, 6}) failed: Element not found. (0x490)
[2876:30128:0411/201024.224:ERROR:device_event_log_impl.cc(196)] [20:10:24.089] USB: usb_service_win.cc:105 SetupDiGetDeviceProperty({{A45C254E-DF1C-4EFD-8020-67D146A850E0}, 6}) failed: Element not found. (0x490)
[2876:30128:0411/201042.888:ERROR:device_event_log_impl.cc(196)] [20:10:42.831] USB: usb_service_win.cc:105 SetupDiGetDeviceProperty({{A45C254E-DF1C-4EFD-8020-67D146A850E0}, 6}) failed: Element not found. (0x490)
[2876:30128:0411/201044.552:ERROR:device_event_log_impl.cc(196)] [20:10:44.335] USB: usb_service_win.cc:105 SetupDiGetDeviceProperty({{A45C254E-DF1C-4EFD-8020-67D146A850E0}, 6}) failed: Element not found. (0x490)
[2876:30128:0411/201047.887:ERROR:device_event_log_impl.cc(196)] [20:10:47.727] USB: usb_service_win.cc:105 SetupDiGetDeviceProperty({{A45C254E-DF1C-4EFD-8020-67D146A850E0}, 6}) failed: Element not found. (0x490)
[2876:30128:0411/201050.887:ERROR:device_event_log_impl.cc(196)] [20:10:50.752] USB: usb_service_win.cc:105 SetupDiGetDeviceProperty({{A45C254E-DF1C-4EFD-8020-67D146A850E0}, 6}) failed: Element not found. (0x490)
[2876:30128:0411/201056.885:ERROR:device_event_log_impl.cc(196)] [20:10:56.597] USB: usb_service_win.cc:105 SetupDiGetDeviceProperty({{A45C254E-DF1C-4EFD-8020-67D146A850E0}, 6}) failed: Element not found. (0x490)
[2876:30128:0411/201107.554:ERROR:device_event_log_impl.cc(196)] [20:11:07.369] USB: usb_service_win.cc:105 SetupDiGetDeviceProperty({{A45C254E-DF1C-4EFD-8020-67D146A850E0}, 6}) failed: Element not found. (0x490)
[2876:30128:0411/201110.886:ERROR:device_event_log_impl.cc(196)] [20:11:10.666] USB: usb_service_win.cc:105 SetupDiGetDeviceProperty({{A45C254E-DF1C-4EFD-8020-67D146A850E0}, 6}) failed: Element not found. (0x490)
[2876:30128:0411/201118.889:ERROR:device_event_log_impl.cc(196)] [20:11:18.647] USB: usb_service_win.cc:105 SetupDiGetDeviceProperty({{A45C254E-DF1C-4EFD-8020-67D146A850E0}, 6}) failed: Element not found. (0x490)
[2876:30128:0411/201121.225:ERROR:device_event_log_impl.cc(196)] [20:11:21.181] USB: usb_service_win.cc:105 SetupDiGetDeviceProperty({{A45C254E-DF1C-4EFD-8020-67D146A850E0}, 6}) failed: Element not found. (0x490)
[2876:30128:0411/201132.887:ERROR:device_event_log_impl.cc(196)] [20:11:32.729] USB: usb_service_win.cc:105 SetupDiGetDeviceProperty({{A45C254E-DF1C-4EFD-8020-67D146A850E0}, 6}) failed: Element not found. (0x490)
[2876:30128:0411/201137.220:ERROR:device_event_log_impl.cc(196)] [20:11:36.989] USB: usb_service_win.cc:105 SetupDiGetDeviceProperty({{A45C254E-DF1C-4EFD-8020-67D146A850E0}, 6}) failed: Element not found. (0x490)
[2876:30128:0411/201139.228:ERROR:device_event_log_impl.cc(196)] [20:11:39.074] USB: usb_service_win.cc:105 SetupDiGetDeviceProperty({{A45C254E-DF1C-4EFD-8020-67D146A850E0}, 6}) failed: Element not found. (0x490)
[2876:30128:0411/201143.897:ERROR:device_event_log_impl.cc(196)] [20:11:43.782] USB: usb_service_win.cc:105 SetupDiGetDeviceProperty({{A45C254E-DF1C-4EFD-8020-67D146A850E0}, 6}) failed: Element not found. (0x490)
[2876:30128:0411/201148.570:ERROR:device_event_log_impl.cc(196)] [20:11:48.301] USB: usb_service_win.cc:105 SetupDiGetDeviceProperty({{A45C254E-DF1C-4EFD-8020-67D146A850E0}, 6}) failed: Element not found. (0x490)
[2876:30128:0411/201151.241:ERROR:device_event_log_impl.cc(196)] [20:11:51.190] USB: usb_service_win.cc:105 SetupDiGetDeviceProperty({{A45C254E-DF1C-4EFD-8020-67D146A850E0}, 6}) failed: Element not found. (0x490)
[2876:30128:0411/201157.577:ERROR:device_event_log_impl.cc(196)] [20:11:57.472] USB: usb_service_win.cc:105 SetupDiGetDeviceProperty({{A45C254E-DF1C-4EFD-8020-67D146A850E0}, 6}) failed: Element not found. (0x490)
[2876:30128:0411/201201.575:ERROR:device_event_log_impl.cc(196)] [20:12:01.429] USB: usb_service_win.cc:105 SetupDiGetDeviceProperty({{A45C254E-DF1C-4EFD-8020-67D146A850E0}, 6}) failed: Element not found. (0x490)
[2876:30128:0411/201206.260:ERROR:device_event_log_impl.cc(196)] [20:12:06.227] USB: usb_service_win.cc:105 SetupDiGetDeviceProperty({{A45C254E-DF1C-4EFD-8020-67D146A850E0}, 6}) failed: Element not found. (0x490)
[2876:30128:0411/201212.592:ERROR:device_event_log_impl.cc(196)] [20:12:12.452] USB: usb_service_win.cc:105 SetupDiGetDeviceProperty({{A45C254E-DF1C-4EFD-8020-67D146A850E0}, 6}) failed: Element not found. (0x490)
[2876:30128:0411/201218.255:ERROR:device_event_log_impl.cc(196)] [20:12:17.977] USB: usb_service_win.cc:105 SetupDiGetDeviceProperty({{A45C254E-DF1C-4EFD-8020-67D146A850E0}, 6}) failed: Element not found. (0x490)
[2876:30128:0411/201220.256:ERROR:device_event_log_impl.cc(196)] [20:12:20.016] USB: usb_service_win.cc:105 SetupDiGetDeviceProperty({{A45C254E-DF1C-4EFD-8020-67D146A850E0}, 6}) failed: Element not found. (0x490)
[2876:30128:0411/201228.262:ERROR:device_event_log_impl.cc(196)] [20:12:28.227] USB: usb_service_win.cc:105 SetupDiGetDeviceProperty({{A45C254E-DF1C-4EFD-8020-67D146A850E0}, 6}) failed: Element not found. (0x490)
[2876:30128:0411/201247.925:ERROR:device_event_log_impl.cc(196)] [20:12:47.719] USB: usb_service_win.cc:105 SetupDiGetDeviceProperty({{A45C254E-DF1C-4EFD-8020-67D146A850E0}, 6}) failed: Element not found. (0x490)
[2876:30128:0411/201257.590:ERROR:device_event_log_impl.cc(196)] [20:12:57.451] USB: usb_service_win.cc:105 SetupDiGetDeviceProperty({{A45C254E-DF1C-4EFD-8020-67D146A850E0}, 6}) failed: Element not found. (0x490)
[2876:30128:0411/201319.937:ERROR:device_event_log_impl.cc(196)] [20:13:19.902] USB: usb_service_win.cc:105 SetupDiGetDeviceProperty({{A45C254E-DF1C-4EFD-8020-67D146A850E0}, 6}) failed: Element not found. (0x490)
[2876:30128:0411/201342.008:WARNING:pref_notifier_impl.cc(41)] Pref observer for media_router.cast_allow_all_ips found at shutdown.
