[17808:17624:0411/193551.458:WARNING:chrome_main_delegate.cc(745)] This is Chrome version 128.0.6613.138 (not a warning)
[17808:17624:0411/193551.698:WARNING:account_consistency_mode_manager.cc(77)] Desktop Identity Consistency cannot be enabled as no OAuth client ID and client secret have been configured.
[17808:17624:0411/193709.114:ERROR:network_service_instance_impl.cc(608)] Network service crashed, restarting service.
[7700:25848:0411/193709.623:ERROR:frame_impl.cc(537)] frame 5-D536F7DA5F2E5BCD792EAAC0C823469A connection timeout
[17808:17624:0411/193709.950:ERROR:device_event_log_impl.cc(196)] [19:37:09.881] USB: usb_service_win.cc:105 SetupDiGetDeviceProperty({{A45C254E-DF1C-4EFD-8020-67D146A850E0}, 6}) failed: Element not found. (0x490)
[17808:17624:0411/193710.188:ERROR:device_event_log_impl.cc(196)] [19:37:10.161] USB: usb_service_win.cc:105 SetupDiGetDeviceProperty({{A45C254E-DF1C-4EFD-8020-67D146A850E0}, 6}) failed: Element not found. (0x490)
[17808:17624:0411/193713.259:ERROR:device_event_log_impl.cc(196)] [19:37:13.243] USB: usb_service_win.cc:105 SetupDiGetDeviceProperty({{A45C254E-DF1C-4EFD-8020-67D146A850E0}, 6}) failed: Element not found. (0x490)
[17808:17624:0411/193716.628:ERROR:device_event_log_impl.cc(196)] [19:37:16.613] USB: usb_service_win.cc:105 SetupDiGetDeviceProperty({{A45C254E-DF1C-4EFD-8020-67D146A850E0}, 6}) failed: Element not found. (0x490)
[17808:17624:0411/193719.809:ERROR:device_event_log_impl.cc(196)] [19:37:19.793] USB: usb_service_win.cc:105 SetupDiGetDeviceProperty({{A45C254E-DF1C-4EFD-8020-67D146A850E0}, 6}) failed: Element not found. (0x490)
[17808:17624:0411/193722.314:ERROR:device_event_log_impl.cc(196)] [19:37:22.296] USB: usb_service_win.cc:105 SetupDiGetDeviceProperty({{A45C254E-DF1C-4EFD-8020-67D146A850E0}, 6}) failed: Element not found. (0x490)
[17808:17624:0411/193726.942:ERROR:device_event_log_impl.cc(196)] [19:37:26.871] USB: usb_service_win.cc:105 SetupDiGetDeviceProperty({{A45C254E-DF1C-4EFD-8020-67D146A850E0}, 6}) failed: Element not found. (0x490)
[17808:17624:0411/193730.645:ERROR:device_event_log_impl.cc(196)] [19:37:30.629] USB: usb_service_win.cc:105 SetupDiGetDeviceProperty({{A45C254E-DF1C-4EFD-8020-67D146A850E0}, 6}) failed: Element not found. (0x490)
[17808:17624:0411/193734.123:ERROR:device_event_log_impl.cc(196)] [19:37:34.108] USB: usb_service_win.cc:105 SetupDiGetDeviceProperty({{A45C254E-DF1C-4EFD-8020-67D146A850E0}, 6}) failed: Element not found. (0x490)
[17808:17624:0411/193736.388:ERROR:device_event_log_impl.cc(196)] [19:37:36.379] USB: usb_service_win.cc:105 SetupDiGetDeviceProperty({{A45C254E-DF1C-4EFD-8020-67D146A850E0}, 6}) failed: Element not found. (0x490)
[17808:17624:0411/193736.474:ERROR:device_event_log_impl.cc(196)] [19:37:36.464] USB: usb_service_win.cc:105 SetupDiGetDeviceProperty({{A45C254E-DF1C-4EFD-8020-67D146A850E0}, 6}) failed: Element not found. (0x490)
[17808:17624:0411/193848.777:ERROR:device_event_log_impl.cc(196)] [19:37:39.263] USB: usb_service_win.cc:105 SetupDiGetDeviceProperty({{A45C254E-DF1C-4EFD-8020-67D146A850E0}, 6}) failed: Element not found. (0x490)
[17808:17624:0411/193848.777:ERROR:device_event_log_impl.cc(196)] [19:38:48.777] USB: usb_service_win.cc:705 Got duplicate add event for path: \\?\usb#vid_054c&pid_0ce6#6&28cf390b&0&7#{a5dcbf10-6530-11d2-901f-00c04fb951ed}
[17808:17624:0411/193848.777:ERROR:device_event_log_impl.cc(196)] [19:37:45.503] USB: usb_service_win.cc:105 SetupDiGetDeviceProperty({{A45C254E-DF1C-4EFD-8020-67D146A850E0}, 6}) failed: Element not found. (0x490)
[17808:17624:0411/193848.777:ERROR:device_event_log_impl.cc(196)] [19:38:48.778] USB: usb_service_win.cc:705 Got duplicate add event for path: \\?\usb#vid_054c&pid_0ce6#6&28cf390b&0&7#{a5dcbf10-6530-11d2-901f-00c04fb951ed}
[17808:17624:0411/193848.777:ERROR:device_event_log_impl.cc(196)] [19:37:48.121] USB: usb_service_win.cc:105 SetupDiGetDeviceProperty({{A45C254E-DF1C-4EFD-8020-67D146A850E0}, 6}) failed: Element not found. (0x490)
[17808:17624:0411/193848.777:ERROR:device_event_log_impl.cc(196)] [19:38:48.778] USB: usb_service_win.cc:705 Got duplicate add event for path: \\?\usb#vid_054c&pid_0ce6#6&28cf390b&0&7#{a5dcbf10-6530-11d2-901f-00c04fb951ed}
[17808:17624:0411/193848.777:ERROR:device_event_log_impl.cc(196)] [19:37:56.587] USB: usb_service_win.cc:105 SetupDiGetDeviceProperty({{A45C254E-DF1C-4EFD-8020-67D146A850E0}, 6}) failed: Element not found. (0x490)
[17808:17624:0411/193848.777:ERROR:device_event_log_impl.cc(196)] [19:38:48.778] USB: usb_service_win.cc:705 Got duplicate add event for path: \\?\usb#vid_054c&pid_0ce6#6&28cf390b&0&7#{a5dcbf10-6530-11d2-901f-00c04fb951ed}
[17808:17624:0411/193848.777:ERROR:device_event_log_impl.cc(196)] [19:38:02.927] USB: usb_service_win.cc:105 SetupDiGetDeviceProperty({{A45C254E-DF1C-4EFD-8020-67D146A850E0}, 6}) failed: Element not found. (0x490)
[17808:17624:0411/193848.777:ERROR:device_event_log_impl.cc(196)] [19:38:48.778] USB: usb_service_win.cc:705 Got duplicate add event for path: \\?\usb#vid_054c&pid_0ce6#6&28cf390b&0&7#{a5dcbf10-6530-11d2-901f-00c04fb951ed}
[17808:17624:0411/193848.777:ERROR:device_event_log_impl.cc(196)] [19:38:07.229] USB: usb_service_win.cc:105 SetupDiGetDeviceProperty({{A45C254E-DF1C-4EFD-8020-67D146A850E0}, 6}) failed: Element not found. (0x490)
[17808:17624:0411/193848.777:ERROR:device_event_log_impl.cc(196)] [19:38:48.778] USB: usb_service_win.cc:705 Got duplicate add event for path: \\?\usb#vid_054c&pid_0ce6#6&28cf390b&0&7#{a5dcbf10-6530-11d2-901f-00c04fb951ed}
[17808:17624:0411/193848.779:ERROR:device_event_log_impl.cc(196)] [19:38:09.655] USB: usb_service_win.cc:308 SetupDiEnumDeviceInterfaces: No more data is available. (0x103)
[17808:17624:0411/193848.779:ERROR:device_event_log_impl.cc(196)] [19:38:09.686] USB: usb_service_win.cc:105 SetupDiGetDeviceProperty({{A45C254E-DF1C-4EFD-8020-67D146A850E0}, 6}) failed: Element not found. (0x490)
[17808:17624:0411/193848.779:ERROR:device_event_log_impl.cc(196)] [19:38:09.704] USB: usb_service_win.cc:73 SetupDiGetDeviceProperty({{A45C254E-DF1C-4EFD-8020-67D146A850E0}, 23}) failed: Element not found. (0x490)
[17808:17624:0411/193848.779:ERROR:device_event_log_impl.cc(196)] [19:38:09.705] USB: usb_service_win.cc:308 SetupDiEnumDeviceInterfaces: No more data is available. (0x103)
[17808:17624:0411/193848.779:ERROR:device_event_log_impl.cc(196)] [19:38:09.707] USB: usb_service_win.cc:105 SetupDiGetDeviceProperty({{A45C254E-DF1C-4EFD-8020-67D146A850E0}, 6}) failed: Element not found. (0x490)
[17808:17624:0411/193848.779:ERROR:device_event_log_impl.cc(196)] [19:38:48.779] USB: usb_service_win.cc:705 Got duplicate add event for path: \\?\usb#vid_054c&pid_0ce6#6&28cf390b&0&7#{a5dcbf10-6530-11d2-901f-00c04fb951ed}
[17808:17624:0411/193848.779:ERROR:device_event_log_impl.cc(196)] [19:38:10.057] USB: usb_service_win.cc:105 SetupDiGetDeviceProperty({{A45C254E-DF1C-4EFD-8020-67D146A850E0}, 6}) failed: Element not found. (0x490)
[17808:17624:0411/193848.779:ERROR:device_event_log_impl.cc(196)] [19:38:48.779] USB: usb_service_win.cc:705 Got duplicate add event for path: \\?\usb#vid_054c&pid_0ce6#6&28cf390b&0&7#{a5dcbf10-6530-11d2-901f-00c04fb951ed}
[17808:17624:0411/193848.779:ERROR:device_event_log_impl.cc(196)] [19:38:12.122] USB: usb_service_win.cc:105 SetupDiGetDeviceProperty({{A45C254E-DF1C-4EFD-8020-67D146A850E0}, 6}) failed: Element not found. (0x490)
[17808:17624:0411/193848.779:ERROR:device_event_log_impl.cc(196)] [19:38:48.779] USB: usb_service_win.cc:705 Got duplicate add event for path: \\?\usb#vid_054c&pid_0ce6#6&28cf390b&0&7#{a5dcbf10-6530-11d2-901f-00c04fb951ed}
[17808:17624:0411/193848.779:ERROR:device_event_log_impl.cc(196)] [19:38:14.447] USB: usb_service_win.cc:105 SetupDiGetDeviceProperty({{A45C254E-DF1C-4EFD-8020-67D146A850E0}, 6}) failed: Element not found. (0x490)
[17808:17624:0411/193848.779:ERROR:device_event_log_impl.cc(196)] [19:38:48.779] USB: usb_service_win.cc:705 Got duplicate add event for path: \\?\usb#vid_054c&pid_0ce6#6&28cf390b&0&7#{a5dcbf10-6530-11d2-901f-00c04fb951ed}
[17808:17624:0411/193848.779:ERROR:device_event_log_impl.cc(196)] [19:38:17.238] USB: usb_service_win.cc:105 SetupDiGetDeviceProperty({{A45C254E-DF1C-4EFD-8020-67D146A850E0}, 6}) failed: Element not found. (0x490)
[17808:17624:0411/193848.779:ERROR:device_event_log_impl.cc(196)] [19:38:48.779] USB: usb_service_win.cc:705 Got duplicate add event for path: \\?\usb#vid_054c&pid_0ce6#6&28cf390b&0&7#{a5dcbf10-6530-11d2-901f-00c04fb951ed}
[17808:17624:0411/193848.779:ERROR:device_event_log_impl.cc(196)] [19:38:20.926] USB: usb_service_win.cc:105 SetupDiGetDeviceProperty({{A45C254E-DF1C-4EFD-8020-67D146A850E0}, 6}) failed: Element not found. (0x490)
[17808:17624:0411/193848.779:ERROR:device_event_log_impl.cc(196)] [19:38:48.779] USB: usb_service_win.cc:705 Got duplicate add event for path: \\?\usb#vid_054c&pid_0ce6#6&28cf390b&0&7#{a5dcbf10-6530-11d2-901f-00c04fb951ed}
[17808:17624:0411/193848.779:ERROR:device_event_log_impl.cc(196)] [19:38:22.218] USB: usb_service_win.cc:105 SetupDiGetDeviceProperty({{A45C254E-DF1C-4EFD-8020-67D146A850E0}, 6}) failed: Element not found. (0x490)
[17808:17624:0411/193848.779:ERROR:device_event_log_impl.cc(196)] [19:38:48.779] USB: usb_service_win.cc:705 Got duplicate add event for path: \\?\usb#vid_054c&pid_0ce6#6&28cf390b&0&7#{a5dcbf10-6530-11d2-901f-00c04fb951ed}
[17808:17624:0411/193848.779:ERROR:device_event_log_impl.cc(196)] [19:38:24.103] USB: usb_service_win.cc:105 SetupDiGetDeviceProperty({{A45C254E-DF1C-4EFD-8020-67D146A850E0}, 6}) failed: Element not found. (0x490)
[17808:17624:0411/193848.779:ERROR:device_event_log_impl.cc(196)] [19:38:48.780] USB: usb_service_win.cc:705 Got duplicate add event for path: \\?\usb#vid_054c&pid_0ce6#6&28cf390b&0&7#{a5dcbf10-6530-11d2-901f-00c04fb951ed}
[17808:17624:0411/193848.779:ERROR:device_event_log_impl.cc(196)] [19:38:25.349] USB: usb_service_win.cc:105 SetupDiGetDeviceProperty({{A45C254E-DF1C-4EFD-8020-67D146A850E0}, 6}) failed: Element not found. (0x490)
[17808:17624:0411/193848.780:ERROR:device_event_log_impl.cc(196)] [19:38:48.780] USB: usb_service_win.cc:705 Got duplicate add event for path: \\?\usb#vid_054c&pid_0ce6#6&28cf390b&0&7#{a5dcbf10-6530-11d2-901f-00c04fb951ed}
[17808:17624:0411/193848.780:ERROR:device_event_log_impl.cc(196)] [19:38:26.583] USB: usb_service_win.cc:105 SetupDiGetDeviceProperty({{A45C254E-DF1C-4EFD-8020-67D146A850E0}, 6}) failed: Element not found. (0x490)
[17808:17624:0411/193848.780:ERROR:device_event_log_impl.cc(196)] [19:38:48.780] USB: usb_service_win.cc:705 Got duplicate add event for path: \\?\usb#vid_054c&pid_0ce6#6&28cf390b&0&7#{a5dcbf10-6530-11d2-901f-00c04fb951ed}
[17808:17624:0411/193848.780:ERROR:device_event_log_impl.cc(196)] [19:38:28.241] USB: usb_service_win.cc:105 SetupDiGetDeviceProperty({{A45C254E-DF1C-4EFD-8020-67D146A850E0}, 6}) failed: Element not found. (0x490)
[17808:17624:0411/193848.780:ERROR:device_event_log_impl.cc(196)] [19:38:48.780] USB: usb_service_win.cc:705 Got duplicate add event for path: \\?\usb#vid_054c&pid_0ce6#6&28cf390b&0&7#{a5dcbf10-6530-11d2-901f-00c04fb951ed}
[17808:17624:0411/193848.780:ERROR:device_event_log_impl.cc(196)] [19:38:29.906] USB: usb_service_win.cc:105 SetupDiGetDeviceProperty({{A45C254E-DF1C-4EFD-8020-67D146A850E0}, 6}) failed: Element not found. (0x490)
[17808:17624:0411/193848.780:ERROR:device_event_log_impl.cc(196)] [19:38:48.780] USB: usb_service_win.cc:705 Got duplicate add event for path: \\?\usb#vid_054c&pid_0ce6#6&28cf390b&0&7#{a5dcbf10-6530-11d2-901f-00c04fb951ed}
[17808:17624:0411/193848.780:ERROR:device_event_log_impl.cc(196)] [19:38:31.999] USB: usb_service_win.cc:105 SetupDiGetDeviceProperty({{A45C254E-DF1C-4EFD-8020-67D146A850E0}, 6}) failed: Element not found. (0x490)
[17808:17624:0411/193848.780:ERROR:device_event_log_impl.cc(196)] [19:38:48.780] USB: usb_service_win.cc:705 Got duplicate add event for path: \\?\usb#vid_054c&pid_0ce6#6&28cf390b&0&7#{a5dcbf10-6530-11d2-901f-00c04fb951ed}
[17808:17624:0411/193848.780:ERROR:device_event_log_impl.cc(196)] [19:38:33.637] USB: usb_service_win.cc:105 SetupDiGetDeviceProperty({{A45C254E-DF1C-4EFD-8020-67D146A850E0}, 6}) failed: Element not found. (0x490)
[17808:17624:0411/193848.780:ERROR:device_event_log_impl.cc(196)] [19:38:48.780] USB: usb_service_win.cc:705 Got duplicate add event for path: \\?\usb#vid_054c&pid_0ce6#6&28cf390b&0&7#{a5dcbf10-6530-11d2-901f-00c04fb951ed}
[17808:17624:0411/193848.780:ERROR:device_event_log_impl.cc(196)] [19:38:36.626] USB: usb_service_win.cc:105 SetupDiGetDeviceProperty({{A45C254E-DF1C-4EFD-8020-67D146A850E0}, 6}) failed: Element not found. (0x490)
[17808:17624:0411/193848.780:ERROR:device_event_log_impl.cc(196)] [19:38:48.781] USB: usb_service_win.cc:705 Got duplicate add event for path: \\?\usb#vid_054c&pid_0ce6#6&28cf390b&0&7#{a5dcbf10-6530-11d2-901f-00c04fb951ed}
[17808:17624:0411/193848.780:ERROR:device_event_log_impl.cc(196)] [19:38:38.901] USB: usb_service_win.cc:105 SetupDiGetDeviceProperty({{A45C254E-DF1C-4EFD-8020-67D146A850E0}, 6}) failed: Element not found. (0x490)
[17808:17624:0411/193848.780:ERROR:device_event_log_impl.cc(196)] [19:38:48.781] USB: usb_service_win.cc:705 Got duplicate add event for path: \\?\usb#vid_054c&pid_0ce6#6&28cf390b&0&7#{a5dcbf10-6530-11d2-901f-00c04fb951ed}
[17808:17624:0411/193848.780:ERROR:device_event_log_impl.cc(196)] [19:38:47.320] USB: usb_service_win.cc:105 SetupDiGetDeviceProperty({{A45C254E-DF1C-4EFD-8020-67D146A850E0}, 6}) failed: Element not found. (0x490)
[17808:17624:0411/193848.780:ERROR:device_event_log_impl.cc(196)] [19:38:48.781] USB: usb_service_win.cc:705 Got duplicate add event for path: \\?\usb#vid_054c&pid_0ce6#6&28cf390b&0&7#{a5dcbf10-6530-11d2-901f-00c04fb951ed}
[17808:17624:0411/193848.780:ERROR:device_event_log_impl.cc(196)] [19:38:48.472] USB: usb_service_win.cc:105 SetupDiGetDeviceProperty({{A45C254E-DF1C-4EFD-8020-67D146A850E0}, 6}) failed: Element not found. (0x490)
[17808:17624:0411/193848.780:ERROR:device_event_log_impl.cc(196)] [19:38:48.781] USB: usb_service_win.cc:705 Got duplicate add event for path: \\?\usb#vid_054c&pid_0ce6#6&28cf390b&0&7#{a5dcbf10-6530-11d2-901f-00c04fb951ed}
[17808:17624:0411/193848.780:ERROR:device_event_log_impl.cc(196)] [19:38:48.492] USB: usb_service_win.cc:105 SetupDiGetDeviceProperty({{A45C254E-DF1C-4EFD-8020-67D146A850E0}, 6}) failed: Element not found. (0x490)
[17808:17624:0411/193848.780:ERROR:device_event_log_impl.cc(196)] [19:38:48.781] USB: usb_service_win.cc:705 Got duplicate add event for path: \\?\usb#vid_054c&pid_0ce6#6&28cf390b&0&7#{a5dcbf10-6530-11d2-901f-00c04fb951ed}
[17808:17624:0411/193848.780:ERROR:device_event_log_impl.cc(196)] [19:38:48.512] USB: usb_service_win.cc:105 SetupDiGetDeviceProperty({{A45C254E-DF1C-4EFD-8020-67D146A850E0}, 6}) failed: Element not found. (0x490)
[17808:17624:0411/193849.462:ERROR:device_event_log_impl.cc(196)] [19:38:49.454] USB: usb_service_win.cc:105 SetupDiGetDeviceProperty({{A45C254E-DF1C-4EFD-8020-67D146A850E0}, 6}) failed: Element not found. (0x490)
[17808:17624:0411/193852.103:ERROR:device_event_log_impl.cc(196)] [19:38:52.094] USB: usb_service_win.cc:105 SetupDiGetDeviceProperty({{A45C254E-DF1C-4EFD-8020-67D146A850E0}, 6}) failed: Element not found. (0x490)
[17808:17624:0411/193854.493:ERROR:device_event_log_impl.cc(196)] [19:38:54.483] USB: usb_service_win.cc:105 SetupDiGetDeviceProperty({{A45C254E-DF1C-4EFD-8020-67D146A850E0}, 6}) failed: Element not found. (0x490)
[17808:17624:0411/193856.653:ERROR:device_event_log_impl.cc(196)] [19:38:56.638] USB: usb_service_win.cc:105 SetupDiGetDeviceProperty({{A45C254E-DF1C-4EFD-8020-67D146A850E0}, 6}) failed: Element not found. (0x490)
[17808:17624:0411/193858.405:ERROR:device_event_log_impl.cc(196)] [19:38:58.390] USB: usb_service_win.cc:105 SetupDiGetDeviceProperty({{A45C254E-DF1C-4EFD-8020-67D146A850E0}, 6}) failed: Element not found. (0x490)
[17808:17624:0411/193859.901:ERROR:device_event_log_impl.cc(196)] [19:38:59.890] USB: usb_service_win.cc:105 SetupDiGetDeviceProperty({{A45C254E-DF1C-4EFD-8020-67D146A850E0}, 6}) failed: Element not found. (0x490)
[17808:17624:0411/193902.075:ERROR:device_event_log_impl.cc(196)] [19:39:02.064] USB: usb_service_win.cc:105 SetupDiGetDeviceProperty({{A45C254E-DF1C-4EFD-8020-67D146A850E0}, 6}) failed: Element not found. (0x490)
[17808:17624:0411/193904.488:ERROR:device_event_log_impl.cc(196)] [19:39:04.472] USB: usb_service_win.cc:105 SetupDiGetDeviceProperty({{A45C254E-DF1C-4EFD-8020-67D146A850E0}, 6}) failed: Element not found. (0x490)
[17808:17624:0411/193906.929:ERROR:device_event_log_impl.cc(196)] [19:39:06.915] USB: usb_service_win.cc:105 SetupDiGetDeviceProperty({{A45C254E-DF1C-4EFD-8020-67D146A850E0}, 6}) failed: Element not found. (0x490)
[17808:17624:0411/193908.780:ERROR:device_event_log_impl.cc(196)] [19:39:08.766] USB: usb_service_win.cc:105 SetupDiGetDeviceProperty({{A45C254E-DF1C-4EFD-8020-67D146A850E0}, 6}) failed: Element not found. (0x490)
[17808:17624:0411/193910.552:ERROR:device_event_log_impl.cc(196)] [19:39:10.338] USB: usb_service_win.cc:105 SetupDiGetDeviceProperty({{A45C254E-DF1C-4EFD-8020-67D146A850E0}, 6}) failed: Element not found. (0x490)
[17808:17624:0411/193913.552:ERROR:device_event_log_impl.cc(196)] [19:39:13.274] USB: usb_service_win.cc:105 SetupDiGetDeviceProperty({{A45C254E-DF1C-4EFD-8020-67D146A850E0}, 6}) failed: Element not found. (0x490)
[17808:17624:0411/193916.556:ERROR:device_event_log_impl.cc(196)] [19:39:16.283] USB: usb_service_win.cc:105 SetupDiGetDeviceProperty({{A45C254E-DF1C-4EFD-8020-67D146A850E0}, 6}) failed: Element not found. (0x490)
[17808:17624:0411/193918.587:ERROR:device_event_log_impl.cc(196)] [19:39:18.562] USB: usb_service_win.cc:105 SetupDiGetDeviceProperty({{A45C254E-DF1C-4EFD-8020-67D146A850E0}, 6}) failed: Element not found. (0x490)
[17808:17624:0411/193919.899:ERROR:device_event_log_impl.cc(196)] [19:39:19.857] USB: usb_service_win.cc:105 SetupDiGetDeviceProperty({{A45C254E-DF1C-4EFD-8020-67D146A850E0}, 6}) failed: Element not found. (0x490)
[17808:17624:0411/193922.563:ERROR:device_event_log_impl.cc(196)] [19:39:22.271] USB: usb_service_win.cc:105 SetupDiGetDeviceProperty({{A45C254E-DF1C-4EFD-8020-67D146A850E0}, 6}) failed: Element not found. (0x490)
[17808:17624:0411/193924.244:ERROR:device_event_log_impl.cc(196)] [19:39:24.214] USB: usb_service_win.cc:105 SetupDiGetDeviceProperty({{A45C254E-DF1C-4EFD-8020-67D146A850E0}, 6}) failed: Element not found. (0x490)
[17808:17624:0411/193926.233:ERROR:device_event_log_impl.cc(196)] [19:39:26.056] USB: usb_service_win.cc:105 SetupDiGetDeviceProperty({{A45C254E-DF1C-4EFD-8020-67D146A850E0}, 6}) failed: Element not found. (0x490)
[17808:17624:0411/193928.241:ERROR:device_event_log_impl.cc(196)] [19:39:27.986] USB: usb_service_win.cc:105 SetupDiGetDeviceProperty({{A45C254E-DF1C-4EFD-8020-67D146A850E0}, 6}) failed: Element not found. (0x490)
[17808:17624:0411/193930.576:ERROR:device_event_log_impl.cc(196)] [19:39:30.390] USB: usb_service_win.cc:105 SetupDiGetDeviceProperty({{A45C254E-DF1C-4EFD-8020-67D146A850E0}, 6}) failed: Element not found. (0x490)
[17808:17624:0411/193931.913:ERROR:device_event_log_impl.cc(196)] [19:39:31.887] USB: usb_service_win.cc:105 SetupDiGetDeviceProperty({{A45C254E-DF1C-4EFD-8020-67D146A850E0}, 6}) failed: Element not found. (0x490)
[17808:17624:0411/193933.578:ERROR:device_event_log_impl.cc(196)] [19:39:33.552] USB: usb_service_win.cc:105 SetupDiGetDeviceProperty({{A45C254E-DF1C-4EFD-8020-67D146A850E0}, 6}) failed: Element not found. (0x490)
[17808:17624:0411/193935.575:ERROR:device_event_log_impl.cc(196)] [19:39:35.430] USB: usb_service_win.cc:105 SetupDiGetDeviceProperty({{A45C254E-DF1C-4EFD-8020-67D146A850E0}, 6}) failed: Element not found. (0x490)
[17808:17624:0411/193936.970:ERROR:device_event_log_impl.cc(196)] [19:39:36.950] USB: usb_service_win.cc:105 SetupDiGetDeviceProperty({{A45C254E-DF1C-4EFD-8020-67D146A850E0}, 6}) failed: Element not found. (0x490)
[17808:17624:0411/193938.403:ERROR:device_event_log_impl.cc(196)] [19:39:38.361] USB: usb_service_win.cc:105 SetupDiGetDeviceProperty({{A45C254E-DF1C-4EFD-8020-67D146A850E0}, 6}) failed: Element not found. (0x490)
[17808:17624:0411/193939.771:ERROR:device_event_log_impl.cc(196)] [19:39:39.755] USB: usb_service_win.cc:105 SetupDiGetDeviceProperty({{A45C254E-DF1C-4EFD-8020-67D146A850E0}, 6}) failed: Element not found. (0x490)
[17808:17624:0411/193942.676:ERROR:device_event_log_impl.cc(196)] [19:39:42.667] USB: usb_service_win.cc:105 SetupDiGetDeviceProperty({{A45C254E-DF1C-4EFD-8020-67D146A850E0}, 6}) failed: Element not found. (0x490)
[17808:17624:0411/193948.427:ERROR:device_event_log_impl.cc(196)] [19:39:45.387] USB: usb_service_win.cc:105 SetupDiGetDeviceProperty({{A45C254E-DF1C-4EFD-8020-67D146A850E0}, 6}) failed: Element not found. (0x490)
[17808:17624:0411/193948.427:ERROR:device_event_log_impl.cc(196)] [19:39:48.427] USB: usb_service_win.cc:705 Got duplicate add event for path: \\?\usb#vid_054c&pid_0ce6#6&28cf390b&0&7#{a5dcbf10-6530-11d2-901f-00c04fb951ed}
[17808:17624:0411/193948.427:ERROR:device_event_log_impl.cc(196)] [19:39:47.352] USB: usb_service_win.cc:105 SetupDiGetDeviceProperty({{A45C254E-DF1C-4EFD-8020-67D146A850E0}, 6}) failed: Element not found. (0x490)
[17808:17624:0411/193949.222:ERROR:device_event_log_impl.cc(196)] [19:39:49.207] USB: usb_service_win.cc:105 SetupDiGetDeviceProperty({{A45C254E-DF1C-4EFD-8020-67D146A850E0}, 6}) failed: Element not found. (0x490)
[17808:17624:0411/193950.931:ERROR:device_event_log_impl.cc(196)] [19:39:50.914] USB: usb_service_win.cc:105 SetupDiGetDeviceProperty({{A45C254E-DF1C-4EFD-8020-67D146A850E0}, 6}) failed: Element not found. (0x490)
[17808:17624:0411/193953.396:ERROR:device_event_log_impl.cc(196)] [19:39:53.380] USB: usb_service_win.cc:105 SetupDiGetDeviceProperty({{A45C254E-DF1C-4EFD-8020-67D146A850E0}, 6}) failed: Element not found. (0x490)
[17808:17624:0411/193955.956:ERROR:device_event_log_impl.cc(196)] [19:39:55.938] USB: usb_service_win.cc:105 SetupDiGetDeviceProperty({{A45C254E-DF1C-4EFD-8020-67D146A850E0}, 6}) failed: Element not found. (0x490)
[17808:17624:0411/193957.957:ERROR:device_event_log_impl.cc(196)] [19:39:57.940] USB: usb_service_win.cc:105 SetupDiGetDeviceProperty({{A45C254E-DF1C-4EFD-8020-67D146A850E0}, 6}) failed: Element not found. (0x490)
[17808:17624:0411/193959.889:ERROR:device_event_log_impl.cc(196)] [19:39:59.872] USB: usb_service_win.cc:105 SetupDiGetDeviceProperty({{A45C254E-DF1C-4EFD-8020-67D146A850E0}, 6}) failed: Element not found. (0x490)
[17808:17624:0411/194001.327:ERROR:device_event_log_impl.cc(196)] [19:40:01.309] USB: usb_service_win.cc:105 SetupDiGetDeviceProperty({{A45C254E-DF1C-4EFD-8020-67D146A850E0}, 6}) failed: Element not found. (0x490)
[17808:17624:0411/194002.593:ERROR:device_event_log_impl.cc(196)] [19:40:02.575] USB: usb_service_win.cc:105 SetupDiGetDeviceProperty({{A45C254E-DF1C-4EFD-8020-67D146A850E0}, 6}) failed: Element not found. (0x490)
[17808:17624:0411/194005.012:ERROR:device_event_log_impl.cc(196)] [19:40:04.990] USB: usb_service_win.cc:105 SetupDiGetDeviceProperty({{A45C254E-DF1C-4EFD-8020-67D146A850E0}, 6}) failed: Element not found. (0x490)
[17808:17624:0411/194009.292:ERROR:device_event_log_impl.cc(196)] [19:40:08.439] USB: usb_service_win.cc:105 SetupDiGetDeviceProperty({{A45C254E-DF1C-4EFD-8020-67D146A850E0}, 6}) failed: Element not found. (0x490)
[17808:17624:0411/194009.955:ERROR:device_event_log_impl.cc(196)] [19:40:09.928] USB: usb_service_win.cc:105 SetupDiGetDeviceProperty({{A45C254E-DF1C-4EFD-8020-67D146A850E0}, 6}) failed: Element not found. (0x490)
[17808:17624:0411/194010.100:ERROR:device_event_log_impl.cc(196)] [19:40:10.076] USB: usb_service_win.cc:105 SetupDiGetDeviceProperty({{A45C254E-DF1C-4EFD-8020-67D146A850E0}, 6}) failed: Element not found. (0x490)
[17808:17624:0411/194012.515:ERROR:device_event_log_impl.cc(196)] [19:40:12.410] USB: usb_service_win.cc:105 SetupDiGetDeviceProperty({{A45C254E-DF1C-4EFD-8020-67D146A850E0}, 6}) failed: Element not found. (0x490)
[17808:17624:0411/194014.684:ERROR:device_event_log_impl.cc(196)] [19:40:14.667] USB: usb_service_win.cc:105 SetupDiGetDeviceProperty({{A45C254E-DF1C-4EFD-8020-67D146A850E0}, 6}) failed: Element not found. (0x490)
[17808:17624:0411/194016.516:ERROR:device_event_log_impl.cc(196)] [19:40:16.498] USB: usb_service_win.cc:105 SetupDiGetDeviceProperty({{A45C254E-DF1C-4EFD-8020-67D146A850E0}, 6}) failed: Element not found. (0x490)
[17808:17624:0411/194019.063:ERROR:device_event_log_impl.cc(196)] [19:40:19.045] USB: usb_service_win.cc:105 SetupDiGetDeviceProperty({{A45C254E-DF1C-4EFD-8020-67D146A850E0}, 6}) failed: Element not found. (0x490)
[17808:17624:0411/194021.992:ERROR:device_event_log_impl.cc(196)] [19:40:21.975] USB: usb_service_win.cc:105 SetupDiGetDeviceProperty({{A45C254E-DF1C-4EFD-8020-67D146A850E0}, 6}) failed: Element not found. (0x490)
[17808:17624:0411/194024.105:ERROR:device_event_log_impl.cc(196)] [19:40:24.090] USB: usb_service_win.cc:105 SetupDiGetDeviceProperty({{A45C254E-DF1C-4EFD-8020-67D146A850E0}, 6}) failed: Element not found. (0x490)
[17808:17624:0411/194036.835:ERROR:device_event_log_impl.cc(196)] [19:40:25.638] USB: usb_service_win.cc:105 SetupDiGetDeviceProperty({{A45C254E-DF1C-4EFD-8020-67D146A850E0}, 6}) failed: Element not found. (0x490)
[17808:17624:0411/194036.835:ERROR:device_event_log_impl.cc(196)] [19:40:36.834] USB: usb_service_win.cc:705 Got duplicate add event for path: \\?\usb#vid_054c&pid_0ce6#6&28cf390b&0&7#{a5dcbf10-6530-11d2-901f-00c04fb951ed}
[17808:17624:0411/194036.835:ERROR:device_event_log_impl.cc(196)] [19:40:27.181] USB: usb_service_win.cc:105 SetupDiGetDeviceProperty({{A45C254E-DF1C-4EFD-8020-67D146A850E0}, 6}) failed: Element not found. (0x490)
[17808:17624:0411/194036.835:ERROR:device_event_log_impl.cc(196)] [19:40:36.835] USB: usb_service_win.cc:705 Got duplicate add event for path: \\?\usb#vid_054c&pid_0ce6#6&28cf390b&0&7#{a5dcbf10-6530-11d2-901f-00c04fb951ed}
[17808:17624:0411/194036.835:ERROR:device_event_log_impl.cc(196)] [19:40:28.012] USB: usb_service_win.cc:105 SetupDiGetDeviceProperty({{A45C254E-DF1C-4EFD-8020-67D146A850E0}, 6}) failed: Element not found. (0x490)
[17808:17624:0411/194036.835:ERROR:device_event_log_impl.cc(196)] [19:40:36.835] USB: usb_service_win.cc:705 Got duplicate add event for path: \\?\usb#vid_054c&pid_0ce6#6&28cf390b&0&7#{a5dcbf10-6530-11d2-901f-00c04fb951ed}
[17808:17624:0411/194036.835:ERROR:device_event_log_impl.cc(196)] [19:40:29.719] USB: usb_service_win.cc:105 SetupDiGetDeviceProperty({{A45C254E-DF1C-4EFD-8020-67D146A850E0}, 6}) failed: Element not found. (0x490)
[17808:17624:0411/194036.836:ERROR:device_event_log_impl.cc(196)] [19:40:36.835] USB: usb_service_win.cc:705 Got duplicate add event for path: \\?\usb#vid_054c&pid_0ce6#6&28cf390b&0&7#{a5dcbf10-6530-11d2-901f-00c04fb951ed}
[17808:17624:0411/194036.836:ERROR:device_event_log_impl.cc(196)] [19:40:31.184] USB: usb_service_win.cc:105 SetupDiGetDeviceProperty({{A45C254E-DF1C-4EFD-8020-67D146A850E0}, 6}) failed: Element not found. (0x490)
[17808:17624:0411/194036.836:ERROR:device_event_log_impl.cc(196)] [19:40:36.835] USB: usb_service_win.cc:705 Got duplicate add event for path: \\?\usb#vid_054c&pid_0ce6#6&28cf390b&0&7#{a5dcbf10-6530-11d2-901f-00c04fb951ed}
[17808:17624:0411/194036.836:ERROR:device_event_log_impl.cc(196)] [19:40:33.396] USB: usb_service_win.cc:105 SetupDiGetDeviceProperty({{A45C254E-DF1C-4EFD-8020-67D146A850E0}, 6}) failed: Element not found. (0x490)
[17808:17624:0411/194036.836:ERROR:device_event_log_impl.cc(196)] [19:40:36.835] USB: usb_service_win.cc:705 Got duplicate add event for path: \\?\usb#vid_054c&pid_0ce6#6&28cf390b&0&7#{a5dcbf10-6530-11d2-901f-00c04fb951ed}
[17808:17624:0411/194036.836:ERROR:device_event_log_impl.cc(196)] [19:40:34.998] USB: usb_service_win.cc:105 SetupDiGetDeviceProperty({{A45C254E-DF1C-4EFD-8020-67D146A850E0}, 6}) failed: Element not found. (0x490)
[17808:17624:0411/194036.836:ERROR:device_event_log_impl.cc(196)] [19:40:36.836] USB: usb_service_win.cc:705 Got duplicate add event for path: \\?\usb#vid_054c&pid_0ce6#6&28cf390b&0&7#{a5dcbf10-6530-11d2-901f-00c04fb951ed}
[17808:17624:0411/194036.836:ERROR:device_event_log_impl.cc(196)] [19:40:36.346] USB: usb_service_win.cc:105 SetupDiGetDeviceProperty({{A45C254E-DF1C-4EFD-8020-67D146A850E0}, 6}) failed: Element not found. (0x490)
[17808:17624:0411/194038.298:ERROR:device_event_log_impl.cc(196)] [19:40:38.278] USB: usb_service_win.cc:105 SetupDiGetDeviceProperty({{A45C254E-DF1C-4EFD-8020-67D146A850E0}, 6}) failed: Element not found. (0x490)
[17808:17624:0411/194039.616:ERROR:device_event_log_impl.cc(196)] [19:40:39.596] USB: usb_service_win.cc:105 SetupDiGetDeviceProperty({{A45C254E-DF1C-4EFD-8020-67D146A850E0}, 6}) failed: Element not found. (0x490)
[17808:17624:0411/194040.589:ERROR:device_event_log_impl.cc(196)] [19:40:40.573] USB: usb_service_win.cc:105 SetupDiGetDeviceProperty({{A45C254E-DF1C-4EFD-8020-67D146A850E0}, 6}) failed: Element not found. (0x490)
[17808:17624:0411/194041.584:ERROR:device_event_log_impl.cc(196)] [19:40:41.572] USB: usb_service_win.cc:105 SetupDiGetDeviceProperty({{A45C254E-DF1C-4EFD-8020-67D146A850E0}, 6}) failed: Element not found. (0x490)
[17808:17624:0411/194043.028:ERROR:device_event_log_impl.cc(196)] [19:40:43.010] USB: usb_service_win.cc:105 SetupDiGetDeviceProperty({{A45C254E-DF1C-4EFD-8020-67D146A850E0}, 6}) failed: Element not found. (0x490)
[17808:17624:0411/194043.806:ERROR:device_event_log_impl.cc(196)] [19:40:43.767] USB: usb_service_win.cc:105 SetupDiGetDeviceProperty({{A45C254E-DF1C-4EFD-8020-67D146A850E0}, 6}) failed: Element not found. (0x490)
[17808:17624:0411/194044.543:ERROR:device_event_log_impl.cc(196)] [19:40:44.525] USB: usb_service_win.cc:105 SetupDiGetDeviceProperty({{A45C254E-DF1C-4EFD-8020-67D146A850E0}, 6}) failed: Element not found. (0x490)
[17808:17624:0411/194045.335:ERROR:device_event_log_impl.cc(196)] [19:40:45.320] USB: usb_service_win.cc:105 SetupDiGetDeviceProperty({{A45C254E-DF1C-4EFD-8020-67D146A850E0}, 6}) failed: Element not found. (0x490)
[17808:17624:0411/194046.169:ERROR:device_event_log_impl.cc(196)] [19:40:46.151] USB: usb_service_win.cc:105 SetupDiGetDeviceProperty({{A45C254E-DF1C-4EFD-8020-67D146A850E0}, 6}) failed: Element not found. (0x490)
[17808:17624:0411/194047.167:ERROR:device_event_log_impl.cc(196)] [19:40:47.149] USB: usb_service_win.cc:105 SetupDiGetDeviceProperty({{A45C254E-DF1C-4EFD-8020-67D146A850E0}, 6}) failed: Element not found. (0x490)
[17808:17624:0411/194047.844:ERROR:device_event_log_impl.cc(196)] [19:40:47.826] USB: usb_service_win.cc:105 SetupDiGetDeviceProperty({{A45C254E-DF1C-4EFD-8020-67D146A850E0}, 6}) failed: Element not found. (0x490)
[17808:17624:0411/194048.808:ERROR:device_event_log_impl.cc(196)] [19:40:48.785] USB: usb_service_win.cc:105 SetupDiGetDeviceProperty({{A45C254E-DF1C-4EFD-8020-67D146A850E0}, 6}) failed: Element not found. (0x490)
[17808:17624:0411/194049.754:ERROR:device_event_log_impl.cc(196)] [19:40:49.735] USB: usb_service_win.cc:105 SetupDiGetDeviceProperty({{A45C254E-DF1C-4EFD-8020-67D146A850E0}, 6}) failed: Element not found. (0x490)
[17808:17624:0411/194051.273:ERROR:device_event_log_impl.cc(196)] [19:40:51.232] USB: usb_service_win.cc:105 SetupDiGetDeviceProperty({{A45C254E-DF1C-4EFD-8020-67D146A850E0}, 6}) failed: Element not found. (0x490)
[17808:17624:0411/194052.948:ERROR:device_event_log_impl.cc(196)] [19:40:52.931] USB: usb_service_win.cc:105 SetupDiGetDeviceProperty({{A45C254E-DF1C-4EFD-8020-67D146A850E0}, 6}) failed: Element not found. (0x490)
[17808:17624:0411/194053.750:ERROR:device_event_log_impl.cc(196)] [19:40:53.728] USB: usb_service_win.cc:105 SetupDiGetDeviceProperty({{A45C254E-DF1C-4EFD-8020-67D146A850E0}, 6}) failed: Element not found. (0x490)
[17808:17624:0411/194054.511:ERROR:device_event_log_impl.cc(196)] [19:40:54.489] USB: usb_service_win.cc:105 SetupDiGetDeviceProperty({{A45C254E-DF1C-4EFD-8020-67D146A850E0}, 6}) failed: Element not found. (0x490)
[17808:17624:0411/194055.223:ERROR:device_event_log_impl.cc(196)] [19:40:55.216] USB: usb_service_win.cc:105 SetupDiGetDeviceProperty({{A45C254E-DF1C-4EFD-8020-67D146A850E0}, 6}) failed: Element not found. (0x490)
[17808:17624:0411/194056.201:ERROR:device_event_log_impl.cc(196)] [19:40:56.183] USB: usb_service_win.cc:105 SetupDiGetDeviceProperty({{A45C254E-DF1C-4EFD-8020-67D146A850E0}, 6}) failed: Element not found. (0x490)
[17808:17624:0411/194057.346:ERROR:device_event_log_impl.cc(196)] [19:40:57.330] USB: usb_service_win.cc:105 SetupDiGetDeviceProperty({{A45C254E-DF1C-4EFD-8020-67D146A850E0}, 6}) failed: Element not found. (0x490)
[17808:17624:0411/194058.414:ERROR:device_event_log_impl.cc(196)] [19:40:58.390] USB: usb_service_win.cc:105 SetupDiGetDeviceProperty({{A45C254E-DF1C-4EFD-8020-67D146A850E0}, 6}) failed: Element not found. (0x490)
[17808:17624:0411/194101.102:ERROR:device_event_log_impl.cc(196)] [19:40:59.942] USB: usb_service_win.cc:105 SetupDiGetDeviceProperty({{A45C254E-DF1C-4EFD-8020-67D146A850E0}, 6}) failed: Element not found. (0x490)
[17808:17624:0411/194101.300:ERROR:usb_descriptors.cc(122)] Failed to read configuration descriptor.
[17808:17624:0411/194101.300:ERROR:usb_descriptors.cc(105)] Failed to read all configuration descriptors. Expected 1, got 0.
[17808:17624:0411/194101.301:ERROR:device_event_log_impl.cc(196)] [19:41:01.301] USB: usb_device_win.cc:95 Failed to read descriptors from \\?\usb#vid_054c&pid_0ce6#6&28cf390b&0&7#{a5dcbf10-6530-11d2-901f-00c04fb951ed}.
[17808:17624:0411/194101.748:ERROR:device_event_log_impl.cc(196)] [19:41:01.664] USB: usb_service_win.cc:105 SetupDiGetDeviceProperty({{A45C254E-DF1C-4EFD-8020-67D146A850E0}, 6}) failed: Element not found. (0x490)
[17808:17624:0411/194101.883:ERROR:device_event_log_impl.cc(196)] [19:41:01.856] USB: usb_service_win.cc:105 SetupDiGetDeviceProperty({{A45C254E-DF1C-4EFD-8020-67D146A850E0}, 6}) failed: Element not found. (0x490)
[17808:17624:0411/194102.621:ERROR:device_event_log_impl.cc(196)] [19:41:02.581] USB: usb_service_win.cc:105 SetupDiGetDeviceProperty({{A45C254E-DF1C-4EFD-8020-67D146A850E0}, 6}) failed: Element not found. (0x490)
[17808:17624:0411/194102.834:ERROR:device_event_log_impl.cc(196)] [19:41:02.799] USB: usb_service_win.cc:105 SetupDiGetDeviceProperty({{A45C254E-DF1C-4EFD-8020-67D146A850E0}, 6}) failed: Element not found. (0x490)
[17808:17624:0411/194103.741:ERROR:device_event_log_impl.cc(196)] [19:41:03.695] USB: usb_service_win.cc:105 SetupDiGetDeviceProperty({{A45C254E-DF1C-4EFD-8020-67D146A850E0}, 6}) failed: Element not found. (0x490)
[17808:17624:0411/194103.923:ERROR:device_event_log_impl.cc(196)] [19:41:03.892] USB: usb_service_win.cc:105 SetupDiGetDeviceProperty({{A45C254E-DF1C-4EFD-8020-67D146A850E0}, 6}) failed: Element not found. (0x490)
[17808:17624:0411/194105.098:ERROR:device_event_log_impl.cc(196)] [19:41:05.097] USB: usb_service_win.cc:105 SetupDiGetDeviceProperty({{A45C254E-DF1C-4EFD-8020-67D146A850E0}, 6}) failed: Element not found. (0x490)
[17808:17624:0411/194105.314:ERROR:device_event_log_impl.cc(196)] [19:41:05.281] USB: usb_service_win.cc:105 SetupDiGetDeviceProperty({{A45C254E-DF1C-4EFD-8020-67D146A850E0}, 6}) failed: Element not found. (0x490)
[17808:17624:0411/194106.185:ERROR:device_event_log_impl.cc(196)] [19:41:06.171] USB: usb_service_win.cc:105 SetupDiGetDeviceProperty({{A45C254E-DF1C-4EFD-8020-67D146A850E0}, 6}) failed: Element not found. (0x490)
[17808:17624:0411/194107.173:ERROR:device_event_log_impl.cc(196)] [19:41:07.156] USB: usb_service_win.cc:105 SetupDiGetDeviceProperty({{A45C254E-DF1C-4EFD-8020-67D146A850E0}, 6}) failed: Element not found. (0x490)
[17808:17624:0411/194108.043:ERROR:device_event_log_impl.cc(196)] [19:41:08.027] USB: usb_service_win.cc:105 SetupDiGetDeviceProperty({{A45C254E-DF1C-4EFD-8020-67D146A850E0}, 6}) failed: Element not found. (0x490)
[17808:17624:0411/194109.175:ERROR:device_event_log_impl.cc(196)] [19:41:09.159] USB: usb_service_win.cc:105 SetupDiGetDeviceProperty({{A45C254E-DF1C-4EFD-8020-67D146A850E0}, 6}) failed: Element not found. (0x490)
[17808:17624:0411/194111.589:ERROR:device_event_log_impl.cc(196)] [19:41:11.574] USB: usb_service_win.cc:105 SetupDiGetDeviceProperty({{A45C254E-DF1C-4EFD-8020-67D146A850E0}, 6}) failed: Element not found. (0x490)
[17808:17624:0411/194113.578:ERROR:device_event_log_impl.cc(196)] [19:41:13.561] USB: usb_service_win.cc:105 SetupDiGetDeviceProperty({{A45C254E-DF1C-4EFD-8020-67D146A850E0}, 6}) failed: Element not found. (0x490)
[17808:17624:0411/194115.074:ERROR:device_event_log_impl.cc(196)] [19:41:15.074] USB: usb_service_win.cc:105 SetupDiGetDeviceProperty({{A45C254E-DF1C-4EFD-8020-67D146A850E0}, 6}) failed: Element not found. (0x490)
[17808:17624:0411/194115.252:ERROR:device_event_log_impl.cc(196)] [19:41:15.233] USB: usb_service_win.cc:105 SetupDiGetDeviceProperty({{A45C254E-DF1C-4EFD-8020-67D146A850E0}, 6}) failed: Element not found. (0x490)
[17808:17624:0411/194117.475:ERROR:device_event_log_impl.cc(196)] [19:41:17.445] USB: usb_service_win.cc:105 SetupDiGetDeviceProperty({{A45C254E-DF1C-4EFD-8020-67D146A850E0}, 6}) failed: Element not found. (0x490)
[17808:17624:0411/194119.202:ERROR:device_event_log_impl.cc(196)] [19:41:19.186] USB: usb_service_win.cc:105 SetupDiGetDeviceProperty({{A45C254E-DF1C-4EFD-8020-67D146A850E0}, 6}) failed: Element not found. (0x490)
[17808:17624:0411/194120.987:ERROR:device_event_log_impl.cc(196)] [19:41:20.968] USB: usb_service_win.cc:105 SetupDiGetDeviceProperty({{A45C254E-DF1C-4EFD-8020-67D146A850E0}, 6}) failed: Element not found. (0x490)
[17808:17624:0411/194121.161:ERROR:device_event_log_impl.cc(196)] [19:41:21.145] USB: usb_service_win.cc:105 SetupDiGetDeviceProperty({{A45C254E-DF1C-4EFD-8020-67D146A850E0}, 6}) failed: Element not found. (0x490)
[17808:17624:0411/194122.230:ERROR:device_event_log_impl.cc(196)] [19:41:22.219] USB: usb_service_win.cc:105 SetupDiGetDeviceProperty({{A45C254E-DF1C-4EFD-8020-67D146A850E0}, 6}) failed: Element not found. (0x490)
[17808:17624:0411/194128.014:ERROR:device_event_log_impl.cc(196)] [19:41:22.335] USB: usb_service_win.cc:105 SetupDiGetDeviceProperty({{A45C254E-DF1C-4EFD-8020-67D146A850E0}, 6}) failed: Element not found. (0x490)
[17808:17624:0411/194128.015:ERROR:device_event_log_impl.cc(196)] [19:41:23.605] USB: usb_service_win.cc:105 SetupDiGetDeviceProperty({{A45C254E-DF1C-4EFD-8020-67D146A850E0}, 6}) failed: Element not found. (0x490)
[17808:17624:0411/194128.015:ERROR:device_event_log_impl.cc(196)] [19:41:28.015] USB: usb_service_win.cc:705 Got duplicate add event for path: \\?\usb#vid_054c&pid_0ce6#6&28cf390b&0&7#{a5dcbf10-6530-11d2-901f-00c04fb951ed}
[17808:17624:0411/194128.015:ERROR:device_event_log_impl.cc(196)] [19:41:25.296] USB: usb_service_win.cc:105 SetupDiGetDeviceProperty({{A45C254E-DF1C-4EFD-8020-67D146A850E0}, 6}) failed: Element not found. (0x490)
[17808:17624:0411/194129.527:ERROR:device_event_log_impl.cc(196)] [19:41:29.500] USB: usb_service_win.cc:105 SetupDiGetDeviceProperty({{A45C254E-DF1C-4EFD-8020-67D146A850E0}, 6}) failed: Element not found. (0x490)
[17808:17624:0411/194132.276:ERROR:device_event_log_impl.cc(196)] [19:41:32.260] USB: usb_service_win.cc:105 SetupDiGetDeviceProperty({{A45C254E-DF1C-4EFD-8020-67D146A850E0}, 6}) failed: Element not found. (0x490)
[17808:17624:0411/194133.414:ERROR:device_event_log_impl.cc(196)] [19:41:33.399] USB: usb_service_win.cc:105 SetupDiGetDeviceProperty({{A45C254E-DF1C-4EFD-8020-67D146A850E0}, 6}) failed: Element not found. (0x490)
[17808:17624:0411/194134.862:ERROR:device_event_log_impl.cc(196)] [19:41:34.812] USB: usb_service_win.cc:105 SetupDiGetDeviceProperty({{A45C254E-DF1C-4EFD-8020-67D146A850E0}, 6}) failed: Element not found. (0x490)
[17808:17624:0411/194136.311:ERROR:device_event_log_impl.cc(196)] [19:41:36.294] USB: usb_service_win.cc:105 SetupDiGetDeviceProperty({{A45C254E-DF1C-4EFD-8020-67D146A850E0}, 6}) failed: Element not found. (0x490)
[17808:17624:0411/194137.834:ERROR:device_event_log_impl.cc(196)] [19:41:37.819] USB: usb_service_win.cc:105 SetupDiGetDeviceProperty({{A45C254E-DF1C-4EFD-8020-67D146A850E0}, 6}) failed: Element not found. (0x490)
[17808:17624:0411/194140.644:ERROR:device_event_log_impl.cc(196)] [19:41:40.627] USB: usb_service_win.cc:105 SetupDiGetDeviceProperty({{A45C254E-DF1C-4EFD-8020-67D146A850E0}, 6}) failed: Element not found. (0x490)
[17808:17624:0411/194142.691:ERROR:device_event_log_impl.cc(196)] [19:41:42.675] USB: usb_service_win.cc:105 SetupDiGetDeviceProperty({{A45C254E-DF1C-4EFD-8020-67D146A850E0}, 6}) failed: Element not found. (0x490)
[17808:17624:0411/194144.484:ERROR:device_event_log_impl.cc(196)] [19:41:44.468] USB: usb_service_win.cc:105 SetupDiGetDeviceProperty({{A45C254E-DF1C-4EFD-8020-67D146A850E0}, 6}) failed: Element not found. (0x490)
[17808:17624:0411/194145.606:ERROR:device_event_log_impl.cc(196)] [19:41:45.591] USB: usb_service_win.cc:105 SetupDiGetDeviceProperty({{A45C254E-DF1C-4EFD-8020-67D146A850E0}, 6}) failed: Element not found. (0x490)
[17808:17624:0411/194148.519:ERROR:device_event_log_impl.cc(196)] [19:41:48.444] USB: usb_service_win.cc:105 SetupDiGetDeviceProperty({{A45C254E-DF1C-4EFD-8020-67D146A850E0}, 6}) failed: Element not found. (0x490)
[17808:17624:0411/194150.192:ERROR:device_event_log_impl.cc(196)] [19:41:50.175] USB: usb_service_win.cc:105 SetupDiGetDeviceProperty({{A45C254E-DF1C-4EFD-8020-67D146A850E0}, 6}) failed: Element not found. (0x490)
[17808:17624:0411/194153.004:ERROR:device_event_log_impl.cc(196)] [19:41:52.988] USB: usb_service_win.cc:105 SetupDiGetDeviceProperty({{A45C254E-DF1C-4EFD-8020-67D146A850E0}, 6}) failed: Element not found. (0x490)
[17808:17624:0411/194157.102:ERROR:device_event_log_impl.cc(196)] [19:41:54.933] USB: usb_service_win.cc:105 SetupDiGetDeviceProperty({{A45C254E-DF1C-4EFD-8020-67D146A850E0}, 6}) failed: Element not found. (0x490)
[17808:17624:0411/194158.194:ERROR:device_event_log_impl.cc(196)] [19:41:58.176] USB: usb_service_win.cc:105 SetupDiGetDeviceProperty({{A45C254E-DF1C-4EFD-8020-67D146A850E0}, 6}) failed: Element not found. (0x490)
[17808:17624:0411/194159.976:ERROR:device_event_log_impl.cc(196)] [19:41:59.961] USB: usb_service_win.cc:105 SetupDiGetDeviceProperty({{A45C254E-DF1C-4EFD-8020-67D146A850E0}, 6}) failed: Element not found. (0x490)
[17808:17624:0411/194201.993:ERROR:device_event_log_impl.cc(196)] [19:42:01.984] USB: usb_service_win.cc:105 SetupDiGetDeviceProperty({{A45C254E-DF1C-4EFD-8020-67D146A850E0}, 6}) failed: Element not found. (0x490)
[17808:17624:0411/194205.967:ERROR:device_event_log_impl.cc(196)] [19:42:04.401] USB: usb_service_win.cc:105 SetupDiGetDeviceProperty({{A45C254E-DF1C-4EFD-8020-67D146A850E0}, 6}) failed: Element not found. (0x490)
[17808:17624:0411/194208.420:ERROR:device_event_log_impl.cc(196)] [19:42:08.405] USB: usb_service_win.cc:105 SetupDiGetDeviceProperty({{A45C254E-DF1C-4EFD-8020-67D146A850E0}, 6}) failed: Element not found. (0x490)
[17808:17624:0411/194210.067:ERROR:device_event_log_impl.cc(196)] [19:42:10.051] USB: usb_service_win.cc:105 SetupDiGetDeviceProperty({{A45C254E-DF1C-4EFD-8020-67D146A850E0}, 6}) failed: Element not found. (0x490)
[17808:17624:0411/194212.500:ERROR:device_event_log_impl.cc(196)] [19:42:12.480] USB: usb_service_win.cc:105 SetupDiGetDeviceProperty({{A45C254E-DF1C-4EFD-8020-67D146A850E0}, 6}) failed: Element not found. (0x490)
[17808:17624:0411/194219.178:ERROR:device_event_log_impl.cc(196)] [19:42:18.907] USB: usb_service_win.cc:105 SetupDiGetDeviceProperty({{A45C254E-DF1C-4EFD-8020-67D146A850E0}, 6}) failed: Element not found. (0x490)
[17808:17624:0411/194222.904:ERROR:device_event_log_impl.cc(196)] [19:42:22.884] USB: usb_service_win.cc:105 SetupDiGetDeviceProperty({{A45C254E-DF1C-4EFD-8020-67D146A850E0}, 6}) failed: Element not found. (0x490)
[17808:17624:0411/194235.356:ERROR:device_event_log_impl.cc(196)] [19:42:35.338] USB: usb_service_win.cc:105 SetupDiGetDeviceProperty({{A45C254E-DF1C-4EFD-8020-67D146A850E0}, 6}) failed: Element not found. (0x490)
[17808:17624:0411/194239.430:ERROR:device_event_log_impl.cc(196)] [19:42:39.412] USB: usb_service_win.cc:105 SetupDiGetDeviceProperty({{A45C254E-DF1C-4EFD-8020-67D146A850E0}, 6}) failed: Element not found. (0x490)
[17808:17624:0411/194243.924:ERROR:device_event_log_impl.cc(196)] [19:42:43.705] USB: usb_service_win.cc:105 SetupDiGetDeviceProperty({{A45C254E-DF1C-4EFD-8020-67D146A850E0}, 6}) failed: Element not found. (0x490)
[17808:17624:0411/194251.932:ERROR:device_event_log_impl.cc(196)] [19:42:51.881] USB: usb_service_win.cc:105 SetupDiGetDeviceProperty({{A45C254E-DF1C-4EFD-8020-67D146A850E0}, 6}) failed: Element not found. (0x490)
[17808:17624:0411/194252.064:ERROR:device_event_log_impl.cc(196)] [19:42:52.049] USB: usb_service_win.cc:105 SetupDiGetDeviceProperty({{A45C254E-DF1C-4EFD-8020-67D146A850E0}, 6}) failed: Element not found. (0x490)
[17808:17624:0411/194256.381:ERROR:device_event_log_impl.cc(196)] [19:42:54.654] USB: usb_service_win.cc:105 SetupDiGetDeviceProperty({{A45C254E-DF1C-4EFD-8020-67D146A850E0}, 6}) failed: Element not found. (0x490)
[17808:17624:0411/194305.519:ERROR:device_event_log_impl.cc(196)] [19:43:05.362] USB: usb_service_win.cc:105 SetupDiGetDeviceProperty({{A45C254E-DF1C-4EFD-8020-67D146A850E0}, 6}) failed: Element not found. (0x490)
[17808:17624:0411/194309.865:ERROR:device_event_log_impl.cc(196)] [19:43:09.607] USB: usb_service_win.cc:105 SetupDiGetDeviceProperty({{A45C254E-DF1C-4EFD-8020-67D146A850E0}, 6}) failed: Element not found. (0x490)
[17808:17624:0411/194311.867:ERROR:device_event_log_impl.cc(196)] [19:43:11.762] USB: usb_service_win.cc:105 SetupDiGetDeviceProperty({{A45C254E-DF1C-4EFD-8020-67D146A850E0}, 6}) failed: Element not found. (0x490)
[17808:17624:0411/194318.861:ERROR:device_event_log_impl.cc(196)] [19:43:18.843] USB: usb_service_win.cc:105 SetupDiGetDeviceProperty({{A45C254E-DF1C-4EFD-8020-67D146A850E0}, 6}) failed: Element not found. (0x490)
[17808:17624:0411/194319.036:ERROR:device_event_log_impl.cc(196)] [19:43:19.012] USB: usb_service_win.cc:105 SetupDiGetDeviceProperty({{A45C254E-DF1C-4EFD-8020-67D146A850E0}, 6}) failed: Element not found. (0x490)
[17808:17624:0411/194322.482:ERROR:device_event_log_impl.cc(196)] [19:43:22.425] USB: usb_service_win.cc:105 SetupDiGetDeviceProperty({{A45C254E-DF1C-4EFD-8020-67D146A850E0}, 6}) failed: Element not found. (0x490)
[17808:17624:0411/194322.623:ERROR:device_event_log_impl.cc(196)] [19:43:22.601] USB: usb_service_win.cc:105 SetupDiGetDeviceProperty({{A45C254E-DF1C-4EFD-8020-67D146A850E0}, 6}) failed: Element not found. (0x490)
[17808:17624:0411/194324.869:ERROR:device_event_log_impl.cc(196)] [19:43:24.854] USB: usb_service_win.cc:105 SetupDiGetDeviceProperty({{A45C254E-DF1C-4EFD-8020-67D146A850E0}, 6}) failed: Element not found. (0x490)
[17808:17624:0411/194336.623:ERROR:device_event_log_impl.cc(196)] [19:43:36.607] USB: usb_service_win.cc:105 SetupDiGetDeviceProperty({{A45C254E-DF1C-4EFD-8020-67D146A850E0}, 6}) failed: Element not found. (0x490)
[17808:17624:0411/194339.538:ERROR:device_event_log_impl.cc(196)] [19:43:39.522] USB: usb_service_win.cc:105 SetupDiGetDeviceProperty({{A45C254E-DF1C-4EFD-8020-67D146A850E0}, 6}) failed: Element not found. (0x490)
[17808:17624:0411/194341.660:ERROR:device_event_log_impl.cc(196)] [19:43:41.642] USB: usb_service_win.cc:105 SetupDiGetDeviceProperty({{A45C254E-DF1C-4EFD-8020-67D146A850E0}, 6}) failed: Element not found. (0x490)
[17808:17624:0411/194343.164:ERROR:device_event_log_impl.cc(196)] [19:43:43.146] USB: usb_service_win.cc:105 SetupDiGetDeviceProperty({{A45C254E-DF1C-4EFD-8020-67D146A850E0}, 6}) failed: Element not found. (0x490)
[17808:17624:0411/194344.284:ERROR:device_event_log_impl.cc(196)] [19:43:44.267] USB: usb_service_win.cc:105 SetupDiGetDeviceProperty({{A45C254E-DF1C-4EFD-8020-67D146A850E0}, 6}) failed: Element not found. (0x490)
[17808:17624:0411/194345.765:ERROR:device_event_log_impl.cc(196)] [19:43:45.747] USB: usb_service_win.cc:105 SetupDiGetDeviceProperty({{A45C254E-DF1C-4EFD-8020-67D146A850E0}, 6}) failed: Element not found. (0x490)
[17808:17624:0411/194347.268:ERROR:device_event_log_impl.cc(196)] [19:43:47.252] USB: usb_service_win.cc:105 SetupDiGetDeviceProperty({{A45C254E-DF1C-4EFD-8020-67D146A850E0}, 6}) failed: Element not found. (0x490)
[17808:17624:0411/194348.849:ERROR:device_event_log_impl.cc(196)] [19:43:48.831] USB: usb_service_win.cc:105 SetupDiGetDeviceProperty({{A45C254E-DF1C-4EFD-8020-67D146A850E0}, 6}) failed: Element not found. (0x490)
[17808:17624:0411/194350.059:ERROR:device_event_log_impl.cc(196)] [19:43:50.043] USB: usb_service_win.cc:105 SetupDiGetDeviceProperty({{A45C254E-DF1C-4EFD-8020-67D146A850E0}, 6}) failed: Element not found. (0x490)
[17808:17624:0411/194351.372:ERROR:device_event_log_impl.cc(196)] [19:43:51.354] USB: usb_service_win.cc:105 SetupDiGetDeviceProperty({{A45C254E-DF1C-4EFD-8020-67D146A850E0}, 6}) failed: Element not found. (0x490)
[17808:17624:0411/194352.600:ERROR:device_event_log_impl.cc(196)] [19:43:52.583] USB: usb_service_win.cc:105 SetupDiGetDeviceProperty({{A45C254E-DF1C-4EFD-8020-67D146A850E0}, 6}) failed: Element not found. (0x490)
[17808:17624:0411/194353.438:ERROR:device_event_log_impl.cc(196)] [19:43:53.421] USB: usb_service_win.cc:105 SetupDiGetDeviceProperty({{A45C254E-DF1C-4EFD-8020-67D146A850E0}, 6}) failed: Element not found. (0x490)
[17808:17624:0411/194354.635:ERROR:device_event_log_impl.cc(196)] [19:43:54.620] USB: usb_service_win.cc:105 SetupDiGetDeviceProperty({{A45C254E-DF1C-4EFD-8020-67D146A850E0}, 6}) failed: Element not found. (0x490)
[17808:17624:0411/194355.814:ERROR:device_event_log_impl.cc(196)] [19:43:55.797] USB: usb_service_win.cc:105 SetupDiGetDeviceProperty({{A45C254E-DF1C-4EFD-8020-67D146A850E0}, 6}) failed: Element not found. (0x490)
[17808:17624:0411/194357.674:ERROR:device_event_log_impl.cc(196)] [19:43:57.658] USB: usb_service_win.cc:105 SetupDiGetDeviceProperty({{A45C254E-DF1C-4EFD-8020-67D146A850E0}, 6}) failed: Element not found. (0x490)
[17808:17624:0411/194400.210:ERROR:device_event_log_impl.cc(196)] [19:44:00.195] USB: usb_service_win.cc:105 SetupDiGetDeviceProperty({{A45C254E-DF1C-4EFD-8020-67D146A850E0}, 6}) failed: Element not found. (0x490)
[17808:17624:0411/194400.867:ERROR:device_event_log_impl.cc(196)] [19:44:00.851] USB: usb_service_win.cc:105 SetupDiGetDeviceProperty({{A45C254E-DF1C-4EFD-8020-67D146A850E0}, 6}) failed: Element not found. (0x490)
[17808:17624:0411/194401.967:ERROR:device_event_log_impl.cc(196)] [19:44:01.952] USB: usb_service_win.cc:105 SetupDiGetDeviceProperty({{A45C254E-DF1C-4EFD-8020-67D146A850E0}, 6}) failed: Element not found. (0x490)
[17808:17624:0411/194403.463:ERROR:device_event_log_impl.cc(196)] [19:44:03.449] USB: usb_service_win.cc:105 SetupDiGetDeviceProperty({{A45C254E-DF1C-4EFD-8020-67D146A850E0}, 6}) failed: Element not found. (0x490)
[17808:17624:0411/194405.070:ERROR:device_event_log_impl.cc(196)] [19:44:05.054] USB: usb_service_win.cc:105 SetupDiGetDeviceProperty({{A45C254E-DF1C-4EFD-8020-67D146A850E0}, 6}) failed: Element not found. (0x490)
[17808:17624:0411/194406.196:ERROR:device_event_log_impl.cc(196)] [19:44:06.181] USB: usb_service_win.cc:105 SetupDiGetDeviceProperty({{A45C254E-DF1C-4EFD-8020-67D146A850E0}, 6}) failed: Element not found. (0x490)
[17808:17624:0411/194407.184:ERROR:device_event_log_impl.cc(196)] [19:44:07.169] USB: usb_service_win.cc:105 SetupDiGetDeviceProperty({{A45C254E-DF1C-4EFD-8020-67D146A850E0}, 6}) failed: Element not found. (0x490)
[17808:17624:0411/194408.168:ERROR:device_event_log_impl.cc(196)] [19:44:08.148] USB: usb_service_win.cc:105 SetupDiGetDeviceProperty({{A45C254E-DF1C-4EFD-8020-67D146A850E0}, 6}) failed: Element not found. (0x490)
[17808:17624:0411/194409.512:ERROR:device_event_log_impl.cc(196)] [19:44:09.497] USB: usb_service_win.cc:105 SetupDiGetDeviceProperty({{A45C254E-DF1C-4EFD-8020-67D146A850E0}, 6}) failed: Element not found. (0x490)
[17808:17624:0411/194410.782:ERROR:device_event_log_impl.cc(196)] [19:44:10.766] USB: usb_service_win.cc:105 SetupDiGetDeviceProperty({{A45C254E-DF1C-4EFD-8020-67D146A850E0}, 6}) failed: Element not found. (0x490)
[17808:17624:0411/194412.154:ERROR:device_event_log_impl.cc(196)] [19:44:12.138] USB: usb_service_win.cc:105 SetupDiGetDeviceProperty({{A45C254E-DF1C-4EFD-8020-67D146A850E0}, 6}) failed: Element not found. (0x490)
[17808:17624:0411/194413.555:ERROR:device_event_log_impl.cc(196)] [19:44:13.541] USB: usb_service_win.cc:105 SetupDiGetDeviceProperty({{A45C254E-DF1C-4EFD-8020-67D146A850E0}, 6}) failed: Element not found. (0x490)
[17808:17624:0411/194415.115:ERROR:device_event_log_impl.cc(196)] [19:44:15.100] USB: usb_service_win.cc:105 SetupDiGetDeviceProperty({{A45C254E-DF1C-4EFD-8020-67D146A850E0}, 6}) failed: Element not found. (0x490)
[17808:17624:0411/194415.286:ERROR:device_event_log_impl.cc(196)] [19:44:15.269] USB: usb_service_win.cc:105 SetupDiGetDeviceProperty({{A45C254E-DF1C-4EFD-8020-67D146A850E0}, 6}) failed: Element not found. (0x490)
[17808:17624:0411/194416.585:ERROR:device_event_log_impl.cc(196)] [19:44:16.572] USB: usb_service_win.cc:105 SetupDiGetDeviceProperty({{A45C254E-DF1C-4EFD-8020-67D146A850E0}, 6}) failed: Element not found. (0x490)
[17808:17624:0411/194416.730:ERROR:device_event_log_impl.cc(196)] [19:44:16.729] USB: usb_service_win.cc:105 SetupDiGetDeviceProperty({{A45C254E-DF1C-4EFD-8020-67D146A850E0}, 6}) failed: Element not found. (0x490)
[17808:17624:0411/194418.433:ERROR:device_event_log_impl.cc(196)] [19:44:18.416] USB: usb_service_win.cc:105 SetupDiGetDeviceProperty({{A45C254E-DF1C-4EFD-8020-67D146A850E0}, 6}) failed: Element not found. (0x490)
[17808:17624:0411/194419.938:ERROR:device_event_log_impl.cc(196)] [19:44:19.924] USB: usb_service_win.cc:105 SetupDiGetDeviceProperty({{A45C254E-DF1C-4EFD-8020-67D146A850E0}, 6}) failed: Element not found. (0x490)
[17808:17624:0411/194421.421:ERROR:device_event_log_impl.cc(196)] [19:44:21.405] USB: usb_service_win.cc:105 SetupDiGetDeviceProperty({{A45C254E-DF1C-4EFD-8020-67D146A850E0}, 6}) failed: Element not found. (0x490)
[17808:17624:0411/194423.584:ERROR:device_event_log_impl.cc(196)] [19:44:23.569] USB: usb_service_win.cc:105 SetupDiGetDeviceProperty({{A45C254E-DF1C-4EFD-8020-67D146A850E0}, 6}) failed: Element not found. (0x490)
[17808:17624:0411/194425.029:ERROR:device_event_log_impl.cc(196)] [19:44:25.011] USB: usb_service_win.cc:105 SetupDiGetDeviceProperty({{A45C254E-DF1C-4EFD-8020-67D146A850E0}, 6}) failed: Element not found. (0x490)
[17808:17624:0411/194426.485:ERROR:device_event_log_impl.cc(196)] [19:44:26.483] USB: usb_service_win.cc:105 SetupDiGetDeviceProperty({{A45C254E-DF1C-4EFD-8020-67D146A850E0}, 6}) failed: Element not found. (0x490)
[17808:17624:0411/194428.012:ERROR:device_event_log_impl.cc(196)] [19:44:27.996] USB: usb_service_win.cc:105 SetupDiGetDeviceProperty({{A45C254E-DF1C-4EFD-8020-67D146A850E0}, 6}) failed: Element not found. (0x490)
[17808:17624:0411/194430.461:ERROR:device_event_log_impl.cc(196)] [19:44:30.276] USB: usb_service_win.cc:105 SetupDiGetDeviceProperty({{A45C254E-DF1C-4EFD-8020-67D146A850E0}, 6}) failed: Element not found. (0x490)
[17808:17624:0411/194432.127:ERROR:device_event_log_impl.cc(196)] [19:44:31.840] USB: usb_service_win.cc:105 SetupDiGetDeviceProperty({{A45C254E-DF1C-4EFD-8020-67D146A850E0}, 6}) failed: Element not found. (0x490)
[17808:17624:0411/194433.460:ERROR:device_event_log_impl.cc(196)] [19:44:33.176] USB: usb_service_win.cc:105 SetupDiGetDeviceProperty({{A45C254E-DF1C-4EFD-8020-67D146A850E0}, 6}) failed: Element not found. (0x490)
[17808:17624:0411/194433.460:ERROR:device_event_log_impl.cc(196)] [19:44:33.280] USB: usb_service_win.cc:105 SetupDiGetDeviceProperty({{A45C254E-DF1C-4EFD-8020-67D146A850E0}, 6}) failed: Element not found. (0x490)
[17808:17624:0411/194450.178:ERROR:device_event_log_impl.cc(196)] [19:44:35.147] USB: usb_service_win.cc:105 SetupDiGetDeviceProperty({{A45C254E-DF1C-4EFD-8020-67D146A850E0}, 6}) failed: Element not found. (0x490)
[17808:17624:0411/194450.178:ERROR:device_event_log_impl.cc(196)] [19:44:50.179] USB: usb_service_win.cc:705 Got duplicate add event for path: \\?\usb#vid_054c&pid_0ce6#6&28cf390b&0&7#{a5dcbf10-6530-11d2-901f-00c04fb951ed}
[17808:17624:0411/194450.178:ERROR:device_event_log_impl.cc(196)] [19:44:37.178] USB: usb_service_win.cc:105 SetupDiGetDeviceProperty({{A45C254E-DF1C-4EFD-8020-67D146A850E0}, 6}) failed: Element not found. (0x490)
[17808:17624:0411/194450.178:ERROR:device_event_log_impl.cc(196)] [19:44:50.179] USB: usb_service_win.cc:705 Got duplicate add event for path: \\?\usb#vid_054c&pid_0ce6#6&28cf390b&0&7#{a5dcbf10-6530-11d2-901f-00c04fb951ed}
[17808:17624:0411/194450.178:ERROR:device_event_log_impl.cc(196)] [19:44:38.152] USB: usb_service_win.cc:105 SetupDiGetDeviceProperty({{A45C254E-DF1C-4EFD-8020-67D146A850E0}, 6}) failed: Element not found. (0x490)
[17808:17624:0411/194450.178:ERROR:device_event_log_impl.cc(196)] [19:44:50.179] USB: usb_service_win.cc:705 Got duplicate add event for path: \\?\usb#vid_054c&pid_0ce6#6&28cf390b&0&7#{a5dcbf10-6530-11d2-901f-00c04fb951ed}
[17808:17624:0411/194450.178:ERROR:device_event_log_impl.cc(196)] [19:44:39.297] USB: usb_service_win.cc:105 SetupDiGetDeviceProperty({{A45C254E-DF1C-4EFD-8020-67D146A850E0}, 6}) failed: Element not found. (0x490)
[17808:17624:0411/194450.178:ERROR:device_event_log_impl.cc(196)] [19:44:50.179] USB: usb_service_win.cc:705 Got duplicate add event for path: \\?\usb#vid_054c&pid_0ce6#6&28cf390b&0&7#{a5dcbf10-6530-11d2-901f-00c04fb951ed}
[17808:17624:0411/194450.178:ERROR:device_event_log_impl.cc(196)] [19:44:40.777] USB: usb_service_win.cc:105 SetupDiGetDeviceProperty({{A45C254E-DF1C-4EFD-8020-67D146A850E0}, 6}) failed: Element not found. (0x490)
[17808:17624:0411/194450.178:ERROR:device_event_log_impl.cc(196)] [19:44:50.179] USB: usb_service_win.cc:705 Got duplicate add event for path: \\?\usb#vid_054c&pid_0ce6#6&28cf390b&0&7#{a5dcbf10-6530-11d2-901f-00c04fb951ed}
[17808:17624:0411/194450.180:ERROR:device_event_log_impl.cc(196)] [19:44:41.819] USB: usb_service_win.cc:105 SetupDiGetDeviceProperty({{A45C254E-DF1C-4EFD-8020-67D146A850E0}, 6}) failed: Element not found. (0x490)
[17808:17624:0411/194450.180:ERROR:device_event_log_impl.cc(196)] [19:44:50.179] USB: usb_service_win.cc:705 Got duplicate add event for path: \\?\usb#vid_054c&pid_0ce6#6&28cf390b&0&7#{a5dcbf10-6530-11d2-901f-00c04fb951ed}
[17808:17624:0411/194450.180:ERROR:device_event_log_impl.cc(196)] [19:44:43.034] USB: usb_service_win.cc:105 SetupDiGetDeviceProperty({{A45C254E-DF1C-4EFD-8020-67D146A850E0}, 6}) failed: Element not found. (0x490)
[17808:17624:0411/194450.180:ERROR:device_event_log_impl.cc(196)] [19:44:50.180] USB: usb_service_win.cc:705 Got duplicate add event for path: \\?\usb#vid_054c&pid_0ce6#6&28cf390b&0&7#{a5dcbf10-6530-11d2-901f-00c04fb951ed}
[17808:17624:0411/194450.180:ERROR:device_event_log_impl.cc(196)] [19:44:44.917] USB: usb_service_win.cc:105 SetupDiGetDeviceProperty({{A45C254E-DF1C-4EFD-8020-67D146A850E0}, 6}) failed: Element not found. (0x490)
[17808:17624:0411/194450.180:ERROR:device_event_log_impl.cc(196)] [19:44:50.180] USB: usb_service_win.cc:705 Got duplicate add event for path: \\?\usb#vid_054c&pid_0ce6#6&28cf390b&0&7#{a5dcbf10-6530-11d2-901f-00c04fb951ed}
[17808:17624:0411/194450.180:ERROR:device_event_log_impl.cc(196)] [19:44:46.729] USB: usb_service_win.cc:105 SetupDiGetDeviceProperty({{A45C254E-DF1C-4EFD-8020-67D146A850E0}, 6}) failed: Element not found. (0x490)
[17808:17624:0411/194450.180:ERROR:device_event_log_impl.cc(196)] [19:44:50.180] USB: usb_service_win.cc:705 Got duplicate add event for path: \\?\usb#vid_054c&pid_0ce6#6&28cf390b&0&7#{a5dcbf10-6530-11d2-901f-00c04fb951ed}
[17808:17624:0411/194450.180:ERROR:device_event_log_impl.cc(196)] [19:44:48.340] USB: usb_service_win.cc:105 SetupDiGetDeviceProperty({{A45C254E-DF1C-4EFD-8020-67D146A850E0}, 6}) failed: Element not found. (0x490)
[17808:17624:0411/194450.180:ERROR:device_event_log_impl.cc(196)] [19:44:50.180] USB: usb_service_win.cc:705 Got duplicate add event for path: \\?\usb#vid_054c&pid_0ce6#6&28cf390b&0&7#{a5dcbf10-6530-11d2-901f-00c04fb951ed}
[17808:17624:0411/194450.180:ERROR:device_event_log_impl.cc(196)] [19:44:49.883] USB: usb_service_win.cc:105 SetupDiGetDeviceProperty({{A45C254E-DF1C-4EFD-8020-67D146A850E0}, 6}) failed: Element not found. (0x490)
[17808:17624:0411/194452.351:ERROR:device_event_log_impl.cc(196)] [19:44:52.319] USB: usb_service_win.cc:105 SetupDiGetDeviceProperty({{A45C254E-DF1C-4EFD-8020-67D146A850E0}, 6}) failed: Element not found. (0x490)
[17808:17624:0411/194452.825:ERROR:device_event_log_impl.cc(196)] [19:44:52.824] USB: usb_service_win.cc:105 SetupDiGetDeviceProperty({{A45C254E-DF1C-4EFD-8020-67D146A850E0}, 6}) failed: Element not found. (0x490)
[17808:17624:0411/194502.700:ERROR:device_event_log_impl.cc(196)] [19:44:54.395] USB: usb_service_win.cc:105 SetupDiGetDeviceProperty({{A45C254E-DF1C-4EFD-8020-67D146A850E0}, 6}) failed: Element not found. (0x490)
[17808:17624:0411/194502.700:ERROR:device_event_log_impl.cc(196)] [19:45:02.700] USB: usb_service_win.cc:705 Got duplicate add event for path: \\?\usb#vid_054c&pid_0ce6#6&28cf390b&0&7#{a5dcbf10-6530-11d2-901f-00c04fb951ed}
[17808:17624:0411/194502.700:ERROR:device_event_log_impl.cc(196)] [19:44:57.100] USB: usb_service_win.cc:105 SetupDiGetDeviceProperty({{A45C254E-DF1C-4EFD-8020-67D146A850E0}, 6}) failed: Element not found. (0x490)
[17808:17624:0411/194502.700:ERROR:device_event_log_impl.cc(196)] [19:45:02.700] USB: usb_service_win.cc:705 Got duplicate add event for path: \\?\usb#vid_054c&pid_0ce6#6&28cf390b&0&7#{a5dcbf10-6530-11d2-901f-00c04fb951ed}
[17808:17624:0411/194502.700:ERROR:device_event_log_impl.cc(196)] [19:44:58.654] USB: usb_service_win.cc:105 SetupDiGetDeviceProperty({{A45C254E-DF1C-4EFD-8020-67D146A850E0}, 6}) failed: Element not found. (0x490)
[17808:17624:0411/194502.700:ERROR:device_event_log_impl.cc(196)] [19:45:02.700] USB: usb_service_win.cc:705 Got duplicate add event for path: \\?\usb#vid_054c&pid_0ce6#6&28cf390b&0&7#{a5dcbf10-6530-11d2-901f-00c04fb951ed}
[17808:17624:0411/194502.700:ERROR:device_event_log_impl.cc(196)] [19:45:00.133] USB: usb_service_win.cc:105 SetupDiGetDeviceProperty({{A45C254E-DF1C-4EFD-8020-67D146A850E0}, 6}) failed: Element not found. (0x490)
[17808:17624:0411/194502.700:ERROR:device_event_log_impl.cc(196)] [19:45:02.700] USB: usb_service_win.cc:705 Got duplicate add event for path: \\?\usb#vid_054c&pid_0ce6#6&28cf390b&0&7#{a5dcbf10-6530-11d2-901f-00c04fb951ed}
[17808:17624:0411/194502.700:ERROR:device_event_log_impl.cc(196)] [19:45:01.246] USB: usb_service_win.cc:105 SetupDiGetDeviceProperty({{A45C254E-DF1C-4EFD-8020-67D146A850E0}, 6}) failed: Element not found. (0x490)
[17808:17624:0411/194502.700:ERROR:usb_descriptors.cc(166)] Device descriptor parsing error.
[17808:17624:0411/194502.700:ERROR:device_event_log_impl.cc(196)] [19:45:02.700] USB: usb_device_win.cc:95 Failed to read descriptors from \\?\usb#vid_054c&pid_0ce6#6&28cf390b&0&7#{a5dcbf10-6530-11d2-901f-00c04fb951ed}.
[17808:17624:0411/194503.114:ERROR:device_event_log_impl.cc(196)] [19:45:03.101] USB: usb_service_win.cc:105 SetupDiGetDeviceProperty({{A45C254E-DF1C-4EFD-8020-67D146A850E0}, 6}) failed: Element not found. (0x490)
[17808:17624:0411/194503.714:ERROR:device_event_log_impl.cc(196)] [19:45:03.690] USB: usb_service_win.cc:105 SetupDiGetDeviceProperty({{A45C254E-DF1C-4EFD-8020-67D146A850E0}, 6}) failed: Element not found. (0x490)
[17808:17624:0411/194505.558:ERROR:device_event_log_impl.cc(196)] [19:45:05.486] USB: usb_service_win.cc:105 SetupDiGetDeviceProperty({{A45C254E-DF1C-4EFD-8020-67D146A850E0}, 6}) failed: Element not found. (0x490)
[17808:17624:0411/194507.725:ERROR:device_event_log_impl.cc(196)] [19:45:07.492] USB: usb_service_win.cc:105 SetupDiGetDeviceProperty({{A45C254E-DF1C-4EFD-8020-67D146A850E0}, 6}) failed: Element not found. (0x490)
[17808:17624:0411/194507.748:ERROR:device_event_log_impl.cc(196)] [19:45:07.731] USB: usb_service_win.cc:105 SetupDiGetDeviceProperty({{A45C254E-DF1C-4EFD-8020-67D146A850E0}, 6}) failed: Element not found. (0x490)
[17808:17624:0411/194509.097:ERROR:device_event_log_impl.cc(196)] [19:45:09.073] USB: usb_service_win.cc:105 SetupDiGetDeviceProperty({{A45C254E-DF1C-4EFD-8020-67D146A850E0}, 6}) failed: Element not found. (0x490)
[17808:17624:0411/194509.112:ERROR:device_event_log_impl.cc(196)] [19:45:09.102] USB: usb_service_win.cc:105 SetupDiGetDeviceProperty({{A45C254E-DF1C-4EFD-8020-67D146A850E0}, 6}) failed: Element not found. (0x490)
[17808:17624:0411/194511.143:ERROR:device_event_log_impl.cc(196)] [19:45:11.110] USB: usb_service_win.cc:105 SetupDiGetDeviceProperty({{A45C254E-DF1C-4EFD-8020-67D146A850E0}, 6}) failed: Element not found. (0x490)
[17808:17624:0411/194511.264:ERROR:device_event_log_impl.cc(196)] [19:45:11.236] USB: usb_service_win.cc:105 SetupDiGetDeviceProperty({{A45C254E-DF1C-4EFD-8020-67D146A850E0}, 6}) failed: Element not found. (0x490)
[17808:17624:0411/194512.675:ERROR:device_event_log_impl.cc(196)] [19:45:12.672] USB: usb_service_win.cc:105 SetupDiGetDeviceProperty({{A45C254E-DF1C-4EFD-8020-67D146A850E0}, 6}) failed: Element not found. (0x490)
[17808:17624:0411/194512.702:ERROR:device_event_log_impl.cc(196)] [19:45:12.680] USB: usb_service_win.cc:105 SetupDiGetDeviceProperty({{A45C254E-DF1C-4EFD-8020-67D146A850E0}, 6}) failed: Element not found. (0x490)
[17808:17624:0411/194514.276:ERROR:device_event_log_impl.cc(196)] [19:45:14.260] USB: usb_service_win.cc:105 SetupDiGetDeviceProperty({{A45C254E-DF1C-4EFD-8020-67D146A850E0}, 6}) failed: Element not found. (0x490)
[17808:17624:0411/194514.585:ERROR:device_event_log_impl.cc(196)] [19:45:14.536] USB: usb_service_win.cc:105 SetupDiGetDeviceProperty({{A45C254E-DF1C-4EFD-8020-67D146A850E0}, 6}) failed: Element not found. (0x490)
[17808:17624:0411/194515.543:ERROR:device_event_log_impl.cc(196)] [19:45:15.525] USB: usb_service_win.cc:105 SetupDiGetDeviceProperty({{A45C254E-DF1C-4EFD-8020-67D146A850E0}, 6}) failed: Element not found. (0x490)
[17808:17624:0411/194516.901:ERROR:device_event_log_impl.cc(196)] [19:45:16.874] USB: usb_service_win.cc:105 SetupDiGetDeviceProperty({{A45C254E-DF1C-4EFD-8020-67D146A850E0}, 6}) failed: Element not found. (0x490)
[17808:17624:0411/194517.920:ERROR:device_event_log_impl.cc(196)] [19:45:17.905] USB: usb_service_win.cc:105 SetupDiGetDeviceProperty({{A45C254E-DF1C-4EFD-8020-67D146A850E0}, 6}) failed: Element not found. (0x490)
[17808:17624:0411/194518.179:ERROR:device_event_log_impl.cc(196)] [19:45:18.143] USB: usb_service_win.cc:105 SetupDiGetDeviceProperty({{A45C254E-DF1C-4EFD-8020-67D146A850E0}, 6}) failed: Element not found. (0x490)
[17808:17624:0411/194519.315:ERROR:device_event_log_impl.cc(196)] [19:45:19.313] USB: usb_service_win.cc:105 SetupDiGetDeviceProperty({{A45C254E-DF1C-4EFD-8020-67D146A850E0}, 6}) failed: Element not found. (0x490)
[17808:17624:0411/194520.396:ERROR:device_event_log_impl.cc(196)] [19:45:20.379] USB: usb_service_win.cc:105 SetupDiGetDeviceProperty({{A45C254E-DF1C-4EFD-8020-67D146A850E0}, 6}) failed: Element not found. (0x490)
[17808:17624:0411/194521.460:ERROR:device_event_log_impl.cc(196)] [19:45:21.375] USB: usb_service_win.cc:105 SetupDiGetDeviceProperty({{A45C254E-DF1C-4EFD-8020-67D146A850E0}, 6}) failed: Element not found. (0x490)
[17808:17624:0411/194521.630:ERROR:device_event_log_impl.cc(196)] [19:45:21.593] USB: usb_service_win.cc:105 SetupDiGetDeviceProperty({{A45C254E-DF1C-4EFD-8020-67D146A850E0}, 6}) failed: Element not found. (0x490)
[17808:17624:0411/194522.993:ERROR:device_event_log_impl.cc(196)] [19:45:22.985] USB: usb_service_win.cc:105 SetupDiGetDeviceProperty({{A45C254E-DF1C-4EFD-8020-67D146A850E0}, 6}) failed: Element not found. (0x490)
[17808:17624:0411/194523.366:ERROR:device_event_log_impl.cc(196)] [19:45:23.316] USB: usb_service_win.cc:105 SetupDiGetDeviceProperty({{A45C254E-DF1C-4EFD-8020-67D146A850E0}, 6}) failed: Element not found. (0x490)
[17808:17624:0411/194524.399:ERROR:device_event_log_impl.cc(196)] [19:45:24.388] USB: usb_service_win.cc:105 SetupDiGetDeviceProperty({{A45C254E-DF1C-4EFD-8020-67D146A850E0}, 6}) failed: Element not found. (0x490)
[17808:17624:0411/194525.150:ERROR:device_event_log_impl.cc(196)] [19:45:25.133] USB: usb_service_win.cc:105 SetupDiGetDeviceProperty({{A45C254E-DF1C-4EFD-8020-67D146A850E0}, 6}) failed: Element not found. (0x490)
[17808:17624:0411/194526.244:ERROR:device_event_log_impl.cc(196)] [19:45:26.216] USB: usb_service_win.cc:105 SetupDiGetDeviceProperty({{A45C254E-DF1C-4EFD-8020-67D146A850E0}, 6}) failed: Element not found. (0x490)
[17808:17624:0411/194528.314:ERROR:device_event_log_impl.cc(196)] [19:45:28.307] USB: usb_service_win.cc:105 SetupDiGetDeviceProperty({{A45C254E-DF1C-4EFD-8020-67D146A850E0}, 6}) failed: Element not found. (0x490)
[17808:17624:0411/194528.951:ERROR:device_event_log_impl.cc(196)] [19:45:28.937] USB: usb_service_win.cc:105 SetupDiGetDeviceProperty({{A45C254E-DF1C-4EFD-8020-67D146A850E0}, 6}) failed: Element not found. (0x490)
[17808:17624:0411/194529.817:ERROR:device_event_log_impl.cc(196)] [19:45:29.800] USB: usb_service_win.cc:105 SetupDiGetDeviceProperty({{A45C254E-DF1C-4EFD-8020-67D146A850E0}, 6}) failed: Element not found. (0x490)
[17808:17624:0411/194531.428:ERROR:device_event_log_impl.cc(196)] [19:45:31.425] USB: usb_service_win.cc:105 SetupDiGetDeviceProperty({{A45C254E-DF1C-4EFD-8020-67D146A850E0}, 6}) failed: Element not found. (0x490)
[17808:17624:0411/194531.482:ERROR:device_event_log_impl.cc(196)] [19:45:31.468] USB: usb_service_win.cc:105 SetupDiGetDeviceProperty({{A45C254E-DF1C-4EFD-8020-67D146A850E0}, 6}) failed: Element not found. (0x490)
[17808:17624:0411/194532.807:ERROR:device_event_log_impl.cc(196)] [19:45:32.736] USB: usb_service_win.cc:105 SetupDiGetDeviceProperty({{A45C254E-DF1C-4EFD-8020-67D146A850E0}, 6}) failed: Element not found. (0x490)
[17808:17624:0411/194533.980:ERROR:device_event_log_impl.cc(196)] [19:45:33.908] USB: usb_service_win.cc:105 SetupDiGetDeviceProperty({{A45C254E-DF1C-4EFD-8020-67D146A850E0}, 6}) failed: Element not found. (0x490)
[17808:17624:0411/194535.651:ERROR:device_event_log_impl.cc(196)] [19:45:35.589] USB: usb_service_win.cc:105 SetupDiGetDeviceProperty({{A45C254E-DF1C-4EFD-8020-67D146A850E0}, 6}) failed: Element not found. (0x490)
[17808:17624:0411/194535.844:ERROR:device_event_log_impl.cc(196)] [19:45:35.821] USB: usb_service_win.cc:105 SetupDiGetDeviceProperty({{A45C254E-DF1C-4EFD-8020-67D146A850E0}, 6}) failed: Element not found. (0x490)
[17808:17624:0411/194536.898:ERROR:device_event_log_impl.cc(196)] [19:45:36.851] USB: usb_service_win.cc:105 SetupDiGetDeviceProperty({{A45C254E-DF1C-4EFD-8020-67D146A850E0}, 6}) failed: Element not found. (0x490)
[17808:17624:0411/194537.970:ERROR:device_event_log_impl.cc(196)] [19:45:37.934] USB: usb_service_win.cc:105 SetupDiGetDeviceProperty({{A45C254E-DF1C-4EFD-8020-67D146A850E0}, 6}) failed: Element not found. (0x490)
[17808:17624:0411/194538.133:ERROR:device_event_log_impl.cc(196)] [19:45:38.132] USB: usb_service_win.cc:105 SetupDiGetDeviceProperty({{A45C254E-DF1C-4EFD-8020-67D146A850E0}, 6}) failed: Element not found. (0x490)
[17808:17624:0411/194539.593:ERROR:device_event_log_impl.cc(196)] [19:45:39.591] USB: usb_service_win.cc:105 SetupDiGetDeviceProperty({{A45C254E-DF1C-4EFD-8020-67D146A850E0}, 6}) failed: Element not found. (0x490)
[17808:17624:0411/194539.727:ERROR:device_event_log_impl.cc(196)] [19:45:39.713] USB: usb_service_win.cc:105 SetupDiGetDeviceProperty({{A45C254E-DF1C-4EFD-8020-67D146A850E0}, 6}) failed: Element not found. (0x490)
[17808:17624:0411/194540.827:ERROR:device_event_log_impl.cc(196)] [19:45:40.806] USB: usb_service_win.cc:105 SetupDiGetDeviceProperty({{A45C254E-DF1C-4EFD-8020-67D146A850E0}, 6}) failed: Element not found. (0x490)
[17808:17624:0411/194542.719:ERROR:device_event_log_impl.cc(196)] [19:45:42.663] USB: usb_service_win.cc:105 SetupDiGetDeviceProperty({{A45C254E-DF1C-4EFD-8020-67D146A850E0}, 6}) failed: Element not found. (0x490)
[17808:17624:0411/194547.494:ERROR:device_event_log_impl.cc(196)] [19:45:43.402] USB: usb_service_win.cc:105 SetupDiGetDeviceProperty({{A45C254E-DF1C-4EFD-8020-67D146A850E0}, 6}) failed: Element not found. (0x490)
[17808:17624:0411/194547.616:ERROR:device_event_log_impl.cc(196)] [19:45:47.495] USB: usb_service_win.cc:105 SetupDiGetDeviceProperty({{A45C254E-DF1C-4EFD-8020-67D146A850E0}, 6}) failed: Element not found. (0x490)
[17808:17624:0411/194547.616:ERROR:device_event_log_impl.cc(196)] [19:45:47.591] USB: usb_service_win.cc:105 SetupDiGetDeviceProperty({{A45C254E-DF1C-4EFD-8020-67D146A850E0}, 6}) failed: Element not found. (0x490)
[17808:17624:0411/194547.667:ERROR:device_event_log_impl.cc(196)] [19:45:47.621] USB: usb_service_win.cc:105 SetupDiGetDeviceProperty({{A45C254E-DF1C-4EFD-8020-67D146A850E0}, 6}) failed: Element not found. (0x490)
[17808:17624:0411/194547.998:ERROR:device_event_log_impl.cc(196)] [19:45:47.716] USB: usb_service_win.cc:105 SetupDiGetDeviceProperty({{A45C254E-DF1C-4EFD-8020-67D146A850E0}, 6}) failed: Element not found. (0x490)
[17808:17624:0411/194548.599:ERROR:device_event_log_impl.cc(196)] [19:45:48.550] USB: usb_service_win.cc:105 SetupDiGetDeviceProperty({{A45C254E-DF1C-4EFD-8020-67D146A850E0}, 6}) failed: Element not found. (0x490)
[17808:17624:0411/194548.811:ERROR:device_event_log_impl.cc(196)] [19:45:48.789] USB: usb_service_win.cc:105 SetupDiGetDeviceProperty({{A45C254E-DF1C-4EFD-8020-67D146A850E0}, 6}) failed: Element not found. (0x490)
[17808:17624:0411/194550.086:ERROR:device_event_log_impl.cc(196)] [19:45:50.047] USB: usb_service_win.cc:105 SetupDiGetDeviceProperty({{A45C254E-DF1C-4EFD-8020-67D146A850E0}, 6}) failed: Element not found. (0x490)
[17808:17624:0411/194550.294:ERROR:device_event_log_impl.cc(196)] [19:45:50.274] USB: usb_service_win.cc:105 SetupDiGetDeviceProperty({{A45C254E-DF1C-4EFD-8020-67D146A850E0}, 6}) failed: Element not found. (0x490)
[17808:17624:0411/194551.324:ERROR:device_event_log_impl.cc(196)] [19:45:51.304] USB: usb_service_win.cc:105 SetupDiGetDeviceProperty({{A45C254E-DF1C-4EFD-8020-67D146A850E0}, 6}) failed: Element not found. (0x490)
[17808:17624:0411/194551.486:ERROR:device_event_log_impl.cc(196)] [19:45:51.464] USB: usb_service_win.cc:105 SetupDiGetDeviceProperty({{A45C254E-DF1C-4EFD-8020-67D146A850E0}, 6}) failed: Element not found. (0x490)
[17808:17624:0411/194552.592:ERROR:device_event_log_impl.cc(196)] [19:45:52.563] USB: usb_service_win.cc:105 SetupDiGetDeviceProperty({{A45C254E-DF1C-4EFD-8020-67D146A850E0}, 6}) failed: Element not found. (0x490)
[17808:17624:0411/194553.699:ERROR:device_event_log_impl.cc(196)] [19:45:53.684] USB: usb_service_win.cc:105 SetupDiGetDeviceProperty({{A45C254E-DF1C-4EFD-8020-67D146A850E0}, 6}) failed: Element not found. (0x490)
[17808:17624:0411/194554.766:ERROR:device_event_log_impl.cc(196)] [19:45:54.761] USB: usb_service_win.cc:105 SetupDiGetDeviceProperty({{A45C254E-DF1C-4EFD-8020-67D146A850E0}, 6}) failed: Element not found. (0x490)
[17808:17624:0411/194555.903:ERROR:device_event_log_impl.cc(196)] [19:45:55.887] USB: usb_service_win.cc:105 SetupDiGetDeviceProperty({{A45C254E-DF1C-4EFD-8020-67D146A850E0}, 6}) failed: Element not found. (0x490)
[17808:17624:0411/194556.088:ERROR:device_event_log_impl.cc(196)] [19:45:56.070] USB: usb_service_win.cc:105 SetupDiGetDeviceProperty({{A45C254E-DF1C-4EFD-8020-67D146A850E0}, 6}) failed: Element not found. (0x490)
[17808:17624:0411/194557.077:ERROR:device_event_log_impl.cc(196)] [19:45:57.073] USB: usb_service_win.cc:105 SetupDiGetDeviceProperty({{A45C254E-DF1C-4EFD-8020-67D146A850E0}, 6}) failed: Element not found. (0x490)
[17808:17624:0411/194558.590:ERROR:device_event_log_impl.cc(196)] [19:45:58.571] USB: usb_service_win.cc:105 SetupDiGetDeviceProperty({{A45C254E-DF1C-4EFD-8020-67D146A850E0}, 6}) failed: Element not found. (0x490)
[17808:17624:0411/194602.041:ERROR:device_event_log_impl.cc(196)] [19:46:02.041] USB: usb_service_win.cc:105 SetupDiGetDeviceProperty({{A45C254E-DF1C-4EFD-8020-67D146A850E0}, 6}) failed: Element not found. (0x490)
[17808:17624:0411/194604.794:ERROR:device_event_log_impl.cc(196)] [19:46:04.774] USB: usb_service_win.cc:105 SetupDiGetDeviceProperty({{A45C254E-DF1C-4EFD-8020-67D146A850E0}, 6}) failed: Element not found. (0x490)
[17808:17624:0411/194606.546:ERROR:device_event_log_impl.cc(196)] [19:46:06.524] USB: usb_service_win.cc:105 SetupDiGetDeviceProperty({{A45C254E-DF1C-4EFD-8020-67D146A850E0}, 6}) failed: Element not found. (0x490)
[17808:17624:0411/194608.342:ERROR:device_event_log_impl.cc(196)] [19:46:08.321] USB: usb_service_win.cc:105 SetupDiGetDeviceProperty({{A45C254E-DF1C-4EFD-8020-67D146A850E0}, 6}) failed: Element not found. (0x490)
[17808:17624:0411/194608.528:ERROR:device_event_log_impl.cc(196)] [19:46:08.506] USB: usb_service_win.cc:105 SetupDiGetDeviceProperty({{A45C254E-DF1C-4EFD-8020-67D146A850E0}, 6}) failed: Element not found. (0x490)
[17808:17624:0411/194610.338:ERROR:device_event_log_impl.cc(196)] [19:46:10.338] USB: usb_service_win.cc:105 SetupDiGetDeviceProperty({{A45C254E-DF1C-4EFD-8020-67D146A850E0}, 6}) failed: Element not found. (0x490)
[17808:17624:0411/194610.510:ERROR:device_event_log_impl.cc(196)] [19:46:10.506] USB: usb_service_win.cc:105 SetupDiGetDeviceProperty({{A45C254E-DF1C-4EFD-8020-67D146A850E0}, 6}) failed: Element not found. (0x490)
[17808:17624:0411/194612.898:ERROR:device_event_log_impl.cc(196)] [19:46:12.877] USB: usb_service_win.cc:105 SetupDiGetDeviceProperty({{A45C254E-DF1C-4EFD-8020-67D146A850E0}, 6}) failed: Element not found. (0x490)
[17808:17624:0411/194613.091:ERROR:device_event_log_impl.cc(196)] [19:46:13.083] USB: usb_service_win.cc:105 SetupDiGetDeviceProperty({{A45C254E-DF1C-4EFD-8020-67D146A850E0}, 6}) failed: Element not found. (0x490)
[17808:17624:0411/194614.182:ERROR:device_event_log_impl.cc(196)] [19:46:14.159] USB: usb_service_win.cc:105 SetupDiGetDeviceProperty({{A45C254E-DF1C-4EFD-8020-67D146A850E0}, 6}) failed: Element not found. (0x490)
[17808:17624:0411/194615.856:ERROR:device_event_log_impl.cc(196)] [19:46:15.836] USB: usb_service_win.cc:105 SetupDiGetDeviceProperty({{A45C254E-DF1C-4EFD-8020-67D146A850E0}, 6}) failed: Element not found. (0x490)
[17808:17624:0411/194618.299:ERROR:device_event_log_impl.cc(196)] [19:46:18.300] USB: usb_service_win.cc:105 SetupDiGetDeviceProperty({{A45C254E-DF1C-4EFD-8020-67D146A850E0}, 6}) failed: Element not found. (0x490)
[17808:17624:0411/194621.237:ERROR:device_event_log_impl.cc(196)] [19:46:21.219] USB: usb_service_win.cc:105 SetupDiGetDeviceProperty({{A45C254E-DF1C-4EFD-8020-67D146A850E0}, 6}) failed: Element not found. (0x490)
[17808:17624:0411/194623.769:ERROR:device_event_log_impl.cc(196)] [19:46:23.744] USB: usb_service_win.cc:105 SetupDiGetDeviceProperty({{A45C254E-DF1C-4EFD-8020-67D146A850E0}, 6}) failed: Element not found. (0x490)
[17808:17624:0411/194623.953:ERROR:device_event_log_impl.cc(196)] [19:46:23.931] USB: usb_service_win.cc:105 SetupDiGetDeviceProperty({{A45C254E-DF1C-4EFD-8020-67D146A850E0}, 6}) failed: Element not found. (0x490)
[17808:17624:0411/194628.358:ERROR:device_event_log_impl.cc(196)] [19:46:28.321] USB: usb_service_win.cc:105 SetupDiGetDeviceProperty({{A45C254E-DF1C-4EFD-8020-67D146A850E0}, 6}) failed: Element not found. (0x490)
[17808:17624:0411/194628.508:ERROR:device_event_log_impl.cc(196)] [19:46:28.490] USB: usb_service_win.cc:105 SetupDiGetDeviceProperty({{A45C254E-DF1C-4EFD-8020-67D146A850E0}, 6}) failed: Element not found. (0x490)
[17808:17624:0411/194642.780:ERROR:device_event_log_impl.cc(196)] [19:46:42.736] USB: usb_service_win.cc:105 SetupDiGetDeviceProperty({{A45C254E-DF1C-4EFD-8020-67D146A850E0}, 6}) failed: Element not found. (0x490)
[17808:17624:0411/194642.877:ERROR:device_event_log_impl.cc(196)] [19:46:42.873] USB: usb_service_win.cc:105 SetupDiGetDeviceProperty({{A45C254E-DF1C-4EFD-8020-67D146A850E0}, 6}) failed: Element not found. (0x490)
[17808:17624:0411/194648.724:ERROR:device_event_log_impl.cc(196)] [19:46:48.685] USB: usb_service_win.cc:105 SetupDiGetDeviceProperty({{A45C254E-DF1C-4EFD-8020-67D146A850E0}, 6}) failed: Element not found. (0x490)
[17808:17624:0411/194653.454:ERROR:device_event_log_impl.cc(196)] [19:46:53.454] USB: usb_service_win.cc:105 SetupDiGetDeviceProperty({{A45C254E-DF1C-4EFD-8020-67D146A850E0}, 6}) failed: Element not found. (0x490)
[17808:17624:0411/194702.501:ERROR:device_event_log_impl.cc(196)] [19:47:02.442] USB: usb_service_win.cc:105 SetupDiGetDeviceProperty({{A45C254E-DF1C-4EFD-8020-67D146A850E0}, 6}) failed: Element not found. (0x490)
[17808:17624:0411/194702.620:ERROR:device_event_log_impl.cc(196)] [19:47:02.593] USB: usb_service_win.cc:105 SetupDiGetDeviceProperty({{A45C254E-DF1C-4EFD-8020-67D146A850E0}, 6}) failed: Element not found. (0x490)
[17808:17624:0411/194709.056:ERROR:device_event_log_impl.cc(196)] [19:47:09.009] USB: usb_service_win.cc:105 SetupDiGetDeviceProperty({{A45C254E-DF1C-4EFD-8020-67D146A850E0}, 6}) failed: Element not found. (0x490)
[17808:17624:0411/194709.194:ERROR:device_event_log_impl.cc(196)] [19:47:09.191] USB: usb_service_win.cc:105 SetupDiGetDeviceProperty({{A45C254E-DF1C-4EFD-8020-67D146A850E0}, 6}) failed: Element not found. (0x490)
[17808:17624:0411/194722.195:ERROR:device_event_log_impl.cc(196)] [19:47:22.152] USB: usb_service_win.cc:105 SetupDiGetDeviceProperty({{A45C254E-DF1C-4EFD-8020-67D146A850E0}, 6}) failed: Element not found. (0x490)
[17808:17624:0411/194733.865:ERROR:device_event_log_impl.cc(196)] [19:47:33.768] USB: usb_service_win.cc:105 SetupDiGetDeviceProperty({{A45C254E-DF1C-4EFD-8020-67D146A850E0}, 6}) failed: Element not found. (0x490)
[17808:17624:0411/194751.998:ERROR:device_event_log_impl.cc(196)] [19:47:50.750] USB: usb_service_win.cc:105 SetupDiGetDeviceProperty({{A45C254E-DF1C-4EFD-8020-67D146A850E0}, 6}) failed: Element not found. (0x490)
[17808:17624:0411/194756.168:ERROR:device_event_log_impl.cc(196)] [19:47:56.153] USB: usb_service_win.cc:105 SetupDiGetDeviceProperty({{A45C254E-DF1C-4EFD-8020-67D146A850E0}, 6}) failed: Element not found. (0x490)
[17808:17624:0411/194802.174:ERROR:device_event_log_impl.cc(196)] [19:48:00.701] USB: usb_service_win.cc:105 SetupDiGetDeviceProperty({{A45C254E-DF1C-4EFD-8020-67D146A850E0}, 6}) failed: Element not found. (0x490)
[17808:17624:0411/194802.513:WARNING:pref_notifier_impl.cc(41)] Pref observer for media_router.cast_allow_all_ips found at shutdown.
